This is pdfTeX, Version 3.1415926-1.40.10 (Web2C 2009) (format=pdftex 2010.1.2)  10 NOV 2018 16:25
entering extended mode
**data.tex
(./data.tex (./th_enc.tex) (./th_texts.tex) (./th_resources.tex
(c:/Program Files (x86)/Therion/texmf/tex/glyphtounicode.tex))
(./th_fontdef.tex{c:/Program Files (x86)/Therion/texmf/fonts/pdftex.map})
(./th_formdef.tex) (./th_pagedef.tex (./th_legend.tex) (./th_legendcolor.tex))
(./th_pages.tex)
 170 numeric registers used out of 32768
 [1] ) 
Here is how much of TeX's memory you used:
 373 strings out of 95617
 3773 string characters out of 1171098
 592533 words of memory out of 2009511
 1780 multiletter control sequences out of 15000+50000
 20080 words of font info for 63 fonts, out of 1000000 for 2000
 849 hyphenation exceptions out of 1000
 10i,5n,6p,493b,58s stack positions out of 5000i,500n,10000p,200000b,50000s
<c:/Program Files (x86)/Therion/texmf/fonts/type1/cmss10.pfb><c:/Program 
Files (x86)/Therion/texmf/fonts/type1/cmssi10.pfb>
Output written on data.pdf (1 page, 958248 bytes).
PDF statistics:
 303 PDF objects out of 1000 (max. 8388607)
 0 named destinations out of 1000 (max. 500000)
 881 words of extra memory for PDF output out of 10000 (max. 10000000)

