545 - 547
Original length  49.59m (  1 shots), moved   0.09m ( 0.09m/shot). Error   0.18%
0.143993
H: 0.160291 V: 0.125225

537 - 545
Original length   8.06m (  1 shots), moved   0.03m ( 0.03m/shot). Error   0.36%
0.238619
H: 0.296463 V: 0.089673

681 - 682
Original length  62.70m (  1 shots), moved   0.00m ( 0.00m/shot). Error   0.00%
0.000000
H: 0.000000 V: 0.000000

132 - 127 - 121 - 116 - 111 - 106 - 95 - 90 - 85 - 80 - 75 - 69 - 59 - 52 - 44 - 34 - 21 - 14 - 8 - 1
Original length 163.41m ( 19 shots), moved   0.00m ( 0.00m/shot). Error   0.00%
0.000000
H: 0.000000 V: 0.000000

188 - 422 - 415 - 409 - 404 - 399 - 394 - 
Original length  30.98m (  7 shots), moved   0.12m ( 0.02m/shot). Error   0.40%
0.475397
H: 0.272363 V: 0.720765

188 - 182 - 177 - 172 - 166 - 158 - 152 - 144 - 139 - 132
Original length  85.01m (  9 shots), moved   0.34m ( 0.04m/shot). Error   0.40%
0.803014
H: 0.205605 V: 1.218612

280 - 281 - 280
Original length   8.23m (  2 shots), moved   0.02m ( 0.01m/shot). Error   0.26%
0.174196
H: 0.196978 V: 0.108685

280 - 279 - 1
Original length  11.58m (  2 shots), moved   0.00m ( 0.00m/shot). Error   0.00%
0.000000
H: 0.000000 V: 0.000000

537 - 536 - 535 - 534 - 533 - 532 - 531 - 530 - 529 - 528 - 527 - 526 - 525 - 524 - 523 - 522 - 521 - 520 - 519 - 518 - 517 - 516 - 515 - 514 - 513 = 512 - 511 - 510 - 509 - 508 - 507 - 506 - 505 - 504 - 503 - 502 - 501 - 500 - 499 - 498 - 497 - 496 - 495 - 494 - 493 - 492 - 491 - 490 - 489 - 488 - 487 - 486 - 485 - 484 - 483 - 482 - 481 - 480 - 479 - 478 - 477 - 476 - 475 - 474 - 473 - 472 - 471 - 470 - 469 - 468 - 467 - 466 - 465 - 464 - 463 - 462 - 461 - 460 - 459 - 458 - 457 - 456 - 455 - 454 - 453 - 452 - 451 - 450 - 449 - 448 - 442 - 441 - 440 - 439 - 438 - 437 - 436 - 435 - 434 - 433 - 432 - 431 = 267 - 262 - 255 - 249 - 244 - 239 - 233 - 228 - 224 - 217 - 211 - 206 - 201 - 194 - 188
Original length 1807.40m (114 shots), moved   0.00m ( 0.00m/shot). Error   0.00%
0.000000
H: 0.000000 V: 0.000000

543 - 542 - 541 - 540 - 539 - 538 - 537
Original length 109.39m (  6 shots), moved   0.47m ( 0.08m/shot). Error   0.43%
0.806954
H: 1.085792 V: 0.196154

547 - 548 - 543
Original length  39.10m (  2 shots), moved   0.09m ( 0.04m/shot). Error   0.22%
0.238932
H: 0.236098 V: 0.242044

547 - 546 - 545
Original length  59.67m (  2 shots), moved   0.50m ( 0.25m/shot). Error   0.83%
0.895113
H: 1.206449 V: 0.342623

681 - 680 - 679 - 678 - 677 - 676 - 675 - 674 - 673 - 672 - 671 - 670 - 669 - 668 - 667 - 666 - 665 - 664 - 663 - 662 - 661 - 660 - 659 - 658 - 657 - 656 - 655 - 654 - 653 - 652 - 651 - 650 - 649 - 648 - 647 - 646 - 645 - 644 - 643 - 642 - 641 - 640 - 639 - 638 - 637 - 636 - 635 - 634 - 633 - 632 - 631 - 630 - 629 - 628 - 627 - 626 - 625 - 624 - 623 - 622 - 621 - 620 - 619 - 618 - 617 - 616 - 615 - 614 - 613 - 612 - 611 - 610 - 609 - 608 - 607 - 606 - 605 - 604 - 603 - 602 - 601 - 600 - 599 - 598 - 597 - 596 - 595 - 594 - 593 - 592 - 591 - 590 - 589 - 588 - 587 = 564 - 563 - 562 - 561 - 560 - 559 - 558 - 557 - 556 - 555 - 553 - 550 - 549 - 544 - 543
Original length 1208.92m (108 shots), moved   0.00m ( 0.00m/shot). Error   0.00%
0.000000
H: 0.000000 V: 0.000000

682 - 683 - 682
Original length  40.88m (  2 shots), moved   0.00m ( 0.00m/shot). Error   0.00%
0.000000
H: 0.000000 V: 0.000000

682 - 
Original length  62.70m (  1 shots), moved   0.00m ( 0.00m/shot). Error   0.00%
0.000000
H: 0.000000 V: 0.000000

