therion 5.4.1 (2017-04-18)
initialization file: C:\Program Files (x86)\Therion/therion.ini
reading ... done
configuration file: thconfig
reading ... done
reading source files ... done
preprocessing database ... done
scanning centreline tree ... done
searching for centerline loops ... done
calculating station coordinates ... done
average loop error: 0.38%
processing survey data ... 
####################### cavern log file ########################
 1> Survex 1.2.38
 2> Copyright ¸ 1990-2018 Olly Betts
 3> Survey has no fixed points. Therefore I've fixed 1 at (0,0,0)
 4> 
 5> Survey contains 430 survey stations, joined by 431 legs.
 6> There are 3 loops.
 7> Survey has 2 connected components.
 8> Total length of survey legs = 2013.65m (2013.65m adjusted)
 9> Total plan length of survey legs = 1809.52m
10> Total vertical length of survey legs =  477.37m
11> Vertical range = 15.60m (from 381 at 8.99m to 20 at -6.61m)
12> North-South range = 138.74m (from 283 at 7.90m to 265 at -130.84m)
13> East-West range = 172.51m (from 277 at 115.54m to 387 at -56.97m)
14>  365 1-nodes.
15>    1 4-node.
16>    2 5-nodes.
17>   22 6-nodes.
18>   12 7-nodes.
19>   12 8-nodes.
20>    5 9-nodes.
21>    2 10-nodes.
22>    4 11-nodes.
23>    4 12-nodes.
24>    1 14-node.
25> 
######################### transcription ########################
 3> 1 : 1.0@mountaineye1
 5> 430 : -@mountaineye1
 6> 3 : -@mountaineye1
 7> 2 : -@mountaineye1
11> 381 : -@mountaineye1 -- 20 : -@mountaineye1
12> 283 : -@mountaineye1 -- 265 : -@mountaineye1
13> 277 : -@mountaineye1 -- 387 : -@mountaineye1
14> 365 : -@mountaineye1
15> 1 : 1.0@mountaineye1
16> 2 : -@mountaineye1
17> 22 : -@mountaineye1
18> 12 : -@mountaineye1
19> 12 : -@mountaineye1
20> 5 : -@mountaineye1
21> 2 : -@mountaineye1
22> 4 : -@mountaineye1
23> 4 : -@mountaineye1
24> 1 : 1.0@mountaineye1
#################### end of cavern log file ####################
done
calculating basic statistics ... done
processing extended elevation ... done
processing references ... 
C:\Program Files (x86)\Therion\therion.exe: error -- mountaineye1.th2 [2521] -- not a none scrap projection -- me103
writing xtherion file ... 
C:\Program Files (x86)\Therion\therion.exe: warning -- can't open xtherion file for output -- thconfig.xth
