therion 5.4.1 (2017-04-18)
initialization file: C:\Program Files (x86)\Therion/therion.ini
reading ... done
configuration file: thconfig
reading ... done
reading source files ... done
preprocessing database ... done
scanning centreline tree ... done
searching for centerline loops ... done
calculating station coordinates ... done
processing survey data ... 
####################### cavern log file ########################
 1> Survex 1.2.38
 2> Copyright ¸ 1990-2018 Olly Betts
 3> Survey has no fixed points. Therefore I've fixed 1 at (0,0,0)
 4> 
 5> Survey contains 259 survey stations, joined by 258 legs.
 6> There are 0 loops.
 7> Total length of survey legs =  939.16m ( 939.16m adjusted)
 8> Total plan length of survey legs =  849.59m
 9> Total vertical length of survey legs =  212.48m
10> Vertical range = 11.92m (from 90 at 1.96m to 241 at -9.95m)
11> North-South range = 81.93m (from 258 at 81.93m to 2 at 0.00m)
12> East-West range = 76.91m (from 217 at 52.14m to 78 at -24.77m)
13>  238 1-nodes.
14>    1 2-node.
15>    1 7-node.
16>    3 9-nodes.
17>    1 10-node.
18>    2 11-nodes.
19>    1 12-node.
20>    3 13-nodes.
21>    2 14-nodes.
22>    1 15-node.
23>    1 16-node.
24>    1 17-node.
25>    1 18-node.
26>    1 19-node.
27>    1 21-node.
28>    1 25-node.
29> 
######################### transcription ########################
 3> 1 : 1.0@cba
 5> 259 : -@cba -- 258 : -@cba
10> 90 : -@cba -- 241 : -@cba
11> 258 : -@cba -- 2 : 297.0@cba
12> 217 : -@cba -- 78 : -@cba
13> 238 : -@cba
14> 1 : 1.0@cba
15> 1 : 1.0@cba
16> 3 : 297.1@cba
17> 1 : 1.0@cba
18> 2 : 297.0@cba
19> 1 : 1.0@cba
20> 3 : 297.1@cba
21> 2 : 297.0@cba
22> 1 : 1.0@cba
23> 1 : 1.0@cba
24> 1 : 1.0@cba
25> 1 : 1.0@cba
26> 1 : 1.0@cba
27> 1 : 1.0@cba
28> 1 : 1.0@cba
#################### end of cavern log file ####################
done
calculating basic statistics ... done
processing extended elevation ... done
processing references ... done
selecting export objects ... done
processing projection plan ... done
average distortion: 0.02%
writing cba.pdf ...
####################### metapost log file ########################
This is MetaPost, version 1.209 (kpathsea version 5.1.0) (mem=mpost 2010.01.31)  23 APR 2019 00:20
**data.mp
(./data.mp [4001] [4002] [4003] [4004] [4005] [4006] [4007] [4008] [4009] [4010
] [4011] [4012] [4013]
[1] [2] [3] [4] (./mptextmp.mp) [5] )
 
Here is how much of MetaPost's memory you used:
 1061 strings out of 1162
 13209 string characters out of 20720
 61416 words of memory out of 1500000
 1385 symbolic tokens out of 16384
 8i,75n,11p,197b,4f stack positions out of 300i,84n,5000p,200b,15f
 32 string compactions (moved 327891 characters, 26302 strings)
18 output files written: data.1 .. data.4013

#################### end of metapost log file ####################
converting scraps ... done
making map ... done
######################## pdftex log file #########################
This is pdfTeX, Version 3.1415926-1.40.10 (Web2C 2009) (format=pdftex 2010.1.2)  23 APR 2019 00:20
entering extended mode
**data.tex
(./data.tex (./th_enc.tex) (./th_texts.tex) (./th_resources.tex
(c:/Program Files (x86)/Therion/texmf/tex/glyphtounicode.tex))
(./th_fontdef.tex{c:/Program Files (x86)/Therion/texmf/fonts/pdftex.map})
(./th_formdef.tex) (./th_pagedef.tex) (./th_pages.tex)
 53 numeric registers used out of 32768
 [1] ) 
Here is how much of TeX's memory you used:
 250 strings out of 95617
 2539 string characters out of 1171098
 32833 words of memory out of 1518811
 1663 multiletter control sequences out of 15000+50000
 20080 words of font info for 63 fonts, out of 1000000 for 2000
 849 hyphenation exceptions out of 1000
 9i,5n,8p,238b,58s stack positions out of 5000i,500n,10000p,200000b,50000s
<c:/Program Files (x86)/Therion/texmf/fonts/type1/cmss10.pfb><c:/Program 
Files (x86)/Therion/texmf/fonts/type1/cmssi10.pfb>
Output written on data.pdf (1 page, 32396 bytes).
PDF statistics:
 40 PDF objects out of 1000 (max. 8388607)
 0 named destinations out of 1000 (max. 500000)
 79 words of extra memory for PDF output out of 10000 (max. 10000000)


##################### end of pdftex log file #####################
done
writing cbath.3d ... done
writing xtherion file ... done
compilation time: 1 sec


###################### scrap distortions #######################
 PROJECTION: plan
 AVERAGE  MAXIMAL  SCRAP
   0.02%    0.24%  cbaSP1@cba
################### end of scrap distortions ###################
