therion 5.4.3 (2019-02-01)
initialization file: C:\Program Files (x86)\Therion/therion.ini
reading ... done
configuration file: thconfig
reading ... done
reading source files ... done
preprocessing database ... done
scanning centreline tree ... done
searching for centerline loops ... done
calculating station coordinates ... done
processing survey data ... 
####################### cavern log file ########################
 1> Survex 1.2.30
 2> Copyright ¸ 1990-2016 Olly Betts
 3> Survey has no control points. Therefore I've fixed 1 at (0,0,0)
 4> 
 5> Survey contains 68 survey stations, joined by 67 shots.
 6> There are 0 loops.
 7> Total length of survey shots =  134.49m ( 134.49m adjusted)
 8> Total plan length of survey shots =  119.32m
 9> Total vertical length of survey shots =   39.21m
10> Vertical range = 8.58m (from 1 at 0.00m to 60 at -8.58m)
11> North-South range = 21.57m (from 1 at 0.00m to 66 at -21.57m)
12> East-West range = 29.50m (from 18 at 11.16m to 66 at -18.34m)
13>   57 1-nodes.
14>    2 2-nodes.
15>    1 6-node.
16>    3 7-nodes.
17>    2 8-nodes.
18>    2 9-nodes.
19>    1 12-node.
20> 
######################### transcription ########################
 3> 1 : 0@LD1
 5> 68 : .@LD1 -- 67 : .@LD1
10> 1 : 0@LD1 -- 60 : .@LD1
11> 1 : 0@LD1 -- 66 : .@LD1
12> 18 : .@LD1 -- 66 : .@LD1
13> 57 : 11@LD1
14> 2 : 1@LD1
15> 1 : 0@LD1
16> 3 : 2@LD1
17> 2 : 1@LD1
18> 2 : 1@LD1
19> 1 : 0@LD1
#################### end of cavern log file ####################
done
calculating basic statistics ... done
processing extended elevation ... done
processing references ... done
selecting export objects ... done
processing projection plan ... done
average distortion: 0.04%
writing LD1.pdf ...
####################### metapost log file ########################
This is MetaPost, version 1.209 (kpathsea version 5.1.0) (mem=mpost 2010.01.31)  23 APR 2019 04:39
**data.mp
(./data.mp
{randomseed:=42}
 [4001] [4002] [4003] [4004] [4005] [4006] [4007] [4008] [4009] [4010] [4011] [
4012] [4013]
[1]
[Warning: scrap outline intersects itself in scrap LD1-LDI_Planp@LD1] [2] [3]
[4] (./mptextmp.mp) [5] )
 
Here is how much of MetaPost's memory you used:
 1062 strings out of 1162
 13479 string characters out of 20720
 62521 words of memory out of 1500000
 1396 symbolic tokens out of 16384
 8i,75n,11p,197b,4f stack positions out of 300i,84n,5000p,200b,15f
 64 string compactions (moved 762568 characters, 59656 strings)
18 output files written: data.1 .. data.4013

#################### end of metapost log file ####################
converting scraps ... done
making map ... done
######################## pdftex log file #########################
This is pdfTeX, Version 3.1415926-1.40.10 (Web2C 2009) (format=pdftex 2010.1.2)  23 APR 2019 04:39
entering extended mode
**data.tex
(./data.tex (./th_enc.tex) (./th_texts.tex) (./th_resources.tex
(c:/Program Files (x86)/Therion/texmf/tex/glyphtounicode.tex))
(./th_fontdef.tex{c:/Program Files (x86)/Therion/texmf/fonts/pdftex.map})
(./th_formdef.tex) (./th_pagedef.tex) (./th_pages.tex)
 53 numeric registers used out of 32768
 [1] ) 
Here is how much of TeX's memory you used:
 250 strings out of 95617
 2539 string characters out of 1171098
 31557 words of memory out of 1517535
 1663 multiletter control sequences out of 15000+50000
 20080 words of font info for 63 fonts, out of 1000000 for 2000
 849 hyphenation exceptions out of 1000
 9i,5n,8p,238b,58s stack positions out of 5000i,500n,10000p,200000b,50000s
<c:/Program Files (x86)/Therion/texmf/fonts/type1/cmss10.pfb><c:/Program 
Files (x86)/Therion/texmf/fonts/type1/cmssi10.pfb>
Output written on data.pdf (1 page, 33498 bytes).
PDF statistics:
 40 PDF objects out of 1000 (max. 8388607)
 0 named destinations out of 1000 (max. 500000)
 79 words of extra memory for PDF output out of 10000 (max. 10000000)


##################### end of pdftex log file #####################
done
writing xtherion file ... done
compilation time: 2 sec


###################### scrap distortions #######################
 PROJECTION: plan
 AVERAGE  MAXIMAL  SCRAP
   0.04%    0.52%  LD1-LDI_Planp@LD1
################### end of scrap distortions ###################
