therion 5.4.1 (2017-04-18)
initialization file: C:\Program Files (x86)\Therion/therion.ini
reading ... done
configuration file: thconfig
reading ... done
reading source files ... done
preprocessing database ... done
scanning centreline tree ... done
searching for centerline loops ... done
calculating station coordinates ... done
processing survey data ... 
####################### cavern log file ########################
 1> Survex 1.2.38
 2> Copyright ¸ 1990-2018 Olly Betts
 3> Survey has no fixed points. Therefore I've fixed 1 at (0,0,0)
 4> 
 5> Survey contains 767 survey stations, joined by 766 legs.
 6> There are 0 loops.
 7> Total length of survey legs = 1669.58m (1669.58m adjusted)
 8> Total plan length of survey legs = 1459.68m
 9> Total vertical length of survey legs =  415.05m
10> Vertical range = 19.87m (from 386 at 11.31m to 181 at -8.55m)
11> North-South range = 175.42m (from 353 at 35.10m to 760 at -140.32m)
12> East-West range = 107.16m (from 508 at 104.70m to 8 at -2.46m)
13>  661 1-nodes.
14>    4 2-nodes.
15>    1 4-node.
16>   12 5-nodes.
17>   24 6-nodes.
18>   13 7-nodes.
19>   11 8-nodes.
20>    9 9-nodes.
21>   11 10-nodes.
22>    5 11-nodes.
23>    5 12-nodes.
24>    3 13-nodes.
25>    1 14-node.
26>    3 15-nodes.
27>    1 16-node.
28>    1 18-node.
29>    2 19-nodes.
30> 
######################### transcription ########################
 3> 1 : 2.22@mousehouse2
 5> 767 : -@mousehouse2 -- 766 : -@mousehouse2
10> 386 : -@mousehouse2 -- 181 : -@mousehouse2
11> 353 : -@mousehouse2 -- 760 : -@mousehouse2
12> 508 : -@mousehouse2 -- 8 : -@mousehouse2
13> 661 : -@mousehouse2
14> 4 : -@mousehouse2
15> 1 : 2.22@mousehouse2
16> 12 : 2.24@mousehouse2
17> 24 : -@mousehouse2
18> 13 : -@mousehouse2
19> 11 : -@mousehouse2
20> 9 : -@mousehouse2
21> 11 : -@mousehouse2
22> 5 : -@mousehouse2
23> 5 : -@mousehouse2
24> 3 : 2.23@mousehouse2
25> 1 : 2.22@mousehouse2
26> 3 : 2.23@mousehouse2
27> 1 : 2.22@mousehouse2
28> 1 : 2.22@mousehouse2
29> 2 : -@mousehouse2
#################### end of cavern log file ####################
done
calculating basic statistics ... done
processing extended elevation ... done
processing references ... done
selecting export objects ... done
processing projection plan ... done
average distortion: 0.03%
writing mousehouse2.pdf ...
####################### metapost log file ########################
This is MetaPost, version 1.209 (kpathsea version 5.1.0) (mem=mpost 2010.01.31)  25 SEP 2019 22:51
**data.mp
(./data.mp [4001] [4002] [4003] [4004] [4005] [4006] [4007] [4008] [4009] [4010
] [4011] [4012] [4013]
[1] [2] [3] [4]
[Warning: scrap outline intersects itself in scrap mousehouse2SP2@mousehouse2]
[5] [6] [7]
[Warning: scrap outline intersects itself in scrap mousehouse2SP3@mousehouse2]
[8] [9] [10] [11]
[Warning: scrap outline intersects itself in scrap mousehouse2SP4@mousehouse2]
[12] [13] [14] (./mptextmp.mp) [15] )
 
Here is how much of MetaPost's memory you used:
 1155 strings out of 1162
 13359 string characters out of 20720
 163698 words of memory out of 1500000
 1387 symbolic tokens out of 16384
 11i,75n,16p,197b,5f stack positions out of 300i,84n,5000p,200b,15f
 138 string compactions (moved 1723828 characters, 139004 strings)
28 output files written: data.1 .. data.4013

#################### end of metapost log file ####################
converting scraps ... done
making map ... done
######################## pdftex log file #########################
This is pdfTeX, Version 3.1415926-1.40.10 (Web2C 2009) (format=pdftex 2010.1.2)  25 SEP 2019 22:51
entering extended mode
**data.tex
(./data.tex (./th_enc.tex) (./th_texts.tex) (./th_resources.tex
(c:/Program Files (x86)/Therion/texmf/tex/glyphtounicode.tex))
(./th_fontdef.tex{c:/Program Files (x86)/Therion/texmf/fonts/pdftex.map})
(./th_formdef.tex) (./th_pagedef.tex) (./th_pages.tex)
 66 numeric registers used out of 32768
 [1] ) 
Here is how much of TeX's memory you used:
 263 strings out of 95617
 2679 string characters out of 1171098
 301284 words of memory out of 1767262
 1676 multiletter control sequences out of 15000+50000
 20080 words of font info for 63 fonts, out of 1000000 for 2000
 849 hyphenation exceptions out of 1000
 9i,5n,8p,238b,58s stack positions out of 5000i,500n,10000p,200000b,50000s
<c:/Program Files (x86)/Therion/texmf/fonts/type1/cmss10.pfb><c:/Program 
Files (x86)/Therion/texmf/fonts/type1/cmssi10.pfb>
Output written on data.pdf (1 page, 224868 bytes).
PDF statistics:
 66 PDF objects out of 1000 (max. 8388607)
 0 named destinations out of 1000 (max. 500000)
 157 words of extra memory for PDF output out of 10000 (max. 10000000)


##################### end of pdftex log file #####################
done
writing xtherion file ... 
C:\Program Files (x86)\Therion\therion.exe: warning -- can't open xtherion file for output -- thconfig.xth
compilation time: 2 sec


###################### scrap distortions #######################
 PROJECTION: plan
 AVERAGE  MAXIMAL  SCRAP
   0.03%    2.34%  mousehouse2SP3@mousehouse2
   0.03%    0.55%  mousehouse2SP1@mousehouse2
   0.05%    0.53%  mousehouse2SP2@mousehouse2
   0.01%    0.35%  mousehouse2SP4@mousehouse2
################### end of scrap distortions ###################
