therion 5.4.1 (2017-04-18)
initialization file: C:\Program Files (x86)\Therion/therion.ini
reading ... done
configuration file: thconfig
reading ... done
reading source files ... done
preprocessing database ... done
scanning centreline tree ... done
searching for centerline loops ... done
calculating station coordinates ... done
processing survey data ... 
####################### cavern log file ########################
 1> Survex 1.2.38
 2> Copyright ¸ 1990-2018 Olly Betts
 3> Survey has no fixed points. Therefore I've fixed 1 at (0,0,0)
 4> 
 5> Survey contains 121 survey stations, joined by 120 legs.
 6> There are 0 loops.
 7> Total length of survey legs =  705.54m ( 705.54m adjusted)
 8> Total plan length of survey legs =  597.94m
 9> Total vertical length of survey legs =  233.34m
10> Vertical range = 37.31m (from 11 at 32.30m to 55 at -5.01m)
11> North-South range = 141.78m (from 118 at 141.78m to 2 at 0.00m)
12> East-West range = 94.94m (from 115 at 74.85m to 33 at -20.09m)
13>  100 1-nodes.
14>    1 2-node.
15>    4 5-nodes.
16>    9 6-nodes.
17>    2 7-nodes.
18>    3 8-nodes.
19>    1 11-node.
20>    1 15-node.
21> 
######################### transcription ########################
 3> 1 : 8.2@downsup
 5> 121 : -@downsup -- 120 : -@downsup
10> 11 : -@downsup -- 55 : -@downsup
11> 118 : -@downsup -- 2 : -@downsup
12> 115 : -@downsup -- 33 : -@downsup
13> 100 : -@downsup
14> 1 : 8.2@downsup
15> 4 : -@downsup
16> 9 : -@downsup
17> 2 : -@downsup
18> 3 : 10.1@downsup
19> 1 : 8.2@downsup
20> 1 : 8.2@downsup
#################### end of cavern log file ####################
done
calculating basic statistics ... done
processing extended elevation ... done
processing references ... done
selecting export objects ... done
processing projection plan ... done
average distortion: 0.01%
writing downsup.pdf ...
####################### metapost log file ########################
This is MetaPost, version 1.209 (kpathsea version 5.1.0) (mem=mpost 2010.01.31)  23 APR 2019 00:18
**data.mp
(./data.mp [4001] [4002] [4003] [4004] [4005] [4006] [4007] [4008] [4009] [4010
] [4011] [4012] [4013]
[1] [2] [3] [4] (./mptextmp.mp) [5] )
 
Here is how much of MetaPost's memory you used:
 1061 strings out of 1162
 13235 string characters out of 20720
 60377 words of memory out of 1500000
 1385 symbolic tokens out of 16384
 8i,75n,11p,197b,4f stack positions out of 300i,84n,5000p,200b,15f
 24 string compactions (moved 223412 characters, 18151 strings)
18 output files written: data.1 .. data.4013

#################### end of metapost log file ####################
converting scraps ... done
making map ... done
######################## pdftex log file #########################
This is pdfTeX, Version 3.1415926-1.40.10 (Web2C 2009) (format=pdftex 2010.1.2)  23 APR 2019 00:18
entering extended mode
**data.tex
(./data.tex (./th_enc.tex) (./th_texts.tex) (./th_resources.tex
(c:/Program Files (x86)/Therion/texmf/tex/glyphtounicode.tex))
(./th_fontdef.tex{c:/Program Files (x86)/Therion/texmf/fonts/pdftex.map})
(./th_formdef.tex) (./th_pagedef.tex) (./th_pages.tex)
 53 numeric registers used out of 32768
 [1] ) 
Here is how much of TeX's memory you used:
 250 strings out of 95617
 2539 string characters out of 1171098
 30457 words of memory out of 1516435
 1663 multiletter control sequences out of 15000+50000
 20080 words of font info for 63 fonts, out of 1000000 for 2000
 849 hyphenation exceptions out of 1000
 9i,5n,8p,238b,58s stack positions out of 5000i,500n,10000p,200000b,50000s
<c:/Program Files (x86)/Therion/texmf/fonts/type1/cmss10.pfb><c:/Program 
Files (x86)/Therion/texmf/fonts/type1/cmssi10.pfb>
Output written on data.pdf (1 page, 27639 bytes).
PDF statistics:
 40 PDF objects out of 1000 (max. 8388607)
 0 named destinations out of 1000 (max. 500000)
 79 words of extra memory for PDF output out of 10000 (max. 10000000)


##################### end of pdftex log file #####################
done
writing downsupth.3d ... done
writing xtherion file ... done
compilation time: 0 sec


###################### scrap distortions #######################
 PROJECTION: plan
 AVERAGE  MAXIMAL  SCRAP
   0.01%    0.29%  downsupSP1@downsup
################### end of scrap distortions ###################
