therion 5.4.3 (2019-02-01)
initialization file: C:\Program Files (x86)\Therion/therion.ini
reading ... done
configuration file: thconfig
reading ... done
reading source files ... done
preprocessing database ... done
scanning centreline tree ... done
searching for centerline loops ... done
calculating station coordinates ... done
processing survey data ... 
####################### cavern log file ########################
 1> Survex 1.2.30
 2> Copyright ¸ 1990-2016 Olly Betts
 3> Survey has no control points. Therefore I've fixed 1 at (0,0,0)
 4> 
 5> Survey contains 284 survey stations, joined by 283 shots.
 6> There is 1 loop.
 7> Survey has 2 connected components.
 8> Total length of survey shots =  916.97m ( 916.97m adjusted)
 9> Total plan length of survey shots =  814.29m
10> Total vertical length of survey shots =  222.75m
11> Vertical range = 11.96m (from 263 at 9.83m to 54 at -2.12m)
12> North-South range = 76.89m (from 146 at 76.89m to 1 at 0.00m)
13> East-West range = 92.93m (from 261 at 46.33m to 89 at -46.61m)
14>  238 1-nodes.
15>    2 2-nodes.
16>    4 5-nodes.
17>   16 6-nodes.
18>    6 7-nodes.
19>    9 8-nodes.
20>    4 9-nodes.
21>    1 10-node.
22>    3 11-nodes.
23>    1 15-node.
24> 
######################### transcription ########################
 3> 1 : 0@MBE_extension
 5> 284 : 46@MBE_extension -- 283 : .@MBE_extension
 6> 1 : 0@MBE_extension
 7> 2 : .@MBE_extension
11> 263 : .@MBE_extension -- 54 : .@MBE_extension
12> 146 : .@MBE_extension -- 1 : 0@MBE_extension
13> 261 : .@MBE_extension -- 89 : .@MBE_extension
14> 238 : .@MBE_extension
15> 2 : .@MBE_extension
16> 4 : .@MBE_extension
17> 16 : .@MBE_extension
18> 6 : .@MBE_extension
19> 9 : 1@MBE_extension
20> 4 : .@MBE_extension
21> 1 : 0@MBE_extension
22> 3 : .@MBE_extension
23> 1 : 0@MBE_extension
#################### end of cavern log file ####################
done
calculating basic statistics ... done
processing extended elevation ... done
processing references ... done
selecting export objects ... done
processing projection plan ... done
average distortion: 0.03%
writing MBE_Extensions.pdf ...
####################### metapost log file ########################
This is MetaPost, version 1.209 (kpathsea version 5.1.0) (mem=mpost 2010.01.31)  24 APR 2019 04:26
**data.mp
(./data.mp
{randomseed:=42}
 [4001] [4002] [4003] [4004] [4005] [4006] [4007] [4008] [4009] [4010] [4011] [
4012] [4013]
[1] [2] [3] [4] [5] (./mptextmp.mp) [6] )
 
Here is how much of MetaPost's memory you used:
 1201 strings out of 1638
 13944 string characters out of 26823
 97503 words of memory out of 1500000
 1400 symbolic tokens out of 16384
 8i,75n,16p,560b,5f stack positions out of 300i,84n,5000p,608b,15f
 314 string compactions (moved 4184325 characters, 338515 strings)
19 output files written: data.1 .. data.4013

#################### end of metapost log file ####################
converting scraps ... done
making map ... done
######################## pdftex log file #########################
This is pdfTeX, Version 3.1415926-1.40.10 (Web2C 2009) (format=pdftex 2010.1.2)  24 APR 2019 04:26
entering extended mode
**data.tex
(./data.tex (./th_enc.tex) (./th_texts.tex) (./th_resources.tex
(c:/Program Files (x86)/Therion/texmf/tex/glyphtounicode.tex))
(./th_fontdef.tex{c:/Program Files (x86)/Therion/texmf/fonts/pdftex.map})
(./th_formdef.tex) (./th_pagedef.tex) (./th_pages.tex)
 55 numeric registers used out of 32768
 [1] ) 
Here is how much of TeX's memory you used:
 252 strings out of 95617
 2554 string characters out of 1171098
 116692 words of memory out of 1596670
 1665 multiletter control sequences out of 15000+50000
 20080 words of font info for 63 fonts, out of 1000000 for 2000
 849 hyphenation exceptions out of 1000
 9i,5n,8p,238b,58s stack positions out of 5000i,500n,10000p,200000b,50000s
<c:/Program Files (x86)/Therion/texmf/fonts/type1/cmss10.pfb><c:/Program 
Files (x86)/Therion/texmf/fonts/type1/cmssi10.pfb>
Output written on data.pdf (1 page, 111483 bytes).
PDF statistics:
 43 PDF objects out of 1000 (max. 8388607)
 0 named destinations out of 1000 (max. 500000)
 89 words of extra memory for PDF output out of 10000 (max. 10000000)


##################### end of pdftex log file #####################
done
writing xtherion file ... done
compilation time: 2 sec


###################### scrap distortions #######################
 PROJECTION: plan
 AVERAGE  MAXIMAL  SCRAP
   0.03%    0.63%  MBE_extension-MBE_extension_1p@MBE_extension
################### end of scrap distortions ###################
