therion 5.4.1 (2017-04-18)
initialization file: C:\Program Files (x86)\Therion/therion.ini
reading ... done
configuration file: thconfig
reading ... done
reading source files ... done
preprocessing database ... done
scanning centreline tree ... done
searching for centerline loops ... done
calculating station coordinates ... done
average loop error: 0.29%
processing survey data ... 
####################### cavern log file ########################
 1> Survex 1.2.38
 2> Copyright ¸ 1990-2018 Olly Betts
 3> Survey has no fixed points. Therefore I've fixed 1 at (0,0,0)
 4> 
 5> Survey contains 3856 survey stations, joined by 3860 legs.
 6> There are 6 loops.
 7> Survey has 2 connected components.
 8> Total length of survey legs = 28446.45m (28446.45m adjusted)
 9> Total plan length of survey legs = 26155.56m
10> Total vertical length of survey legs = 6450.20m
11> Vertical range = 76.79m (from 3840 at 2.91m to 763 at -73.88m)
12> North-South range = 2775.13m (from 589 at 106.99m to 1645 at -2668.14m)
13> East-West range = 2818.44m (from 6 at 2.93m to 1646 at -2815.51m)
14> 3274 1-nodes.
15>   13 2-nodes.
16>    4 3-nodes.
17>    5 4-nodes.
18>   47 5-nodes.
19>  187 6-nodes.
20>   82 7-nodes.
21>   88 8-nodes.
22>   42 9-nodes.
23>   37 10-nodes.
24>   27 11-nodes.
25>   16 12-nodes.
26>   12 13-nodes.
27>    5 14-nodes.
28>    3 15-nodes.
29>    4 16-nodes.
30>    6 17-nodes.
31>    2 18-nodes.
32>    1 21-node.
33>    1 22-node.
34> 
######################### transcription ########################
 3> 1 : 6.0@cob.Master
 5> 3856 : -@mountaineye.Master
 6> 6 : -@cob.Master
 7> 2 : -@cob.Master
11> 3840 : -@mountaineye.Master -- 763 : -@connection.Master
12> 589 : -@connection.Master -- 1645 : -@mountaineye.Master
13> 6 : -@cob.Master -- 1646 : -@mountaineye.Master
14> 3274 : -@mountaineye.Master
15> 13 : -@cob.Master
16> 4 : -@cob.Master
17> 5 : -@cob.Master
18> 47 : -@cob.Master
19> 187 : 6.20@cob.Master
20> 82 : 6.8@cob.Master
21> 88 : -@cob.Master
22> 42 : -@cob.Master
23> 37 : -@cob.Master
24> 27 : -@cob.Master
25> 16 : -@cob.Master
26> 12 : 6.2@cob.Master
27> 5 : -@cob.Master
28> 3 : -@cob.Master
29> 4 : -@cob.Master
30> 6 : -@cob.Master
31> 2 : -@cob.Master
32> 1 : 6.0@cob.Master
33> 1 : 6.0@cob.Master
#################### end of cavern log file ####################
done
calculating basic statistics ... done
processing extended elevation ... done
processing references ... done
selecting export objects ... done
processing projection plan ... done
average distortion: 0.01%
writing Master.pdf ...
####################### metapost log file ########################
This is MetaPost, version 1.209 (kpathsea version 5.1.0) (mem=mpost 2010.01.31)  22 FEB 2021 21:23
**data.mp
(./data.mp [4001] [4002] [4003] [4004] [4005] [4006] [4007] [4008] [4009] [4010
] [4011] [4012] [4013]
[1] [2] [3] [4] [5] [6] [7] [8] [9] [10] [11] [12] [13] [14] [15] [16]
[Error: area borders l491-35220-73207 and l190-34902-73246 don't intersect in s
crap Highlinewalls@connection.Master (file connection/connection.th2 [1616])]
[17] [18] [19] [20] [21] [22] [23] [24] [25] [26] [27] [28] [29] [30] [31]
[32] [33] [34]
[Warning: scrap outline intersects itself in scrap sunlesssea@mountaineye.Maste
r] [35] [36] [37] [38] [39] [40] [41] [42] [43] [44] [45] [46] [47] [48] [49]
[50] [51] [52] [53] [54] [55] [56] [57]
[Error: area borders l491-35220-73207 and l190-34902-73246 don't intersect in s
crap Highlinewalls@connection.Master (file connection/connection.th2 [1616])]
[58] [59] [60] [61] [62] [63] [64] [65] [66] [67] [68] [69] [70] [71] [72]
[73] [74] [75]
[Warning: scrap outline intersects itself in scrap sunlesssea@mountaineye.Maste
r] [76] [77] [78] [79] [80] [81] [82] (./mptextmp.mp) [83] )
 
Here is how much of MetaPost's memory you used:
 1510 strings out of 1638
 15722 string characters out of 26823
 220968 words of memory out of 1500000
 1389 symbolic tokens out of 16384
 9i,75n,16p,333b,5f stack positions out of 300i,84n,5000p,390b,15f
 783 string compactions (moved 10901993 characters, 1013466 strings)
96 output files written: data.1 .. data.4013

#################### end of metapost log file ####################
converting scraps ... done
making map ... done
######################## pdftex log file #########################
This is pdfTeX, Version 3.1415926-1.40.10 (Web2C 2009) (format=pdftex 2010.1.2)  22 FEB 2021 21:23
entering extended mode
**data.tex
(./data.tex (./th_enc.tex) (./th_texts.tex) (./th_resources.tex
(c:/Program Files (x86)/Therion/texmf/tex/glyphtounicode.tex))
(./th_fontdef.tex{c:/Program Files (x86)/Therion/texmf/fonts/pdftex.map})
(./th_formdef.tex) (./th_pagedef.tex) (./th_pages.tex)
 223 numeric registers used out of 32768
 [1] ) 
Here is how much of TeX's memory you used:
 420 strings out of 95617
 4377 string characters out of 1171098
 267874 words of memory out of 1724852
 1833 multiletter control sequences out of 15000+50000
 20080 words of font info for 63 fonts, out of 1000000 for 2000
 849 hyphenation exceptions out of 1000
 9i,5n,8p,238b,58s stack positions out of 5000i,500n,10000p,200000b,50000s
<c:/Program Files (x86)/Therion/texmf/fonts/type1/cmss10.pfb><c:/Program 
Files (x86)/Therion/texmf/fonts/type1/cmssi10.pfb>
Output written on data.pdf (1 page, 816062 bytes).
PDF statistics:
 393 PDF objects out of 1000 (max. 8388607)
 0 named destinations out of 1000 (max. 500000)
 1141 words of extra memory for PDF output out of 10000 (max. 10000000)


##################### end of pdftex log file #####################
done
writing Master.3d ... done
writing xtherion file ... done
compilation time: 13 sec


######################### loop errors ##########################
REL-ERR ABS-ERR TOTAL-L STS X-ERROR Y-ERROR Z-ERROR STATIONS
  0.52%    0.6m  109.3m   3    0.2m    0.5m   -0.1m [201.1@mountaineye.Master - 201.2 - 202.1 - 201.1]
  0.40%    0.5m  116.0m  16    0.1m    0.1m   -0.4m [1.28@mountaineye.Master - 106.5 - 106.4 - 106.3 - 106.2 - 106.1 - 106.0 - 1.19 - 1.20 - 1.21 - 1.22 - 1.23 - 1.24 - 1.25 - 1.26 - 1.27 - 1.28]
  0.26%    0.0m    8.2m   2   -0.0m   -0.0m   -0.0m [103.1@mountaineye.Master - 103.0 - 103.1]
  0.26%    0.5m  206.1m  10   -0.1m    0.5m   -0.2m [2.91@mountaineye.Master - 2.92 - 2.93 - 2.94 - 201.3 - 201.2 - 201.1 - 2.88 - 2.89 - 2.90 - 2.91]
  0.12%    0.3m  243.6m  13    0.3m   -0.1m   -0.1m [2.94@mountaineye.Master - 204.1 - 204.2 - 204.0 - 204.3 - 204.4 - 204.5 - 204.6 - 204.7 - 204.8 - 2.91 - 2.92 - 2.93 - 2.94]
##################### end of loop errors #######################


###################### scrap distortions #######################
 PROJECTION: plan
 AVERAGE  MAXIMAL  SCRAP
   0.05%   11.13%  bellywalls@connection.Master
   0.04%    1.01%  Highlinewalls@connection.Master
   0.01%    0.48%  cobSP1@cob.Master
   0.01%    0.31%  ancientwalls@connection.Master
   0.01%    0.10%  superwalls@connection.Master
   0.01%    0.10%  fossiltrunkwalls@connection.Master
   0.00%    0.03%  sunlesssea@mountaineye.Master
   0.00%    0.02%  buffriver@mountaineye.Master
   0.00%    0.02%  monsterchambers@mountaineye.Master
   0.00%    0.01%  wankeryanker@mountaineye.Master
   0.00%    0.01%  redcoatrevenge@mountaineye.Master
   0.00%    0.01%  lotdean@mountaineye.Master
   0.00%    0.00%  milliways@mountaineye.Master
   0.00%    0.00%  pristine@mountaineye.Master
   0.00%    0.00%  theraces@mountaineye.Master
   0.00%    0.00%  upstreamobey@mountaineye.Master
################### end of scrap distortions ###################
