therion 5.4.1 (2017-04-18)
initialization file: C:\Program Files (x86)\Therion/therion.ini
reading ... done
configuration file: thconfig.MountainEye
reading ... done
reading source files ... done
preprocessing database ... done
C:\Program Files (x86)\Therion\therion.exe: warning -- unable to determine magnetic declination for undated surveys
output coordinate system: UTM16
meridian convergence (deg): -1.1774
geomag declinations (deg):
  2005.1.1  -4.0325
  2006.1.1  -4.1205
  2007.1.1  -4.2084
  2008.1.1  -4.2961
  2009.1.1  -4.3838
  2010.1.1  -4.4712
  2011.1.1  -4.5455
  2012.1.1  -4.6198
  2013.1.1  -4.6939
  2014.1.1  -4.7680
  2015.1.1  -4.8420
  2016.1.1  -4.9198
  2017.1.1  -4.9975
  2018.1.1  -5.0752
  2019.1.1  -5.1528
  2020.1.1  -5.2303
scanning centreline tree ... done
searching for centerline loops ... done
calculating station coordinates ... done
average loop error: 2.01%
processing survey data ... 
####################### cavern log file ########################
 1> Survex 1.2.38
 2> Copyright ¸ 1990-2018 Olly Betts
 3> 
 4> Survey contains 13104 survey stations, joined by 13118 legs.
 5> There are 18 loops.
 6> Survey has 4 connected components.
 7> Total length of survey legs = 59308.76m (59309.46m adjusted)
 8> Total plan length of survey legs = 53971.53m
 9> Total vertical length of survey legs = 13574.56m
10> Vertical range = 119.83m (from 827 at 284.22m to 5239 at 164.39m)
11> North-South range = 3843.80m (from 6170 at 4018402.90m to 4315 at 4014559.10m)
12> East-West range = 2870.95m (from 8414 at 678915.50m to 3706 at 676044.56m)
13> 10921 1-nodes.
14>   451 2-nodes.
15>    43 3-nodes.
16>    45 4-nodes.
17>   232 5-nodes.
18>   361 6-nodes.
19>   222 7-nodes.
20>   188 8-nodes.
21>   153 9-nodes.
22>   126 10-nodes.
23>   100 11-nodes.
24>    65 12-nodes.
25>    49 13-nodes.
26>    39 14-nodes.
27>    28 15-nodes.
28>    12 16-nodes.
29>    14 17-nodes.
30>    13 18-nodes.
31>    10 19-nodes.
32>     8 20-nodes.
33>     3 21-nodes.
34>     3 22-nodes.
35>     3 23-nodes.
36>     2 24-nodes.
37>     6 25-nodes.
38>     2 26-nodes.
39>     3 27-nodes.
40>     1 28-node.
41>     1 29-node.
42> 
######################### transcription ########################
 4> 13104 : -@ld3.Mountaineye
 5> 18 : -@mountaineye1.Mountaineye
 6> 4 : -@mountaineye1.Mountaineye
10> 827 : -@cob.Mountaineye -- 5239 : -@Empire-kessel-run.Mountaineye
11> 6170 : -@mousehouse2.Mountaineye -- 4315 : -@Downstream_Compile.Mountaineye
12> 8414 : -@mousehouse6.Mountaineye -- 3706 : -@Downstream_Compile.Mountaineye
13> 10921 : -@hyperborean-bore-north.Mountaineye
14> 451 : 2.3@mountaineye2.Mountaineye
15> 43 : -@mountaineye1.Mountaineye
16> 45 : -@mountaineye1.Mountaineye
17> 232 : -@mountaineye1.Mountaineye
18> 361 : -@mountaineye1.Mountaineye
19> 222 : -@mountaineye1.Mountaineye
20> 188 : 1.28@mountaineye1.Mountaineye
21> 153 : -@mountaineye1.Mountaineye
22> 126 : -@mountaineye1.Mountaineye
23> 100 : -@mountaineye1.Mountaineye
24> 65 : -@mountaineye1.Mountaineye
25> 49 : -@mountaineye1.Mountaineye
26> 39 : -@mountaineye1.Mountaineye
27> 28 : -@mountaineye1.Mountaineye
28> 12 : -@mountaineye1.Mountaineye
29> 14 : 1.2@mountaineye1.Mountaineye
30> 13 : -@mountaineye1.Mountaineye
31> 10 : -@mountaineye1.Mountaineye
32> 8 : 1.1@mountaineye1.Mountaineye
33> 3 : -@mountaineye1.Mountaineye
34> 3 : -@mountaineye1.Mountaineye
35> 3 : -@mountaineye1.Mountaineye
36> 2 : -@mountaineye1.Mountaineye
37> 6 : -@mountaineye1.Mountaineye
38> 2 : -@mountaineye1.Mountaineye
39> 3 : -@mountaineye1.Mountaineye
40> 1 : 1.0@mountaineye1.Mountaineye
41> 1 : 1.0@mountaineye1.Mountaineye
#################### end of cavern log file ####################
done
calculating basic statistics ... done
processing extended elevation ... done
processing references ... done
selecting export objects ... done
processing projection plan ... done
average distortion: 0.08%
writing export/MountaineyeMap3.pdf ...
####################### metapost log file ########################
This is MetaPost, version 1.209 (kpathsea version 5.1.0) (mem=mpost 2010.01.31)  26 SEP 2019 08:33
**data.mp
(./data.mp [4001] [4002] [4003] [4004] [4005] [4006] [4007] [4008] [4009] [4010
] [4011] [4012] [4013]
[1] [2] [3] [4] [5] [6] [7] [8] [9] [10] [11] [12] [13] [14] [15] [16] [17]
[18] [19] [20] [21]
[Warning: scrap outline intersects itself in scrap belhaverSP1@belhaver.Mountai
neye] [22] [23] [24] [25] [26] [27]
[Warning: scrap outline intersects itself in scrap mousehouse4SP2@mousehouse4.M
ountaineye] [28] [29] [30] [31] [32] [33] [34] [35] [36] [37] [38] [39] [40]
[41] [42] [43] [44] [45] [46] [47] [48] [49] [50] [51] [52] [53] [54] [55]
[56]
[Warning: scrap outline intersects itself in scrap scrap1@Stream-large-south.Mo
untaineye] [57] [58] [59] [60] [61] [62] [63] [64] [65] [66] [67] [68] [69]
[70] [71] [72] [73] [74]
[Warning: scrap outline intersects itself in scrap mousehouse2SP2@mousehouse2.M
ountaineye] [75] [76] [77]
[Warning: scrap outline intersects itself in scrap mousehouse2SP3@mousehouse2.M
ountaineye] [78] [79] [80] [81]
[Warning: scrap outline intersects itself in scrap mousehouse2SP4@mousehouse2.M
ountaineye] [82] [83] [84] [85] [86] [87] [88] [89] [90] [91] [92] [93] [94]
[95] [96] [97] [98] [99] [100] [101] [102] [103] [104] [105] [106] [107] [108]
[109] [110] [111] [112] [113] [114] [115] [116] [117]
[Warning: scrap outline intersects itself in scrap 934LHS-SP1@934LHS.Mountainey
e] [118] [119] [120] [121] [122] [123] [124] [125] [126] [127] [128] [129]
[130] [131] [132] [133] [134] [135] [136] [137] [138]
[Warning: scrap outline intersects itself in scrap ME2_scrapSP1@mountaineye2.Mo
untaineye] [139] [140] [141] [142] [143] [144] [145] [146] [147] [148] [149]
[150] [151] [152] [153] [154]
[Warning: scrap outline intersects itself in scrap hyperborean-bore-north-2-SP1
@hyperborean-bore-north.Mountaineye] [155] [156] [157] [158] [159] [160] [161]
[162] [163] [164] [165] [166] [167] [168] [169] [170] [171]
[Warning: scrap outline intersects itself in scrap ME3_scrapSP1@mountaineye3.Mo
untaineye]
[Warning: scrap outline intersects itself in scrap ME3_scrapSP1@mountaineye3.Mo
untaineye] [172] [173] [174] [175]
[Warning: scrap outline intersects itself in scrap mousehouse3SP1@mousehouse3.M
ountaineye] [176] [177] [178] [179]
[Warning: scrap outline intersects itself in scrap ShinletSP1@Shinlet.Mountaine
ye] [180] [181] [182] [183] [184] [185] [186] [187] [188]
[Warning: scrap outline intersects itself in scrap biggarSP1@biggar.Mountaineye
] [189] [190] [191] [192] [193]
[Error: area borders l5--168--80 and l6--380--424 don't intersect in scrap scra
p17@hyperborium_cave_north_from_main_bh_complete.Mountaineye (file 2019/hyperbo
rium_cave_north_from_main_bh/hyperborium_cave_north_from_main_bh-hb_day_2_no_2p
.th2 [62])]
[Error: area borders l9--808--356 and l7--690--266 don't intersect in scrap scr
ap17@hyperborium_cave_north_from_main_bh_complete.Mountaineye (file 2019/hyperb
orium_cave_north_from_main_bh/hyperborium_cave_north_from_main_bh-hb_day_2_no_2
p.th2 [62])]
[Error: area borders l6--380--424 and l8--852--284 don't intersect in scrap scr
ap17@hyperborium_cave_north_from_main_bh_complete.Mountaineye (file 2019/hyperb
orium_cave_north_from_main_bh/hyperborium_cave_north_from_main_bh-hb_day_2_no_2
p.th2 [62])]
[Error: area borders l3-28--244 and l4-4--50 don't intersect in scrap scrap17@h
yperborium_cave_north_from_main_bh_complete.Mountaineye (file 2019/hyperborium_
cave_north_from_main_bh/hyperborium_cave_north_from_main_bh-hb_day_2_no_2p.th2 
[33])]
[Error: area borders l5--168--80 and l3-28--244 don't intersect in scrap scrap1
7@hyperborium_cave_north_from_main_bh_complete.Mountaineye (file 2019/hyperbori
um_cave_north_from_main_bh/hyperborium_cave_north_from_main_bh-hb_day_2_no_2p.t
h2 [33])]
[Error: area borders l3-28--244 and l5--168--80 don't intersect in scrap scrap1
7@hyperborium_cave_north_from_main_bh_complete.Mountaineye (file 2019/hyperbori
um_cave_north_from_main_bh/hyperborium_cave_north_from_main_bh-hb_day_2_no_2p.t
h2 [33])]
[Error: area borders l4-4--50 and l3-28--244 don't intersect in scrap scrap17@h
yperborium_cave_north_from_main_bh_complete.Mountaineye (file 2019/hyperborium_
cave_north_from_main_bh/hyperborium_cave_north_from_main_bh-hb_day_2_no_2p.th2 
[33])] [194] [195] [196] [197] [198] [199] [200] [201]
[Warning: scrap outline intersects itself in scrap scrap220@hyperborium_cave_no
rth_from_main_bh_complete.Mountaineye] [202] [203] [204] [205]
[Warning: scrap outline intersects itself in scrap scrap79@hyperborium_cave_nor
th_from_main_bh_complete.Mountaineye]
[Warning: scrap outline intersects itself in scrap scrap79@hyperborium_cave_nor
th_from_main_bh_complete.Mountaineye] [206] [207] [208] [209] [210] [211] [212]
[213] [214] [215] [216] [217] [218] [219] [220] [221] [222] [223] [224] [225]
[226]
[Warning: scrap outline intersects itself in scrap scrapSP2_DLD2@Downstream_Com
pile.Mountaineye] [227] [228] [229] [230] [231] [232] [233] [234] [235] [236]
[237] [238] [239] [240] [241] [242] [243] [244] [245] [246] [247] [248] [249]
[250] [251] [252] [253] [254] [255] [256]
[Warning: scrap outline intersects itself in scrap ld3-SP1@ld3.Mountaineye]
[257] [258] [259] [260] [261] [262] [263] [264] [265] [266] [267] [268] [269]
[270] [271] [272] [273] [274] [275] [276] [277] [278] [279] [280] [281] [282]
[283] [284] [285] [286] [287] [288] [289] [290] [291] [292] [293] [294] [295]
[296] [297] [298] [299] [300] [301] [302] [303] [304] [305] [306] [307] [308]
[309] [310] [311] [312] [313] [314] [315] [316] [317] [318] [319] [320] [321]
[322] [323] (./mptextmp.mp) [324] )
 
Here is how much of MetaPost's memory you used:
 3781 strings out of 3907
 16501 string characters out of 43988
 211494 words of memory out of 1500000
 1402 symbolic tokens out of 16384
 11i,75n,16p,629b,5f stack positions out of 300i,84n,5000p,760b,15f
 1331 string compactions (moved 18934137 characters, 3040899 strings)
337 output files written: data.1 .. data.4013

#################### end of metapost log file ####################
converting scraps ... done
making map ... done
######################## pdftex log file #########################
This is pdfTeX, Version 3.1415926-1.40.10 (Web2C 2009) (format=pdftex 2010.1.2)  26 SEP 2019 08:33
entering extended mode
**data.tex
(./data.tex (./th_enc.tex) (./th_texts.tex) (./th_resources.tex
(c:/Program Files (x86)/Therion/texmf/tex/glyphtounicode.tex))
(./th_fontdef.tex{c:/Program Files (x86)/Therion/texmf/fonts/pdftex.map})
(./th_formdef.tex
Normal \count register pool exhausted, switching to extended pool.)
(./th_pagedef.tex (./th_legendcolor.tex)) (./th_pages.tex)
 253 numeric registers used out of 32768
 [1] ) 
Here is how much of TeX's memory you used:
 735 strings out of 95617
 7314 string characters out of 1171098
 390762 words of memory out of 1846740
 2145 multiletter control sequences out of 15000+50000
 21229 words of font info for 66 fonts, out of 1000000 for 2000
 849 hyphenation exceptions out of 1000
 12i,5n,9p,2387b,78s stack positions out of 5000i,500n,10000p,200000b,50000s
<c:/Program Files (x86)/Therion/texmf/fonts/type1/cmss10.pfb><c:/Program 
Files (x86)/Therion/texmf/fonts/type1/cmssi10.pfb>
Output written on data.pdf (1 page, 2734084 bytes).
PDF statistics:
 1207 PDF objects out of 1440 (max. 8388607)
 0 named destinations out of 1000 (max. 500000)
 3645 words of extra memory for PDF output out of 10000 (max. 10000000)


##################### end of pdftex log file #####################
C:\Program Files (x86)\Therion\therion.exe: error -- cp exit code -- 1
writing xtherion file ... 
C:\Program Files (x86)\Therion\therion.exe: warning -- can't open xtherion file for output -- thconfig.MountainEye.xth
