therion 5.4.1 (2017-04-18)
initialization file: C:\Program Files (x86)\Therion/therion.ini
reading ... done
configuration file: thconfig
reading ... done
reading source files ... done
preprocessing database ... done
scanning centreline tree ... done
searching for centerline loops ... done
calculating station coordinates ... done
processing survey data ... 
####################### cavern log file ########################
 1> Survex 1.2.38
 2> Copyright ¸ 1990-2018 Olly Betts
 3> Survey has no fixed points. Therefore I've fixed 1 at (0,0,0)
 4> 
 5> Survey contains 299 survey stations, joined by 298 legs.
 6> There are 0 loops.
 7> Total length of survey legs = 1535.95m (1535.95m adjusted)
 8> Total plan length of survey legs = 1488.44m
 9> Total vertical length of survey legs =  189.49m
10> Vertical range = 7.89m (from 214 at 4.60m to 298 at -3.29m)
11> North-South range = 77.04m (from 298 at 77.04m to 2 at 0.00m)
12> East-West range = 114.78m (from 135 at 93.49m to 221 at -21.29m)
13>  261 1-nodes.
14>   10 2-nodes.
15>    2 3-nodes.
16>    1 4-node.
17>    3 5-nodes.
18>    1 6-node.
19>    3 9-nodes.
20>    1 10-node.
21>    2 11-nodes.
22>    6 12-nodes.
23>    4 13-nodes.
24>    1 16-node.
25>    1 19-node.
26>    2 20-nodes.
27>    1 26-node.
28> 
######################### transcription ########################
 3> 1 : 2.52@mksuperbowl2
 5> 299 : 2.560@mksuperbowl2 -- 298 : -@mksuperbowl2
10> 214 : -@mksuperbowl2 -- 298 : -@mksuperbowl2
11> 298 : -@mksuperbowl2 -- 2 : -@mksuperbowl2
12> 135 : -@mksuperbowl2 -- 221 : -@mksuperbowl2
13> 261 : -@mksuperbowl2
14> 10 : -@mksuperbowl2
15> 2 : -@mksuperbowl2
16> 1 : 2.52@mksuperbowl2
17> 3 : 2.521@mksuperbowl2
18> 1 : 2.52@mksuperbowl2
19> 3 : 2.521@mksuperbowl2
20> 1 : 2.52@mksuperbowl2
21> 2 : -@mksuperbowl2
22> 6 : -@mksuperbowl2
23> 4 : 2.522@mksuperbowl2
24> 1 : 2.52@mksuperbowl2
25> 1 : 2.52@mksuperbowl2
26> 2 : -@mksuperbowl2
27> 1 : 2.52@mksuperbowl2
#################### end of cavern log file ####################
done
calculating basic statistics ... done
processing extended elevation ... done
processing references ... done
selecting export objects ... done
processing projection plan ... done
average distortion: 0.01%
writing mksuperbowl2.pdf ...
####################### metapost log file ########################
This is MetaPost, version 1.209 (kpathsea version 5.1.0) (mem=mpost 2010.01.31)  26 SEP 2019 15:12
**data.mp
(./data.mp [4001] [4002] [4003] [4004] [4005] [4006] [4007] [4008] [4009] [4010
] [4011] [4012] [4013]
[1] [2] [3] [4] (./mptextmp.mp) [5] )
 
Here is how much of MetaPost's memory you used:
 1052 strings out of 1162
 13290 string characters out of 20720
 460717 words of memory out of 1500000
 1385 symbolic tokens out of 16384
 11i,75n,14p,197b,4f stack positions out of 300i,84n,5000p,200b,15f
 32 string compactions (moved 329252 characters, 26426 strings)
18 output files written: data.1 .. data.4013

#################### end of metapost log file ####################
converting scraps ... done
making map ... done
######################## pdftex log file #########################
This is pdfTeX, Version 3.1415926-1.40.10 (Web2C 2009) (format=pdftex 2010.1.2)  26 SEP 2019 15:12
entering extended mode
**data.tex
(./data.tex (./th_enc.tex) (./th_texts.tex) (./th_resources.tex
(c:/Program Files (x86)/Therion/texmf/tex/glyphtounicode.tex))
(./th_fontdef.tex{c:/Program Files (x86)/Therion/texmf/fonts/pdftex.map})
(./th_formdef.tex) (./th_pagedef.tex) (./th_pages.tex)
 54 numeric registers used out of 32768
 [1] ) 
Here is how much of TeX's memory you used:
 251 strings out of 95617
 2543 string characters out of 1171098
 573197 words of memory out of 2021175
 1664 multiletter control sequences out of 15000+50000
 20080 words of font info for 63 fonts, out of 1000000 for 2000
 849 hyphenation exceptions out of 1000
 9i,5n,8p,238b,58s stack positions out of 5000i,500n,10000p,200000b,50000s
<c:/Program Files (x86)/Therion/texmf/fonts/type1/cmss10.pfb><c:/Program 
Files (x86)/Therion/texmf/fonts/type1/cmssi10.pfb>
Output written on data.pdf (1 page, 227636 bytes).
PDF statistics:
 41 PDF objects out of 1000 (max. 8388607)
 0 named destinations out of 1000 (max. 500000)
 83 words of extra memory for PDF output out of 10000 (max. 10000000)


##################### end of pdftex log file #####################
done
writing mksuperbowl2th.3d ... done
writing xtherion file ... 
C:\Program Files (x86)\Therion\therion.exe: warning -- can't open xtherion file for output -- thconfig.xth
compilation time: 5 sec


###################### scrap distortions #######################
 PROJECTION: plan
 AVERAGE  MAXIMAL  SCRAP
   0.01%    0.16%  mksuperbowl2SP1@mksuperbowl2
################### end of scrap distortions ###################
