therion 5.4.1 (2017-04-18)
initialization file: C:\Program Files (x86)\Therion/therion.ini
reading ... done
configuration file: thconfig
reading ... done
reading source files ... done
preprocessing database ... done
scanning centreline tree ... done
searching for centerline loops ... done
calculating station coordinates ... done
processing survey data ... 
####################### cavern log file ########################
 1> Survex 1.2.38
 2> Copyright ¸ 1990-2018 Olly Betts
 3> Survey has no fixed points. Therefore I've fixed 1 at (0,0,0)
 4> 
 5> Survey contains 345 survey stations, joined by 344 legs.
 6> There are 0 loops.
 7> Total length of survey legs = 2014.50m (2014.50m adjusted)
 8> Total plan length of survey legs = 1820.15m
 9> Total vertical length of survey legs =  493.66m
10> Vertical range = 13.12m (from 306 at 7.37m to 29 at -5.75m)
11> North-South range = 208.36m (from 326 at 115.83m to 76 at -92.53m)
12> East-West range = 451.96m (from 338 at 419.70m to 77 at -32.26m)
13>  285 1-nodes.
14>    2 2-nodes.
15>    1 4-node.
16>    7 5-nodes.
17>   20 6-nodes.
18>   15 7-nodes.
19>    9 8-nodes.
20>    2 9-nodes.
21>    2 10-nodes.
22>    1 11-node.
23>    1 14-node.
24> 
######################### transcription ########################
 3> 1 : 8.7@tunnel
 5> 345 : -@tunnel -- 344 : -@tunnel
10> 306 : -@tunnel -- 29 : -@tunnel
11> 326 : -@tunnel -- 76 : -@tunnel
12> 338 : -@tunnel -- 77 : -@tunnel
13> 285 : -@tunnel
14> 2 : 802.0@tunnel
15> 1 : 8.7@tunnel
16> 7 : -@tunnel
17> 20 : -@tunnel
18> 15 : 803.0@tunnel
19> 9 : 802.2@tunnel
20> 2 : 802.0@tunnel
21> 2 : 802.0@tunnel
22> 1 : 8.7@tunnel
23> 1 : 8.7@tunnel
#################### end of cavern log file ####################
done
calculating basic statistics ... done
processing extended elevation ... done
processing references ... done
selecting export objects ... done
processing projection plan ... done
average distortion: 0.00%
writing tunnel.pdf ...
####################### metapost log file ########################
This is MetaPost, version 1.209 (kpathsea version 5.1.0) (mem=mpost 2010.01.31)  12 APR 2019 23:14
**data.mp
(./data.mp [4001] [4002] [4003] [4004] [4005] [4006] [4007] [4008] [4009] [4010
] [4011] [4012] [4013]
[1] [2] [3] [4] (./mptextmp.mp) [5] )
 
Here is how much of MetaPost's memory you used:
 1042 strings out of 1162
 13236 string characters out of 20720
 63218 words of memory out of 1500000
 1385 symbolic tokens out of 16384
 8i,75n,11p,197b,4f stack positions out of 300i,84n,5000p,200b,15f
 43 string compactions (moved 472125 characters, 37559 strings)
18 output files written: data.1 .. data.4013

#################### end of metapost log file ####################
converting scraps ... done
making map ... done
######################## pdftex log file #########################
This is pdfTeX, Version 3.1415926-1.40.10 (Web2C 2009) (format=pdftex 2010.1.2)  12 APR 2019 23:14
entering extended mode
**data.tex
(./data.tex (./th_enc.tex) (./th_texts.tex) (./th_resources.tex
(c:/Program Files (x86)/Therion/texmf/tex/glyphtounicode.tex))
(./th_fontdef.tex{c:/Program Files (x86)/Therion/texmf/fonts/pdftex.map})
(./th_formdef.tex) (./th_pagedef.tex) (./th_pages.tex)
 53 numeric registers used out of 32768
 [1] ) 
Here is how much of TeX's memory you used:
 250 strings out of 95617
 2539 string characters out of 1171098
 25743 words of memory out of 1512721
 1663 multiletter control sequences out of 15000+50000
 20080 words of font info for 63 fonts, out of 1000000 for 2000
 849 hyphenation exceptions out of 1000
 9i,5n,8p,238b,58s stack positions out of 5000i,500n,10000p,200000b,50000s
<c:/Program Files (x86)/Therion/texmf/fonts/type1/cmss10.pfb><c:/Program 
Files (x86)/Therion/texmf/fonts/type1/cmssi10.pfb>
Output written on data.pdf (1 page, 35720 bytes).
PDF statistics:
 40 PDF objects out of 1000 (max. 8388607)
 0 named destinations out of 1000 (max. 500000)
 79 words of extra memory for PDF output out of 10000 (max. 10000000)


##################### end of pdftex log file #####################
done
writing tunnelth.3d ... done
writing xtherion file ... done
compilation time: 2 sec


###################### scrap distortions #######################
 PROJECTION: plan
 AVERAGE  MAXIMAL  SCRAP
   0.00%    0.00%  tunnelSP1@tunnel
################### end of scrap distortions ###################
