therion 5.4.1 (2017-04-18)
initialization file: C:\Program Files (x86)\Therion/therion.ini
reading ... done
configuration file: thconfig
reading ... done
reading source files ... done
preprocessing database ... done
scanning centreline tree ... done
searching for centerline loops ... done
calculating station coordinates ... done
processing survey data ... 
####################### cavern log file ########################
 1> Survex 1.2.38
 2> Copyright ¸ 1990-2018 Olly Betts
 3> Survey has no fixed points. Therefore I've fixed 1 at (0,0,0)
 4> 
 5> Survey contains 83 survey stations, joined by 82 legs.
 6> There are 0 loops.
 7> Total length of survey legs =  225.82m ( 225.82m adjusted)
 8> Total plan length of survey legs =  195.12m
 9> Total vertical length of survey legs =   71.59m
10> Vertical range = 15.56m (from 61 at 15.56m to 2 at 0.00m)
11> North-South range = 36.60m (from 54 at 0.88m to 83 at -35.71m)
12> East-West range = 33.82m (from 58 at 26.53m to 76 at -7.29m)
13>   68 1-nodes.
14>    2 2-nodes.
15>    6 5-nodes.
16>    3 7-nodes.
17>    1 8-node.
18>    2 10-nodes.
19>    1 13-node.
20> 
######################### transcription ########################
 3> 1 : 21.1@mousehouse5
 5> 83 : 23.4@mousehouse5 -- 82 : -@mousehouse5
10> 61 : -@mousehouse5 -- 2 : 22.0@mousehouse5
11> 54 : -@mousehouse5 -- 83 : 23.4@mousehouse5
12> 58 : 22.10@mousehouse5 -- 76 : -@mousehouse5
13> 68 : -@mousehouse5
14> 2 : 22.0@mousehouse5
15> 6 : -@mousehouse5
16> 3 : 22.1@mousehouse5
17> 1 : 21.1@mousehouse5
18> 2 : 22.0@mousehouse5
19> 1 : 21.1@mousehouse5
#################### end of cavern log file ####################
done
calculating basic statistics ... done
processing extended elevation ... done
processing references ... done
selecting export objects ... done
processing projection plan ... done
average distortion: 0.03%
writing mousehouse5.pdf ...
####################### metapost log file ########################
This is MetaPost, version 1.209 (kpathsea version 5.1.0) (mem=mpost 2010.01.31)  25 SEP 2019 18:38
**data.mp
(./data.mp [4001] [4002] [4003] [4004] [4005] [4006] [4007] [4008] [4009] [4010
] [4011] [4012] [4013]
[1] [2] [3] [4] [5] (./mptextmp.mp) [6] )
 
Here is how much of MetaPost's memory you used:
 1064 strings out of 1162
 13371 string characters out of 20720
 111459 words of memory out of 1500000
 1387 symbolic tokens out of 16384
 11i,75n,16p,197b,5f stack positions out of 300i,84n,5000p,200b,15f
 26 string compactions (moved 244606 characters, 19872 strings)
19 output files written: data.1 .. data.4013

#################### end of metapost log file ####################
converting scraps ... done
making map ... done
######################## pdftex log file #########################
This is pdfTeX, Version 3.1415926-1.40.10 (Web2C 2009) (format=pdftex 2010.1.2)  25 SEP 2019 18:38
entering extended mode
**data.tex
(./data.tex (./th_enc.tex) (./th_texts.tex) (./th_resources.tex
(c:/Program Files (x86)/Therion/texmf/tex/glyphtounicode.tex))
(./th_fontdef.tex{c:/Program Files (x86)/Therion/texmf/fonts/pdftex.map})
(./th_formdef.tex) (./th_pagedef.tex) (./th_pages.tex)
 54 numeric registers used out of 32768
 [1] ) 
Here is how much of TeX's memory you used:
 251 strings out of 95617
 2550 string characters out of 1171098
 112348 words of memory out of 1592326
 1664 multiletter control sequences out of 15000+50000
 20080 words of font info for 63 fonts, out of 1000000 for 2000
 849 hyphenation exceptions out of 1000
 9i,5n,8p,238b,58s stack positions out of 5000i,500n,10000p,200000b,50000s
<c:/Program Files (x86)/Therion/texmf/fonts/type1/cmss10.pfb><c:/Program 
Files (x86)/Therion/texmf/fonts/type1/cmssi10.pfb>
Output written on data.pdf (1 page, 60393 bytes).
PDF statistics:
 42 PDF objects out of 1000 (max. 8388607)
 0 named destinations out of 1000 (max. 500000)
 85 words of extra memory for PDF output out of 10000 (max. 10000000)


##################### end of pdftex log file #####################
done
writing xtherion file ... 
C:\Program Files (x86)\Therion\therion.exe: warning -- can't open xtherion file for output -- thconfig.xth
compilation time: 1 sec


###################### scrap distortions #######################
 PROJECTION: plan
 AVERAGE  MAXIMAL  SCRAP
   0.03%    0.59%  mousehouse5SP1@mousehouse5
################### end of scrap distortions ###################
