therion 5.4.1 (2017-04-18)
initialization file: C:\Program Files (x86)\Therion/therion.ini
reading ... done
configuration file: thconfig
reading ... done
reading source files ... done
preprocessing database ... done
scanning centreline tree ... done
searching for centerline loops ... done
calculating station coordinates ... done
processing survey data ... 
####################### cavern log file ########################
 1> Survex 1.2.38
 2> Copyright ¸ 1990-2018 Olly Betts
 3> Survey has no fixed points. Therefore I've fixed 1 at (0,0,0)
 4> 
 5> Survey contains 190 survey stations, joined by 189 legs.
 6> There is 1 loop.
 7> Survey has 2 connected components.
 8> Total length of survey legs =  561.21m ( 561.21m adjusted)
 9> Total plan length of survey legs =  461.28m
10> Total vertical length of survey legs =  207.44m
11> Vertical range = 21.72m (from 4 at 5.19m to 180 at -16.52m)
12> North-South range = 48.53m (from 142 at 40.87m to 16 at -7.66m)
13> East-West range = 33.44m (from 3 at 2.80m to 32 at -30.64m)
14>  161 1-nodes.
15>    3 4-nodes.
16>    2 5-nodes.
17>    6 6-nodes.
18>    6 7-nodes.
19>    4 8-nodes.
20>    4 9-nodes.
21>    2 11-nodes.
22>    1 12-node.
23>    1 15-node.
24> 
######################### transcription ########################
 3> 1 : 904.32@Empire-kessel-run-2
 5> 190 : -@Empire-kessel-run-2 -- 189 : -@Empire-kessel-run-2
 6> 1 : 904.32@Empire-kessel-run-2
 7> 2 : -@Empire-kessel-run-2
11> 4 : -@Empire-kessel-run-2 -- 180 : -@Empire-kessel-run-2
12> 142 : -@Empire-kessel-run-2 -- 16 : -@Empire-kessel-run-2
13> 3 : -@Empire-kessel-run-2 -- 32 : -@Empire-kessel-run-2
14> 161 : -@Empire-kessel-run-2
15> 3 : -@Empire-kessel-run-2
16> 2 : -@Empire-kessel-run-2
17> 6 : -@Empire-kessel-run-2
18> 6 : -@Empire-kessel-run-2
19> 4 : -@Empire-kessel-run-2
20> 4 : -@Empire-kessel-run-2
21> 2 : -@Empire-kessel-run-2
22> 1 : 904.32@Empire-kessel-run-2
23> 1 : 904.32@Empire-kessel-run-2
#################### end of cavern log file ####################
done
calculating basic statistics ... done
processing extended elevation ... done
processing references ... done
selecting export objects ... done
writing Empire-kessel-run-2-th.3d ... done
processing projection plan ... done
average distortion: 0.00%
writing Empire-kessel-run-2-plan.pdf ...
####################### metapost log file ########################
This is MetaPost, version 1.209 (kpathsea version 5.1.0) (mem=mpost 2010.01.31)  16 APR 2019 05:09
**data.mp
(./data.mp [4001] [4002] [4003] [4004] [4005] [4006] [4007] [4008] [4009] [4010
] [4011] [4012] [4013]
[1] [2] [3] [4] (./mptextmp.mp) [5] )
 
Here is how much of MetaPost's memory you used:
 1042 strings out of 1162
 13249 string characters out of 20720
 61453 words of memory out of 1500000
 1385 symbolic tokens out of 16384
 8i,75n,11p,197b,4f stack positions out of 300i,84n,5000p,200b,15f
 32 string compactions (moved 328225 characters, 26314 strings)
18 output files written: data.1 .. data.4013

#################### end of metapost log file ####################
converting scraps ... done
making map ... done
######################## pdftex log file #########################
This is pdfTeX, Version 3.1415926-1.40.10 (Web2C 2009) (format=pdftex 2010.1.2)  16 APR 2019 05:09
entering extended mode
**data.tex
(./data.tex (./th_enc.tex) (./th_texts.tex) (./th_resources.tex
(c:/Program Files (x86)/Therion/texmf/tex/glyphtounicode.tex))
(./th_fontdef.tex{c:/Program Files (x86)/Therion/texmf/fonts/pdftex.map})
(./th_formdef.tex) (./th_pagedef.tex) (./th_pages.tex)
 53 numeric registers used out of 32768
 [1] ) 
Here is how much of TeX's memory you used:
 248 strings out of 95617
 2524 string characters out of 1171098
 20880 words of memory out of 1507858
 1663 multiletter control sequences out of 15000+50000
 16503 words of font info for 54 fonts, out of 1000000 for 2000
 849 hyphenation exceptions out of 1000
 6i,5n,6p,238b,36s stack positions out of 5000i,500n,10000p,200000b,50000s
<c:/Program Files (x86)/Therion/texmf/fonts/type1/cmss10.pfb>
Output written on data.pdf (1 page, 19299 bytes).
PDF statistics:
 35 PDF objects out of 1000 (max. 8388607)
 0 named destinations out of 1000 (max. 500000)
 79 words of extra memory for PDF output out of 10000 (max. 10000000)


##################### end of pdftex log file #####################
done
writing xtherion file ... done
compilation time: 1 sec


###################### scrap distortions #######################
 PROJECTION: plan
 AVERAGE  MAXIMAL  SCRAP
   0.00%    0.00%  scrap1@Empire-kessel-run-2
################### end of scrap distortions ###################
