therion 5.4.1 (2017-04-18)
initialization file: C:\Program Files (x86)\Therion/therion.ini
reading ... done
configuration file: thconfig
reading ... done
reading source files ... done
preprocessing database ... done
scanning centreline tree ... done
searching for centerline loops ... done
calculating station coordinates ... done
average loop error: 0.00%
processing survey data ... 
####################### cavern log file ########################
 1> Survex 1.2.38
 2> Copyright ¸ 1990-2018 Olly Betts
 3> Survey has no fixed points. Therefore I've fixed 1 at (0,0,0)
 4> 
 5> Survey contains 116 survey stations, joined by 117 legs.
 6> There are 2 loops.
 7> Total length of survey legs = 1622.94m (1622.94m adjusted)
 8> Total plan length of survey legs = 1602.68m
 9> Total vertical length of survey legs =  135.24m
10> Vertical range = 56.73m (from 108 at 48.99m to 28 at -7.75m)
11> North-South range = 838.62m (from 107 at 756.52m to 28 at -82.10m)
12> East-West range = 509.17m (from 108 at 509.17m to 1 at 0.00m)
13>    3 1-nodes.
14>  110 2-nodes.
15>    1 3-node.
16>    2 4-nodes.
17> 
######################### transcription ########################
 3> 1 : 3.10@mountaineye4
 5> 116 : 301.7@mountaineye4
 6> 2 : 3.11@mountaineye4
10> 108 : 3.115@mountaineye4 -- 28 : 3.37@mountaineye4
11> 107 : 3.114@mountaineye4 -- 28 : 3.37@mountaineye4
12> 108 : 3.115@mountaineye4 -- 1 : 3.10@mountaineye4
13> 3 : 3.12@mountaineye4
14> 110 : 301.1@mountaineye4
15> 1 : 3.10@mountaineye4
16> 2 : 3.11@mountaineye4
#################### end of cavern log file ####################
done
calculating basic statistics ... done
processing extended elevation ... done
processing references ... done
selecting export objects ... done
processing projection plan ... done
average distortion: 0.02%
C:\Program Files (x86)\Therion\therion.exe: warning --  [0] -- source layout not found -- Layout
writing mountaineye_th4.pdf ...
####################### metapost log file ########################
This is MetaPost, version 1.209 (kpathsea version 5.1.0) (mem=mpost 2010.01.31)  27 SEP 2019 13:24
**data.mp
(./data.mp [4001] [4002] [4003] [4004] [4005] [4006] [4007] [4008] [4009] [4010
] [4011] [4012] [4013]
[1] [2] [3] [4] [5] [6] [7]
[Warning: scrap outline intersects itself in scrap ME4_scrapSP2@mountaineye4]
[8] [9] [10] [11] [12] [13] (./mptextmp.mp) [14] )
 
Here is how much of MetaPost's memory you used:
 1170 strings out of 1638
 13364 string characters out of 20720
 620774 words of memory out of 1500000
 1385 symbolic tokens out of 16384
 11i,75n,14p,197b,4f stack positions out of 300i,84n,5000p,200b,15f
 204 string compactions (moved 2594306 characters, 215862 strings)
27 output files written: data.1 .. data.4013

#################### end of metapost log file ####################
converting scraps ... done
making map ... done
######################## pdftex log file #########################
This is pdfTeX, Version 3.1415926-1.40.10 (Web2C 2009) (format=pdftex 2010.1.2)  27 SEP 2019 13:24
entering extended mode
**data.tex
(./data.tex (./th_enc.tex) (./th_texts.tex) (./th_resources.tex
(c:/Program Files (x86)/Therion/texmf/tex/glyphtounicode.tex))
(./th_fontdef.tex{c:/Program Files (x86)/Therion/texmf/fonts/pdftex.map})
(./th_formdef.tex) (./th_pagedef.tex) (./th_pages.tex)
 66 numeric registers used out of 32768
 [1] ) 
Here is how much of TeX's memory you used:
 263 strings out of 95617
 2672 string characters out of 1171098
 807936 words of memory out of 2189914
 1676 multiletter control sequences out of 15000+50000
 20080 words of font info for 63 fonts, out of 1000000 for 2000
 849 hyphenation exceptions out of 1000
 9i,5n,8p,238b,58s stack positions out of 5000i,500n,10000p,200000b,50000s
<c:/Program Files (x86)/Therion/texmf/fonts/type1/cmss10.pfb><c:/Program 
Files (x86)/Therion/texmf/fonts/type1/cmssi10.pfb>
Output written on data.pdf (1 page, 287389 bytes).
PDF statistics:
 65 PDF objects out of 1000 (max. 8388607)
 0 named destinations out of 1000 (max. 500000)
 155 words of extra memory for PDF output out of 10000 (max. 10000000)


##################### end of pdftex log file #####################
done
writing xtherion file ... 
C:\Program Files (x86)\Therion\therion.exe: warning -- can't open xtherion file for output -- thconfig.xth
compilation time: 5 sec


######################### loop errors ##########################
REL-ERR ABS-ERR TOTAL-L STS X-ERROR Y-ERROR Z-ERROR STATIONS
  0.00%    0.0m   40.9m   2    0.0m    0.0m    0.0m [5.1@mountaineye4 - 5.2 - 5.1]
  0.00%    0.0m  125.4m   2    0.0m    0.0m    0.0m [3.104@mountaineye4 - 5.1 - 3.104]
##################### end of loop errors #######################


###################### scrap distortions #######################
 PROJECTION: plan
 AVERAGE  MAXIMAL  SCRAP
   0.06%    6.75%  ME4_scrapSP2@mountaineye4
   0.02%    0.82%  ME4_scrapSP3@mountaineye4
   0.01%    0.45%  ME4_scrapSP4@mountaineye4
   0.00%    0.13%  ME4_scrapSP1@mountaineye4
################### end of scrap distortions ###################
