therion 5.4.1 (2017-04-18)
initialization file: C:\Program Files (x86)\Therion/therion.ini
reading ... done
configuration file: thconfig
reading ... done
reading source files ... done
preprocessing database ... done
scanning centreline tree ... done
searching for centerline loops ... done
calculating station coordinates ... done
processing survey data ... 
####################### cavern log file ########################
 1> Survex 1.2.34
 2> Copyright ¸ 1990-2017 Olly Betts
 3> Survey has no control points. Therefore I've fixed 1 at (0,0,0)
 4> 
 5> Survey contains 13 survey stations, joined by 12 shots.
 6> There are 0 loops.
 7> Total length of survey shots =  121.53m ( 121.53m adjusted)
 8> Total plan length of survey shots =  121.37m
 9> Total vertical length of survey shots =    4.13m
10> Vertical range = 1.11m (from 6 at 0.60m to 5 at -0.51m)
11> North-South range = 84.50m (from 13 at 84.50m to 1 at 0.00m)
12> East-West range = 66.14m (from 13 at 58.70m to 3 at -7.44m)
13>    2 1-nodes.
14>   11 2-nodes.
15> 
######################### transcription ########################
 3> 1 : 105.0@mountaineye20
 5> 13 : 105.12@mountaineye20 -- 12 : 105.11@mountaineye20
10> 6 : 105.5@mountaineye20 -- 5 : 105.4@mountaineye20
11> 13 : 105.12@mountaineye20 -- 1 : 105.0@mountaineye20
12> 13 : 105.12@mountaineye20 -- 3 : 105.2@mountaineye20
13> 2 : 105.1@mountaineye20
14> 11 : 105.10@mountaineye20
#################### end of cavern log file ####################
done
calculating basic statistics ... done
processing extended elevation ... done
processing references ... done
selecting export objects ... done
processing projection plan ... done
average distortion: 0.01%
writing mountaineye_th20.pdf ...
####################### metapost log file ########################
This is MetaPost, version 1.209 (kpathsea version 5.1.0) (mem=mpost 2010.01.31)  22 AUG 2018 18:25
**data.mp
(./data.mp [4001] [4002] [4003] [4004] [4005] [4006] [4007] [4008] [4009] [4010
] [4011] [4012] [4013]
[Error: area borders l211-13093-47916 and l17-14720-49724 don't intersect in sc
rap ME20_scrapSP1@mountaineye20 (file mountaineye20.th2 [1938])] [1] [2] [3]
[4] (./mptextmp.mp) [5] )
 
Here is how much of MetaPost's memory you used:
 1067 strings out of 1162
 13424 string characters out of 20720
 335128 words of memory out of 1500000
 1385 symbolic tokens out of 16384
 11i,75n,14p,197b,4f stack positions out of 300i,84n,5000p,200b,15f
 27 string compactions (moved 263810 characters, 21350 strings)
18 output files written: data.1 .. data.4013

#################### end of metapost log file ####################
converting scraps ... done
making map ... done
######################## pdftex log file #########################
This is pdfTeX, Version 3.1415926-1.40.10 (Web2C 2009) (format=pdftex 2010.1.2)  22 AUG 2018 18:25
entering extended mode
**data.tex
(./data.tex (./th_enc.tex) (./th_texts.tex) (./th_resources.tex
(c:/Program Files (x86)/Therion/texmf/tex/glyphtounicode.tex))
(./th_fontdef.tex{c:/Program Files (x86)/Therion/texmf/fonts/pdftex.map})
(./th_formdef.tex) (./th_pagedef.tex) (./th_pages.tex)
 54 numeric registers used out of 32768
 [1] ) 
Here is how much of TeX's memory you used:
 251 strings out of 95617
 2543 string characters out of 1171098
 371303 words of memory out of 1812281
 1664 multiletter control sequences out of 15000+50000
 20080 words of font info for 63 fonts, out of 1000000 for 2000
 849 hyphenation exceptions out of 1000
 9i,5n,8p,238b,58s stack positions out of 5000i,500n,10000p,200000b,50000s
<c:/Program Files (x86)/Therion/texmf/fonts/type1/cmss10.pfb><c:/Program 
Files (x86)/Therion/texmf/fonts/type1/cmssi10.pfb>
Output written on data.pdf (1 page, 110811 bytes).
PDF statistics:
 41 PDF objects out of 1000 (max. 8388607)
 0 named destinations out of 1000 (max. 500000)
 83 words of extra memory for PDF output out of 10000 (max. 10000000)


##################### end of pdftex log file #####################
done
writing xtherion file ... done
compilation time: 2 sec


###################### scrap distortions #######################
 PROJECTION: plan
 AVERAGE  MAXIMAL  SCRAP
   0.01%    0.19%  ME20_scrapSP1@mountaineye20
################### end of scrap distortions ###################
