therion 5.4.1+82e637b (2018-09-20)
checking optional fonts csr10 csti10 csbx10 csss10 csssi10 ... OK
checking optional fonts cmcyr10 cmcti10 cmcbx10 cmcss10 cmcssi10 ... OK
configuration file: thconfig
reading ... done
reading source files ... done
preprocessing database ... done
scanning centreline tree ... done
searching for centerline loops ... done
calculating station coordinates ... done
average loop error: 0.13%
calculating basic statistics ... done
processing extended elevation ... done
processing references ... done
selecting export objects ... done
processing projection plan ... done
average distortion: 0.02%
writing hyperborean-bore-north-plan.pdf ...
####################### metapost log file ########################
This is MetaPost, version 2.00 (TeX Live 2018) (kpathsea version 6.3.0)  17 APR 2019 16:04
**data.mp
(/usr/local/texlive/2018/texmf-dist/metapost/base/mpost.mp
(/usr/local/texlive/2018/texmf-dist/metapost/base/plain.mp
Preloading the plain mem file, version 1.005) ) (./data.mp [4001] [4002] [4003]
[4004] [4005] [4006] [4007] [4008] [4009] [4010] [4011] [4012] [4013]
[1] [2] [3] [4] [5] [6] [7] [8]
[Warning: scrap outline intersects itself in scrap hyperborean-bore-north-2-SP1
@hyperborean-bore-north] [9] [10] [11] [12] [13] [14] (./mptextmp.mp) [15] )
 
Here is how much of MetaPost's memory you used:
 4963 strings using 110757 characters
 2850520 bytes of node memory
 1422 symbolic tokens
 8i,81n,11p,202b,4f stack positions out of 16i,96n,12p,250b,6f
28 output files written: data.1 .. data.4013


#################### end of metapost log file ####################
converting scraps ... done
making map ... done
######################## pdftex log file #########################
This is pdfTeX, Version 3.14159265-2.6-1.40.19 (TeX Live 2018) (preloaded format=pdfetex 2018.9.25)  17 APR 2019 16:04
entering extended mode
 restricted \write18 enabled.
 %&-line parsing enabled.
**data.tex
(./data.tex (./th_enc.tex) (./th_texts.tex) (./th_resources.tex
(/usr/local/texlive/2018/texmf-dist/tex/generic/pdftex/glyphtounicode.tex))
(./th_fontdef.tex{/usr/local/texlive/2018/texmf-var/fonts/map/pdftex/updmap/pdf
tex.map})
(./th_formdef.tex) (./th_pagedef.tex) (./th_pages.tex)
 66 numeric registers used out of 32768
 [1] ) 
Here is how much of TeX's memory you used:
 261 strings out of 494645
 2705 string characters out of 6148133
 42488 words of memory out of 5000000
 1903 multiletter control sequences out of 15000+600000
 16503 words of font info for 54 fonts, out of 8000000 for 9000
 1416 hyphenation exceptions out of 8191
 6i,5n,6p,248b,36s stack positions out of 5000i,500n,10000p,200000b,80000s
</usr/local/texlive/2018/texmf-dist/fonts/type1/public/amsfonts/cm/cmss10
.pfb>
Output written on data.pdf (1 page, 46344 bytes).
PDF statistics:
 63 PDF objects out of 1000 (max. 8388607)
 35 compressed objects within 1 object stream
 0 named destinations out of 1000 (max. 500000)
 157 words of extra memory for PDF output out of 10000 (max. 10000000)


##################### end of pdftex log file #####################
done
compilation time: 1 sec


######################### loop errors ##########################
REL-ERR ABS-ERR TOTAL-L STS X-ERROR Y-ERROR Z-ERROR STATIONS
  0.13%    0.1m   92.9m   8    0.1m   -0.0m   -0.1m [100.5@hyperborean-bore-north - 101.3 - 101.2 - 101.1 - 100.9 - 100.8 - 100.7 - 100.6 - 100.5]
##################### end of loop errors #######################


###################### scrap distortions #######################
 PROJECTION: plan
 AVERAGE  MAXIMAL  SCRAP
   0.02%    0.39%  hyperborean-bore-north-3-SP1@hyperborean-bore-north
   0.02%    0.09%  hyperborean-bore-north-1-SP1@hyperborean-bore-north
   0.00%    0.05%  hyperborean-bore-north-4-SP1@hyperborean-bore-north
   0.01%    0.04%  hyperborean-bore-north-2-SP1@hyperborean-bore-north
   0.00%    0.00%  hyperborean-bore-north-3-SP2@hyperborean-bore-north
################### end of scrap distortions ###################
