therion 5.4.1+82e637b (2018-09-20)
checking optional fonts csr10 csti10 csbx10 csss10 csssi10 ... OK
checking optional fonts cmcyr10 cmcti10 cmcbx10 cmcss10 cmcssi10 ... OK
configuration file: thconfig
reading ... done
reading source files ... done
preprocessing database ... done
scanning centreline tree ... done
searching for centerline loops ... done
calculating station coordinates ... done
calculating basic statistics ... done
processing extended elevation ... done
processing references ... done
selecting export objects ... done
processing projection plan ... done
average distortion: 0.00%
writing cob-AK-plan.pdf ...
####################### metapost log file ########################
This is MetaPost, version 2.00 (TeX Live 2018) (kpathsea version 6.3.0)  10 APR 2019 22:03
**data.mp
(/usr/local/texlive/2018/texmf-dist/metapost/base/mpost.mp
(/usr/local/texlive/2018/texmf-dist/metapost/base/plain.mp
Preloading the plain mem file, version 1.005) ) (./data.mp [4001] [4002] [4003]
[4004] [4005] [4006] [4007] [4008] [4009] [4010] [4011] [4012] [4013]
[1] [2] [3] [4] [5] (./mptextmp.mp) [6] )
 
Here is how much of MetaPost's memory you used:
 1795 strings using 40337 characters
 2723464 bytes of node memory
 1423 symbolic tokens
 8i,81n,12p,202b,5f stack positions out of 16i,96n,15p,250b,6f
19 output files written: data.1 .. data.4013


#################### end of metapost log file ####################
converting scraps ... done
making map ... done
######################## pdftex log file #########################
This is pdfTeX, Version 3.14159265-2.6-1.40.19 (TeX Live 2018) (preloaded format=pdfetex 2018.9.25)  10 APR 2019 22:03
entering extended mode
 restricted \write18 enabled.
 %&-line parsing enabled.
**data.tex
(./data.tex (./th_enc.tex) (./th_texts.tex) (./th_resources.tex
(/usr/local/texlive/2018/texmf-dist/tex/generic/pdftex/glyphtounicode.tex))
(./th_fontdef.tex{/usr/local/texlive/2018/texmf-var/fonts/map/pdftex/updmap/pdf
tex.map})
(./th_formdef.tex) (./th_pagedef.tex) (./th_pages.tex)
 54 numeric registers used out of 32768
 [1] ) 
Here is how much of TeX's memory you used:
 249 strings out of 494645
 2576 string characters out of 6148133
 21452 words of memory out of 5000000
 1891 multiletter control sequences out of 15000+600000
 16503 words of font info for 54 fonts, out of 8000000 for 9000
 1416 hyphenation exceptions out of 8191
 6i,5n,6p,238b,36s stack positions out of 5000i,500n,10000p,200000b,80000s
</usr/local/texlive/2018/texmf-dist/fonts/type1/public/amsfonts/cm/cmss10
.pfb>
Output written on data.pdf (1 page, 17458 bytes).
PDF statistics:
 39 PDF objects out of 1000 (max. 8388607)
 23 compressed objects within 1 object stream
 0 named destinations out of 1000 (max. 500000)
 85 words of extra memory for PDF output out of 10000 (max. 10000000)


##################### end of pdftex log file #####################
done
compilation time: 1 sec


###################### scrap distortions #######################
 PROJECTION: plan
 AVERAGE  MAXIMAL  SCRAP
   0.00%    0.02%  cob-AK@cob-AK
################### end of scrap distortions ###################
