therion 5.3.11
initialization file: C:\Program Files (x86)\Therion/therion.ini
reading ... done
configuration file: thconfig
reading ... done
reading source files ... done
preprocessing database ... done
scanning centreline tree ... done
searching for centerline loops ... done
calculating station coordinates ... done
processing survey data ... 
####################### cavern log file ########################
 1> Survex 1.2.8
 2> Copyright ¸ 1990-2013 Olly Betts
 3> Survey has no fixed points. Therefore I've fixed 1 at (0,0,0)
 4> 
 5> Survey contains 799 survey stations, joined by 798 legs.
 6> There are 0 loops.
 7> Total length of survey legs = 2706.61m (2706.61m adjusted)
 8> Total plan length of survey legs = 2478.22m
 9> Total vertical length of survey legs =  598.14m
10> Vertical range = 18.72m (from 690 at 9.27m to 764 at -9.45m)
11> North-South range = 605.34m (from 6 at 2.09m to 648 at -603.25m)
12> East-West range = 183.85m (from 650 at 165.45m to 46 at -18.40m)
13>  649 1-nodes.
14>    8 2-nodes.
15>    2 3-nodes.
16>    8 4-nodes.
17>   21 5-nodes.
18>   54 6-nodes.
19>   26 7-nodes.
20>   17 8-nodes.
21>    4 9-nodes.
22>    4 10-nodes.
23>    3 11-nodes.
24>    2 12-nodes.
25>    1 13-node.
26> 
######################### transcription ########################
 3> 1 : 1.118a@Downstream_Compile
 5> 799 : 111.23@Downstream_Compile -- 798 : 111.22@Downstream_Compile
10> 690 : -@Downstream_Compile -- 764 : -@Downstream_Compile
11> 6 : -@Downstream_Compile -- 648 : -@Downstream_Compile
12> 650 : -@Downstream_Compile -- 46 : -@Downstream_Compile
13> 649 : -@Downstream_Compile
14> 8 : -@Downstream_Compile
15> 2 : 1.118@Downstream_Compile
16> 8 : -@Downstream_Compile
17> 21 : -@Downstream_Compile
18> 54 : -@Downstream_Compile
19> 26 : -@Downstream_Compile
20> 17 : -@Downstream_Compile
21> 4 : -@Downstream_Compile
22> 4 : -@Downstream_Compile
23> 3 : -@Downstream_Compile
24> 2 : 1.118@Downstream_Compile
25> 1 : 1.118a@Downstream_Compile
#################### end of cavern log file ####################

C:\Program Files (x86)\Therion\therion.exe: warning -- can't open cavern output
calculating basic statistics ... done
processing extended elevation ... done
processing references ... done
selecting export objects ... done
writing Downstream_Compile-th.3d ... done
processing projection plan ... done
average distortion: 0.00%
writing Downstream_Compile-plan.pdf ...
####################### metapost log file ########################
This is MetaPost, version 1.209 (kpathsea version 5.1.0) (mem=mpost 2010.01.31)  12 APR 2019 04:57
**data.mp
(./data.mp [4001] [4002] [4003] [4004] [4005] [4006] [4007] [4008] [4009] [4010
] [4011] [4012]
[1] [2] [3] [4] [5] [6] [7] [8] [9] [10] [11] [12] [13] [14] [15] [16]
[Warning: scrap outline intersects itself in scrap scrapSP2_DLD2@Downstream_Com
pile] [17] [18] [19] (./mptextmp.mp) [20] )
 
Here is how much of MetaPost's memory you used:
 1168 strings out of 1638
 12937 string characters out of 20720
 78143 words of memory out of 1500000
 1360 symbolic tokens out of 16384
 8i,75n,11p,197b,4f stack positions out of 300i,84n,5000p,200b,15f
 365 string compactions (moved 4159312 characters, 347338 strings)
32 output files written: data.1 .. data.4012

#################### end of metapost log file ####################
converting scraps ... done
making map ... done
######################## pdftex log file #########################
This is pdfTeX, Version 3.1415926-1.40.10 (Web2C 2009) (format=pdftex 2010.1.2)  12 APR 2019 04:57
entering extended mode
**data.tex
(./data.tex (./th_enc.tex) (./th_texts.tex) (./th_resources.tex
(c:/Program Files (x86)/Therion/texmf/tex/glyphtounicode.tex))
(./th_fontdef.tex{c:/Program Files (x86)/Therion/texmf/fonts/pdftex.map})
(./th_formdef.tex) (./th_pagedef.tex) (./th_pages.tex)
 73 numeric registers used out of 32768
 [1] ) 
Here is how much of TeX's memory you used:
 255 strings out of 95617
 2630 string characters out of 1171098
 83467 words of memory out of 1566445
 1670 multiletter control sequences out of 15000+50000
 16503 words of font info for 54 fonts, out of 1000000 for 2000
 849 hyphenation exceptions out of 1000
 6i,5n,6p,238b,36s stack positions out of 5000i,500n,10000p,200000b,50000s
<c:/Program Files (x86)/Therion/texmf/fonts/type1/cmss10.pfb>
Output written on data.pdf (1 page, 166215 bytes).
PDF statistics:
 85 PDF objects out of 1000 (max. 8388607)
 0 named destinations out of 1000 (max. 500000)
 229 words of extra memory for PDF output out of 10000 (max. 10000000)


##################### end of pdftex log file #####################
done
processing projection extended ... done
writing Downstream_Compile-ee.pdf ...
####################### metapost log file ########################
This is MetaPost, version 1.209 (kpathsea version 5.1.0) (mem=mpost 2010.01.31)  12 APR 2019 04:57
**data.mp
(./data.mp [4001] [4002] [4003] [4004] [4005] [4006] [4007] [4008] [4009] [4010
] [4011] [4012]
[1] [2] (./mptextmp.mp) [3] )
 
Here is how much of MetaPost's memory you used:
 1158 strings out of 1162
 12836 string characters out of 15838
 100546 words of memory out of 1500000
 1361 symbolic tokens out of 16384
 8i,75n,11p,197b,4f stack positions out of 300i,84n,5000p,200b,15f
 76 string compactions (moved 458296 characters, 38761 strings)
15 output files written: data.1 .. data.4012

#################### end of metapost log file ####################
converting scraps ... done
making map ... done
######################## pdftex log file #########################
This is pdfTeX, Version 3.1415926-1.40.10 (Web2C 2009) (format=pdftex 2010.1.2)  12 APR 2019 04:57
entering extended mode
**data.tex
(./data.tex (./th_enc.tex) (./th_texts.tex) (./th_resources.tex
(c:/Program Files (x86)/Therion/texmf/tex/glyphtounicode.tex))
(./th_fontdef.tex{c:/Program Files (x86)/Therion/texmf/fonts/pdftex.map})
(./th_formdef.tex) (./th_pagedef.tex) (./th_pages.tex)
 50 numeric registers used out of 32768
 [1] ) 
Here is how much of TeX's memory you used:
 232 strings out of 95617
 2383 string characters out of 1171098
 149945 words of memory out of 1622923
 1647 multiletter control sequences out of 15000+50000
 16503 words of font info for 54 fonts, out of 1000000 for 2000
 849 hyphenation exceptions out of 1000
 6i,5n,6p,238b,36s stack positions out of 5000i,500n,10000p,200000b,50000s
<c:/Program Files (x86)/Therion/texmf/fonts/type1/cmss10.pfb>
Output written on data.pdf (1 page, 38692 bytes).
PDF statistics:
 29 PDF objects out of 1000 (max. 8388607)
 0 named destinations out of 1000 (max. 500000)
 61 words of extra memory for PDF output out of 10000 (max. 10000000)


##################### end of pdftex log file #####################
done
writing xtherion file ... done
compilation time: 3 sec


###################### scrap distortions #######################
 PROJECTION: plan
 AVERAGE  MAXIMAL  SCRAP
   0.02%    9.99%  scrapSP2_DLD2@Downstream_Compile
   0.00%    0.04%  scrap1@Downstream_Compile
   0.01%    0.03%  scrapSP3_DLD3@Downstream_Compile
   0.00%    0.02%  scrap2@Downstream_Compile
   0.00%    0.02%  scrapSP1-DLD2@Downstream_Compile
   0.00%    0.01%  scrap3@Downstream_Compile
################### end of scrap distortions ###################
