therion 5.4.3 (2019-02-01)
initialization file: C:\Program Files (x86)\Therion/therion.ini
reading ... done
configuration file: thconfig
reading ... done
reading source files ... done
preprocessing database ... done
scanning centreline tree ... done
searching for centerline loops ... done
calculating station coordinates ... done
processing survey data ... 
####################### cavern log file ########################
 1> Survex 1.2.30
 2> Copyright ¸ 1990-2016 Olly Betts
 3> Survey has no control points. Therefore I've fixed 1 at (0,0,0)
 4> 
 5> Survey contains 106 survey stations, joined by 105 shots.
 6> There is 1 loop.
 7> Survey has 2 connected components.
 8> Total length of survey shots =  759.78m ( 759.78m adjusted)
 9> Total plan length of survey shots =  615.19m
10> Total vertical length of survey shots =  315.06m
11> Vertical range = 37.06m (from 105 at 8.27m to 54 at -28.80m)
12> North-South range = 42.72m (from 15 at 5.42m to 100 at -37.30m)
13> East-West range = 52.39m (from 4 at 0.18m to 72 at -52.20m)
14>   90 1-nodes.
15>    2 2-nodes.
16>    1 4-node.
17>    1 5-node.
18>    2 6-nodes.
19>    1 7-node.
20>    4 8-nodes.
21>    1 9-node.
22>    2 10-nodes.
23>    1 11-node.
24>    1 16-node.
25> 
######################### transcription ########################
 3> 1 : 0@Mission_From_God
 5> 106 : .@Mission_From_God -- 105 : .@Mission_From_God
 6> 1 : 0@Mission_From_God
 7> 2 : 1@Mission_From_God
11> 105 : .@Mission_From_God -- 54 : .@Mission_From_God
12> 15 : .@Mission_From_God -- 100 : .@Mission_From_God
13> 4 : .@Mission_From_God -- 72 : .@Mission_From_God
14> 90 : .@Mission_From_God
15> 2 : 1@Mission_From_God
16> 1 : 0@Mission_From_God
17> 1 : 0@Mission_From_God
18> 2 : 1@Mission_From_God
19> 1 : 0@Mission_From_God
20> 4 : .@Mission_From_God
21> 1 : 0@Mission_From_God
22> 2 : 1@Mission_From_God
23> 1 : 0@Mission_From_God
24> 1 : 0@Mission_From_God
#################### end of cavern log file ####################
done
calculating basic statistics ... done
processing extended elevation ... done
processing references ... done
selecting export objects ... done
processing projection plan ... done
average distortion: 0.05%
writing Mission_From_God_&_Waterfall_Chamber.pdf ...
####################### metapost log file ########################
This is MetaPost, version 1.209 (kpathsea version 5.1.0) (mem=mpost 2010.01.31)  22 APR 2019 06:12
**data.mp
(./data.mp
{randomseed:=42}
 [4001] [4002] [4003] [4004] [4005] [4006] [4007] [4008] [4009] [4010] [4011] [
4012] [4013]
[1] [2] [3] [4] [5] [6] [7] [8] [9] (./mptextmp.mp) [10] )
 
Here is how much of MetaPost's memory you used:
 1108 strings out of 1162
 13726 string characters out of 20720
 69770 words of memory out of 1500000
 1401 symbolic tokens out of 16384
 11i,75n,16p,443b,5f stack positions out of 300i,84n,5000p,487b,15f
 112 string compactions (moved 1425189 characters, 113266 strings)
23 output files written: data.1 .. data.4013

#################### end of metapost log file ####################
converting scraps ... done
making map ... done
######################## pdftex log file #########################
This is pdfTeX, Version 3.1415926-1.40.10 (Web2C 2009) (format=pdftex 2010.1.2)  22 APR 2019 06:12
entering extended mode
**data.tex
(./data.tex (./th_enc.tex) (./th_texts.tex) (./th_resources.tex
(c:/Program Files (x86)/Therion/texmf/tex/glyphtounicode.tex))
(./th_fontdef.tex{c:/Program Files (x86)/Therion/texmf/fonts/pdftex.map})
(./th_formdef.tex) (./th_pagedef.tex) (./th_pages.tex)
 60 numeric registers used out of 32768
 [1] ) 
Here is how much of TeX's memory you used:
 257 strings out of 95617
 2608 string characters out of 1171098
 61783 words of memory out of 1544761
 1670 multiletter control sequences out of 15000+50000
 20080 words of font info for 63 fonts, out of 1000000 for 2000
 849 hyphenation exceptions out of 1000
 9i,5n,8p,238b,58s stack positions out of 5000i,500n,10000p,200000b,50000s
<c:/Program Files (x86)/Therion/texmf/fonts/type1/cmss10.pfb><c:/Program 
Files (x86)/Therion/texmf/fonts/type1/cmssi10.pfb>
Output written on data.pdf (1 page, 66430 bytes).
PDF statistics:
 55 PDF objects out of 1000 (max. 8388607)
 0 named destinations out of 1000 (max. 500000)
 125 words of extra memory for PDF output out of 10000 (max. 10000000)


##################### end of pdftex log file #####################
done
writing xtherion file ... done
compilation time: 2 sec


###################### scrap distortions #######################
 PROJECTION: plan
 AVERAGE  MAXIMAL  SCRAP
   0.06%    0.77%  bago'bones-BAGPLANp@Mission_From_God
   0.04%    0.52%  bago'bones-WATERFALLCHAMBERp@Mission_From_God
################### end of scrap distortions ###################
