therion 5.4.1 (2017-04-18)
initialization file: C:\Program Files (x86)\Therion/therion.ini
reading ... done
configuration file: thconfig
reading ... done
reading source files ... done
preprocessing database ... done
scanning centreline tree ... done
searching for centerline loops ... done
calculating station coordinates ... done
processing survey data ... 
####################### cavern log file ########################
 1> Survex 1.2.38
 2> Copyright ¸ 1990-2018 Olly Betts
 3> Survey has no fixed points. Therefore I've fixed 1 at (0,0,0)
 4> 
 5> Survey contains 384 survey stations, joined by 383 legs.
 6> There is 1 loop.
 7> Survey has 2 connected components.
 8> Total length of survey legs =  899.38m ( 899.38m adjusted)
 9> Total plan length of survey legs =  706.52m
10> Total vertical length of survey legs =  325.82m
11> Vertical range = 23.82m (from 119 at 4.63m to 297 at -19.20m)
12> North-South range = 33.42m (from 31 at 14.72m to 259 at -18.70m)
13> East-West range = 78.91m (from 350 at 74.59m to 378 at -4.32m)
14>  324 1-nodes.
15>    2 2-nodes.
16>    2 4-nodes.
17>   20 5-nodes.
18>   15 6-nodes.
19>    6 7-nodes.
20>    4 8-nodes.
21>    3 9-nodes.
22>    1 11-node.
23>    2 12-nodes.
24>    1 14-node.
25>    1 17-node.
26>    1 20-node.
27>    1 24-node.
28>    1 29-node.
29> 
######################### transcription ########################
 3> 1 : 1.0@mousehouse
 5> 384 : -@mousehouse -- 383 : -@mousehouse
 6> 1 : 1.0@mousehouse
 7> 2 : -@mousehouse
11> 119 : -@mousehouse -- 297 : -@mousehouse
12> 31 : -@mousehouse -- 259 : -@mousehouse
13> 350 : -@mousehouse -- 378 : -@mousehouse
14> 324 : 2.18@mousehouse
15> 2 : -@mousehouse
16> 2 : -@mousehouse
17> 20 : 1.3@mousehouse
18> 15 : -@mousehouse
19> 6 : -@mousehouse
20> 4 : -@mousehouse
21> 3 : -@mousehouse
22> 1 : 1.0@mousehouse
23> 2 : -@mousehouse
24> 1 : 1.0@mousehouse
25> 1 : 1.0@mousehouse
26> 1 : 1.0@mousehouse
27> 1 : 1.0@mousehouse
28> 1 : 1.0@mousehouse
#################### end of cavern log file ####################
done
calculating basic statistics ... done
processing extended elevation ... done
processing references ... done
selecting export objects ... done
processing projection plan ... done
average distortion: 0.03%
writing mousehouse.pdf ...
####################### metapost log file ########################
This is MetaPost, version 1.209 (kpathsea version 5.1.0) (mem=mpost 2010.01.31)  25 SEP 2019 23:24
**data.mp
(./data.mp [4001] [4002] [4003] [4004] [4005] [4006] [4007] [4008] [4009] [4010
] [4011] [4012] [4013]
[1]
[Warning: scrap outline intersects itself in scrap mousehouseSP1@mousehouse]
[2] [3] [4] [5] [6] [7] [8] [9] [10] (./mptextmp.mp) [11] )
 
Here is how much of MetaPost's memory you used:
 1109 strings out of 1162
 13282 string characters out of 15838
 68427 words of memory out of 1500000
 1385 symbolic tokens out of 16384
 11i,75n,14p,197b,4f stack positions out of 300i,84n,5000p,200b,15f
 70 string compactions (moved 829039 characters, 66836 strings)
24 output files written: data.1 .. data.4013

#################### end of metapost log file ####################
converting scraps ... done
making map ... done
######################## pdftex log file #########################
This is pdfTeX, Version 3.1415926-1.40.10 (Web2C 2009) (format=pdftex 2010.1.2)  25 SEP 2019 23:24
entering extended mode
**data.tex
(./data.tex (./th_enc.tex) (./th_texts.tex) (./th_resources.tex
(c:/Program Files (x86)/Therion/texmf/tex/glyphtounicode.tex))
(./th_fontdef.tex{c:/Program Files (x86)/Therion/texmf/fonts/pdftex.map})
(./th_formdef.tex) (./th_pagedef.tex) (./th_pages.tex)
 62 numeric registers used out of 32768
 [1] ) 
Here is how much of TeX's memory you used:
 259 strings out of 95617
 2629 string characters out of 1171098
 63411 words of memory out of 1545389
 1672 multiletter control sequences out of 15000+50000
 20080 words of font info for 63 fonts, out of 1000000 for 2000
 849 hyphenation exceptions out of 1000
 9i,5n,8p,238b,58s stack positions out of 5000i,500n,10000p,200000b,50000s
<c:/Program Files (x86)/Therion/texmf/fonts/type1/cmss10.pfb><c:/Program 
Files (x86)/Therion/texmf/fonts/type1/cmssi10.pfb>
Output written on data.pdf (1 page, 76769 bytes).
PDF statistics:
 57 PDF objects out of 1000 (max. 8388607)
 0 named destinations out of 1000 (max. 500000)
 131 words of extra memory for PDF output out of 10000 (max. 10000000)


##################### end of pdftex log file #####################
done
writing xtherion file ... 
C:\Program Files (x86)\Therion\therion.exe: warning -- can't open xtherion file for output -- thconfig.xth
compilation time: 1 sec


###################### scrap distortions #######################
 PROJECTION: plan
 AVERAGE  MAXIMAL  SCRAP
   0.03%    0.79%  mousehouseSP3@mousehouse
   0.03%    0.76%  mousehouseSP1@mousehouse
   0.04%    0.45%  mousehouseSP2@mousehouse
################### end of scrap distortions ###################
