therion 5.4.1 (2017-04-18)
initialization file: C:\Program Files (x86)\Therion/therion.ini
reading ... done
configuration file: thconfig
reading ... done
reading source files ... done
preprocessing database ... done
scanning centreline tree ... done
searching for centerline loops ... done
calculating station coordinates ... done
processing survey data ... 
####################### cavern log file ########################
 1> Survex 1.2.38
 2> Copyright ¸ 1990-2018 Olly Betts
 3> Survey has no fixed points. Therefore I've fixed 1 at (0,0,0)
 4> 
 5> Survey contains 91 survey stations, joined by 90 legs.
 6> There is 1 loop.
 7> Survey has 2 connected components.
 8> Total length of survey legs =  449.67m ( 449.67m adjusted)
 9> Total plan length of survey legs =  428.81m
10> Total vertical length of survey legs =   77.06m
11> Vertical range = 7.33m (from 90 at 2.07m to 52 at -5.27m)
12> North-South range = 37.44m (from 20 at 7.31m to 89 at -30.13m)
13> East-West range = 38.37m (from 88 at 16.47m to 46 at -21.90m)
14>   82 1-nodes.
15>    1 5-node.
16>    1 7-node.
17>    2 9-nodes.
18>    1 11-node.
19>    1 12-node.
20>    2 13-nodes.
21>    1 19-node.
22> 
######################### transcription ########################
 3> 1 : 601.2@First-guano
 5> 91 : -@First-guano -- 90 : -@First-guano
 6> 1 : 601.2@First-guano
 7> 2 : -@First-guano
11> 90 : -@First-guano -- 52 : -@First-guano
12> 20 : 601.4@First-guano -- 89 : -@First-guano
13> 88 : -@First-guano -- 46 : -@First-guano
14> 82 : -@First-guano
15> 1 : 601.2@First-guano
16> 1 : 601.2@First-guano
17> 2 : -@First-guano
18> 1 : 601.2@First-guano
19> 1 : 601.2@First-guano
20> 2 : -@First-guano
21> 1 : 601.2@First-guano
#################### end of cavern log file ####################
done
calculating basic statistics ... done
processing extended elevation ... done
processing references ... done
selecting export objects ... done
processing projection plan ... done
average distortion: 0.00%
writing First-guano.pdf ...
####################### metapost log file ########################
This is MetaPost, version 1.209 (kpathsea version 5.1.0) (mem=mpost 2010.01.31)  22 APR 2019 23:53
**data.mp
(./data.mp [4001] [4002] [4003] [4004] [4005] [4006] [4007] [4008] [4009] [4010
] [4011] [4012] [4013]
[1] [2] [3] [4] (./mptextmp.mp) [5] )
 
Here is how much of MetaPost's memory you used:
 1043 strings out of 1162
 13221 string characters out of 15838
 60223 words of memory out of 1500000
 1385 symbolic tokens out of 16384
 8i,75n,11p,197b,4f stack positions out of 300i,84n,5000p,200b,15f
 22 string compactions (moved 191668 characters, 15718 strings)
18 output files written: data.1 .. data.4013

#################### end of metapost log file ####################
converting scraps ... done
making map ... done
######################## pdftex log file #########################
This is pdfTeX, Version 3.1415926-1.40.10 (Web2C 2009) (format=pdftex 2010.1.2)  22 APR 2019 23:53
entering extended mode
**data.tex
(./data.tex (./th_enc.tex) (./th_texts.tex) (./th_resources.tex
(c:/Program Files (x86)/Therion/texmf/tex/glyphtounicode.tex))
(./th_fontdef.tex{c:/Program Files (x86)/Therion/texmf/fonts/pdftex.map})
(./th_formdef.tex) (./th_pagedef.tex) (./th_pages.tex)
 53 numeric registers used out of 32768
 [1] ) 
Here is how much of TeX's memory you used:
 250 strings out of 95617
 2539 string characters out of 1171098
 20066 words of memory out of 1507044
 1663 multiletter control sequences out of 15000+50000
 20080 words of font info for 63 fonts, out of 1000000 for 2000
 849 hyphenation exceptions out of 1000
 9i,5n,8p,238b,58s stack positions out of 5000i,500n,10000p,200000b,50000s
<c:/Program Files (x86)/Therion/texmf/fonts/type1/cmss10.pfb><c:/Program 
Files (x86)/Therion/texmf/fonts/type1/cmssi10.pfb>
Output written on data.pdf (1 page, 22612 bytes).
PDF statistics:
 40 PDF objects out of 1000 (max. 8388607)
 0 named destinations out of 1000 (max. 500000)
 79 words of extra memory for PDF output out of 10000 (max. 10000000)


##################### end of pdftex log file #####################
done
writing First-guanoth.3d ... done
writing xtherion file ... done
compilation time: 0 sec


###################### scrap distortions #######################
 PROJECTION: plan
 AVERAGE  MAXIMAL  SCRAP
   0.00%    0.00%  guanoSP1@First-guano
################### end of scrap distortions ###################
