therion 5.4.1 (2017-04-18)
initialization file: C:\Program Files (x86)\Therion/therion.ini
reading ... done
configuration file: thconfig
reading ... done
reading source files ... done
preprocessing database ... done
scanning centreline tree ... done
searching for centerline loops ... done
calculating station coordinates ... done
processing survey data ... 
####################### cavern log file ########################
 1> Survex 1.2.38
 2> Copyright ¸ 1990-2018 Olly Betts
 3> Survey has no fixed points. Therefore I've fixed 1 at (0,0,0)
 4> 
 5> Survey contains 57 survey stations, joined by 56 legs.
 6> There are 0 loops.
 7> Total length of survey legs =  406.00m ( 406.00m adjusted)
 8> Total plan length of survey legs =  386.45m
 9> Total vertical length of survey legs =   66.24m
10> Vertical range = 12.67m (from 5 at 12.19m to 9 at -0.48m)
11> North-South range = 39.82m (from 41 at 38.01m to 10 at -1.81m)
12> East-West range = 30.59m (from 44 at 4.78m to 11 at -25.81m)
13>   51 1-nodes.
14>    1 3-node.
15>    2 5-nodes.
16>    1 8-node.
17>    1 18-node.
18>    1 22-node.
19> 
######################### transcription ########################
 3> 1 : 910.0@EoEAdrianAlice
 5> 57 : -@EoEAdrianAlice -- 56 : -@EoEAdrianAlice
10> 5 : -@EoEAdrianAlice -- 9 : -@EoEAdrianAlice
11> 41 : -@EoEAdrianAlice -- 10 : -@EoEAdrianAlice
12> 44 : -@EoEAdrianAlice -- 11 : -@EoEAdrianAlice
13> 51 : -@EoEAdrianAlice
14> 1 : 910.0@EoEAdrianAlice
15> 2 : 910.1@EoEAdrianAlice
16> 1 : 910.0@EoEAdrianAlice
17> 1 : 910.0@EoEAdrianAlice
18> 1 : 910.0@EoEAdrianAlice
#################### end of cavern log file ####################
done
calculating basic statistics ... done
processing extended elevation ... done
processing references ... done
selecting export objects ... done
writing EoEAdrianAlice-th.3d ... done
processing projection plan ... done
average distortion: 0.02%
writing EoEAdrianAlice-plan.pdf ...
####################### metapost log file ########################
This is MetaPost, version 1.209 (kpathsea version 5.1.0) (mem=mpost 2010.01.31)  26 SEP 2019 05:36
**data.mp
(./data.mp [4001] [4002] [4003] [4004] [4005] [4006] [4007] [4008] [4009] [4010
] [4011] [4012] [4013]
[1] [2] [3] [4] (./mptextmp.mp) [5] )
 
Here is how much of MetaPost's memory you used:
 1049 strings out of 1162
 13306 string characters out of 20720
 100977 words of memory out of 1500000
 1385 symbolic tokens out of 16384
 11i,75n,14p,197b,4f stack positions out of 300i,84n,5000p,200b,15f
 20 string compactions (moved 171309 characters, 14042 strings)
18 output files written: data.1 .. data.4013

#################### end of metapost log file ####################
converting scraps ... done
making map ... done
######################## pdftex log file #########################
This is pdfTeX, Version 3.1415926-1.40.10 (Web2C 2009) (format=pdftex 2010.1.2)  26 SEP 2019 05:36
entering extended mode
**data.tex
(./data.tex (./th_enc.tex) (./th_texts.tex) (./th_resources.tex
(c:/Program Files (x86)/Therion/texmf/tex/glyphtounicode.tex))
(./th_fontdef.tex{c:/Program Files (x86)/Therion/texmf/fonts/pdftex.map})
(./th_formdef.tex) (./th_pagedef.tex) (./th_pages.tex)
 53 numeric registers used out of 32768
 [1] ) 
Here is how much of TeX's memory you used:
 248 strings out of 95617
 2524 string characters out of 1171098
 107438 words of memory out of 1582416
 1663 multiletter control sequences out of 15000+50000
 16503 words of font info for 54 fonts, out of 1000000 for 2000
 849 hyphenation exceptions out of 1000
 6i,5n,6p,238b,36s stack positions out of 5000i,500n,10000p,200000b,50000s
<c:/Program Files (x86)/Therion/texmf/fonts/type1/cmss10.pfb>
Output written on data.pdf (1 page, 31435 bytes).
PDF statistics:
 35 PDF objects out of 1000 (max. 8388607)
 0 named destinations out of 1000 (max. 500000)
 79 words of extra memory for PDF output out of 10000 (max. 10000000)


##################### end of pdftex log file #####################
done
writing xtherion file ... done
compilation time: 1 sec


###################### scrap distortions #######################
 PROJECTION: plan
 AVERAGE  MAXIMAL  SCRAP
   0.02%    0.13%  EoEAdrianAlice-SP1@EoEAdrianAlice
################### end of scrap distortions ###################
