therion 5.4.1 (2017-04-18)
initialization file: C:\Program Files (x86)\Therion/therion.ini
reading ... done
configuration file: thconfig
reading ... done
reading source files ... done
preprocessing database ... done
scanning centreline tree ... done
searching for centerline loops ... done
calculating station coordinates ... done
processing survey data ... 
####################### cavern log file ########################
 1> Survex 1.2.38
 2> Copyright ¸ 1990-2018 Olly Betts
 3> Survey has no fixed points. Therefore I've fixed 1 at (0,0,0)
 4> 
 5> Survey contains 133 survey stations, joined by 132 legs.
 6> There are 0 loops.
 7> Total length of survey legs =  131.05m ( 131.05m adjusted)
 8> Total plan length of survey legs =  115.98m
 9> Total vertical length of survey legs =   35.57m
10> Vertical range = 2.29m (from 57 at 0.51m to 113 at -1.78m)
11> North-South range = 7.33m (from 103 at 5.89m to 8 at -1.44m)
12> East-West range = 18.16m (from 1 at 0.00m to 113 at -18.16m)
13>  122 1-nodes.
14>    1 5-node.
15>    1 6-node.
16>    1 9-node.
17>    2 11-nodes.
18>    2 13-nodes.
19>    1 14-node.
20>    1 15-node.
21>    1 20-node.
22>    1 25-node.
23> 
######################### transcription ########################
 3> 1 : 934.33@ScallopRunAdrianAlice
 5> 133 : -@ScallopRunAdrianAlice -- 132 : -@ScallopRunAdrianAlice
10> 57 : -@ScallopRunAdrianAlice -- 113 : -@ScallopRunAdrianAlice
11> 103 : -@ScallopRunAdrianAlice -- 8 : -@ScallopRunAdrianAlice
12> 1 : 934.33@ScallopRunAdrianAlice -- 113 : -@ScallopRunAdrianAlice
13> 122 : -@ScallopRunAdrianAlice
14> 1 : 934.33@ScallopRunAdrianAlice
15> 1 : 934.33@ScallopRunAdrianAlice
16> 1 : 934.33@ScallopRunAdrianAlice
17> 2 : 934.34@ScallopRunAdrianAlice
18> 2 : 934.34@ScallopRunAdrianAlice
19> 1 : 934.33@ScallopRunAdrianAlice
20> 1 : 934.33@ScallopRunAdrianAlice
21> 1 : 934.33@ScallopRunAdrianAlice
22> 1 : 934.33@ScallopRunAdrianAlice
#################### end of cavern log file ####################
done
calculating basic statistics ... done
processing extended elevation ... done
processing references ... done
selecting export objects ... done
writing ScallopRunAdrianAlice-th.3d ... done
processing projection plan ... done
average distortion: 0.07%
writing ScallopRunAdrianAlice-plan.pdf ...
####################### metapost log file ########################
This is MetaPost, version 1.209 (kpathsea version 5.1.0) (mem=mpost 2010.01.31)  25 SEP 2019 16:07
**data.mp
(./data.mp [4001] [4002] [4003] [4004] [4005] [4006] [4007] [4008] [4009] [4010
] [4011] [4012] [4013]
[1] [2] [3] [4] (./mptextmp.mp) [5] )
 
Here is how much of MetaPost's memory you used:
 1069 strings out of 1162
 13369 string characters out of 15838
 60470 words of memory out of 1500000
 1385 symbolic tokens out of 16384
 8i,75n,11p,197b,4f stack positions out of 300i,84n,5000p,200b,15f
 26 string compactions (moved 245439 characters, 19998 strings)
18 output files written: data.1 .. data.4013

#################### end of metapost log file ####################
converting scraps ... done
making map ... done
######################## pdftex log file #########################
This is pdfTeX, Version 3.1415926-1.40.10 (Web2C 2009) (format=pdftex 2010.1.2)  25 SEP 2019 16:07
entering extended mode
**data.tex
(./data.tex (./th_enc.tex) (./th_texts.tex) (./th_resources.tex
(c:/Program Files (x86)/Therion/texmf/tex/glyphtounicode.tex))
(./th_fontdef.tex{c:/Program Files (x86)/Therion/texmf/fonts/pdftex.map})
(./th_formdef.tex) (./th_pagedef.tex) (./th_pages.tex)
 54 numeric registers used out of 32768
 [1] ) 
Here is how much of TeX's memory you used:
 249 strings out of 95617
 2528 string characters out of 1171098
 25482 words of memory out of 1511460
 1664 multiletter control sequences out of 15000+50000
 16503 words of font info for 54 fonts, out of 1000000 for 2000
 849 hyphenation exceptions out of 1000
 6i,5n,6p,238b,36s stack positions out of 5000i,500n,10000p,200000b,50000s
<c:/Program Files (x86)/Therion/texmf/fonts/type1/cmss10.pfb>
Output written on data.pdf (1 page, 17682 bytes).
PDF statistics:
 36 PDF objects out of 1000 (max. 8388607)
 0 named destinations out of 1000 (max. 500000)
 83 words of extra memory for PDF output out of 10000 (max. 10000000)


##################### end of pdftex log file #####################
done
writing xtherion file ... done
compilation time: 1 sec


###################### scrap distortions #######################
 PROJECTION: plan
 AVERAGE  MAXIMAL  SCRAP
   0.07%    0.97%  ScallopRunAdrianAlice-SP1@ScallopRunAdrianAlice
################### end of scrap distortions ###################
