therion 5.4.3 (2019-02-01)
initialization file: C:\Program Files (x86)\Therion/therion.ini
reading ... done
configuration file: thconfig
reading ... done
reading source files ... done
preprocessing database ... done
scanning centreline tree ... done
searching for centerline loops ... done
calculating station coordinates ... done
processing survey data ... 
####################### cavern log file ########################
 1> Survex 1.2.30
 2> Copyright ¸ 1990-2016 Olly Betts
 3> Survey has no control points. Therefore I've fixed 1 at (0,0,0)
 4> 
 5> Survey contains 94 survey stations, joined by 93 shots.
 6> There is 1 loop.
 7> Survey has 2 connected components.
 8> Total length of survey shots =  388.59m ( 388.59m adjusted)
 9> Total plan length of survey shots =  285.72m
10> Total vertical length of survey shots =  200.63m
11> Vertical range = 25.32m (from 53 at 17.19m to 93 at -8.13m)
12> North-South range = 57.49m (from 42 at 32.81m to 93 at -24.68m)
13> East-West range = 32.05m (from 94 at 28.88m to 55 at -3.17m)
14>   72 1-nodes.
15>    4 2-nodes.
16>    2 3-nodes.
17>    5 5-nodes.
18>    7 6-nodes.
19>    2 7-nodes.
20>    1 9-node.
21>    1 10-node.
22> 
######################### transcription ########################
 3> 1 : 0@praise_the_lord
 5> 94 : 26@praise_the_lord -- 93 : 25@praise_the_lord
 6> 1 : 0@praise_the_lord
 7> 2 : 1@praise_the_lord
11> 53 : .@praise_the_lord -- 93 : 25@praise_the_lord
12> 42 : .@praise_the_lord -- 93 : 25@praise_the_lord
13> 94 : 26@praise_the_lord -- 55 : .@praise_the_lord
14> 72 : .@praise_the_lord
15> 4 : .@praise_the_lord
16> 2 : 1@praise_the_lord
17> 5 : .@praise_the_lord
18> 7 : .@praise_the_lord
19> 2 : 1@praise_the_lord
20> 1 : 0@praise_the_lord
21> 1 : 0@praise_the_lord
#################### end of cavern log file ####################
done
calculating basic statistics ... done
processing extended elevation ... done
processing references ... done
selecting export objects ... done
processing projection plan ... done
average distortion: 0.04%
writing Praise_the_Lord.pdf ...
####################### metapost log file ########################
This is MetaPost, version 1.209 (kpathsea version 5.1.0) (mem=mpost 2010.01.31)  22 APR 2019 05:36
**data.mp
(./data.mp
{randomseed:=42}
 [4001] [4002] [4003] [4004] [4005] [4006] [4007] [4008] [4009] [4010] [4011] [
4012] [4013]
[1]
[Warning: scrap outline intersects itself in scrap praise_the_lord-1p@praise_th
e_lord] [2] [3] [4] [5] (./mptextmp.mp) [6] )
 
Here is how much of MetaPost's memory you used:
 1115 strings out of 1162
 13768 string characters out of 20720
 70453 words of memory out of 1500000
 1403 symbolic tokens out of 16384
 11i,75n,16p,339b,5f stack positions out of 300i,84n,5000p,390b,15f
 129 string compactions (moved 1651781 characters, 129170 strings)
19 output files written: data.1 .. data.4013

#################### end of metapost log file ####################
converting scraps ... done
making map ... done
######################## pdftex log file #########################
This is pdfTeX, Version 3.1415926-1.40.10 (Web2C 2009) (format=pdftex 2010.1.2)  22 APR 2019 05:37
entering extended mode
**data.tex
(./data.tex (./th_enc.tex) (./th_texts.tex) (./th_resources.tex
(c:/Program Files (x86)/Therion/texmf/tex/glyphtounicode.tex))
(./th_fontdef.tex{c:/Program Files (x86)/Therion/texmf/fonts/pdftex.map})
(./th_formdef.tex) (./th_pagedef.tex) (./th_pages.tex)
 55 numeric registers used out of 32768
 [1] ) 
Here is how much of TeX's memory you used:
 252 strings out of 95617
 2554 string characters out of 1171098
 66674 words of memory out of 1549652
 1665 multiletter control sequences out of 15000+50000
 20080 words of font info for 63 fonts, out of 1000000 for 2000
 849 hyphenation exceptions out of 1000
 9i,5n,8p,238b,58s stack positions out of 5000i,500n,10000p,200000b,50000s
<c:/Program Files (x86)/Therion/texmf/fonts/type1/cmss10.pfb><c:/Program 
Files (x86)/Therion/texmf/fonts/type1/cmssi10.pfb>
Output written on data.pdf (1 page, 61255 bytes).
PDF statistics:
 43 PDF objects out of 1000 (max. 8388607)
 0 named destinations out of 1000 (max. 500000)
 89 words of extra memory for PDF output out of 10000 (max. 10000000)


##################### end of pdftex log file #####################
done
writing xtherion file ... done
compilation time: 2 sec


###################### scrap distortions #######################
 PROJECTION: plan
 AVERAGE  MAXIMAL  SCRAP
   0.04%    2.78%  praise_the_lord-1p@praise_the_lord
################### end of scrap distortions ###################
