therion 5.4.1 (2017-04-18)
initialization file: C:\Program Files (x86)\Therion/therion.ini
reading ... done
configuration file: thconfig
reading ... done
reading source files ... done
preprocessing database ... done
scanning centreline tree ... done
searching for centerline loops ... done
calculating station coordinates ... done
processing survey data ... 
####################### cavern log file ########################
 1> Survex 1.2.38
 2> Copyright ¸ 1990-2018 Olly Betts
 3> Survey has no fixed points. Therefore I've fixed 1 at (0,0,0)
 4> 
 5> Survey contains 77 survey stations, joined by 76 legs.
 6> There are 0 loops.
 7> Total length of survey legs =  304.01m ( 304.01m adjusted)
 8> Total plan length of survey legs =  271.07m
 9> Total vertical length of survey legs =   63.92m
10> Vertical range = 25.03m (from 77 at 16.92m to 17 at -8.11m)
11> North-South range = 32.83m (from 66 at 32.20m to 4 at -0.64m)
12> East-West range = 58.08m (from 77 at 58.08m to 2 at 0.00m)
13>   67 1-nodes.
14>    1 2-node.
15>    1 5-node.
16>    1 6-node.
17>    1 7-node.
18>    3 10-nodes.
19>    2 11-nodes.
20>    1 13-node.
21> 
######################### transcription ########################
 3> 1 : 1.0@belhaver
 5> 77 : -@belhaver -- 76 : -@belhaver
10> 77 : -@belhaver -- 17 : -@belhaver
11> 66 : -@belhaver -- 4 : -@belhaver
12> 77 : -@belhaver -- 2 : 290.0@belhaver
13> 67 : -@belhaver
14> 1 : 1.0@belhaver
15> 1 : 1.0@belhaver
16> 1 : 1.0@belhaver
17> 1 : 1.0@belhaver
18> 3 : 290.1@belhaver
19> 2 : 290.0@belhaver
20> 1 : 1.0@belhaver
#################### end of cavern log file ####################
done
calculating basic statistics ... done
processing extended elevation ... done
processing references ... done
selecting export objects ... done
processing projection plan ... done
average distortion: 0.02%
writing belhaver.pdf ...
####################### metapost log file ########################
This is MetaPost, version 1.209 (kpathsea version 5.1.0) (mem=mpost 2010.01.31)  22 APR 2019 18:11
**data.mp
(./data.mp [4001] [4002] [4003] [4004] [4005] [4006] [4007] [4008] [4009] [4010
] [4011] [4012] [4013]
[1]
[Warning: scrap outline intersects itself in scrap belhaverSP1@belhaver] [2]
[3] [4] (./mptextmp.mp) [5] )
 
Here is how much of MetaPost's memory you used:
 1050 strings out of 1162
 13221 string characters out of 20720
 60318 words of memory out of 1500000
 1385 symbolic tokens out of 16384
 8i,75n,11p,197b,4f stack positions out of 300i,84n,5000p,200b,15f
 25 string compactions (moved 230999 characters, 18796 strings)
18 output files written: data.1 .. data.4013

#################### end of metapost log file ####################
converting scraps ... done
making map ... done
######################## pdftex log file #########################
This is pdfTeX, Version 3.1415926-1.40.10 (Web2C 2009) (format=pdftex 2010.1.2)  22 APR 2019 18:11
entering extended mode
**data.tex
(./data.tex (./th_enc.tex) (./th_texts.tex) (./th_resources.tex
(c:/Program Files (x86)/Therion/texmf/tex/glyphtounicode.tex))
(./th_fontdef.tex{c:/Program Files (x86)/Therion/texmf/fonts/pdftex.map})
(./th_formdef.tex) (./th_pagedef.tex) (./th_pages.tex)
 53 numeric registers used out of 32768
 [1] ) 
Here is how much of TeX's memory you used:
 250 strings out of 95617
 2539 string characters out of 1171098
 22894 words of memory out of 1509872
 1663 multiletter control sequences out of 15000+50000
 20080 words of font info for 63 fonts, out of 1000000 for 2000
 849 hyphenation exceptions out of 1000
 9i,5n,8p,238b,58s stack positions out of 5000i,500n,10000p,200000b,50000s
<c:/Program Files (x86)/Therion/texmf/fonts/type1/cmss10.pfb><c:/Program 
Files (x86)/Therion/texmf/fonts/type1/cmssi10.pfb>
Output written on data.pdf (1 page, 25052 bytes).
PDF statistics:
 40 PDF objects out of 1000 (max. 8388607)
 0 named destinations out of 1000 (max. 500000)
 79 words of extra memory for PDF output out of 10000 (max. 10000000)


##################### end of pdftex log file #####################
done
writing belhaverth.3d ... done
writing xtherion file ... done
compilation time: 2 sec


###################### scrap distortions #######################
 PROJECTION: plan
 AVERAGE  MAXIMAL  SCRAP
   0.02%    0.32%  belhaverSP1@belhaver
################### end of scrap distortions ###################
