therion 5.4.1 (2017-04-18)
initialization file: C:\Program Files (x86)\Therion/therion.ini
reading ... done
configuration file: thconfig
reading ... done
reading source files ... done
preprocessing database ... done
scanning centreline tree ... done
searching for centerline loops ... done
calculating station coordinates ... done
processing survey data ... 
####################### cavern log file ########################
 1> Survex 1.2.38
 2> Copyright ¸ 1990-2018 Olly Betts
 3> Survey has no fixed points. Therefore I've fixed 1 at (0,0,0)
 4> 
 5> Survey contains 31 survey stations, joined by 30 legs.
 6> There is 1 loop.
 7> Survey has 2 connected components.
 8> Total length of survey legs =  120.42m ( 120.42m adjusted)
 9> Total plan length of survey legs =  111.00m
10> Total vertical length of survey legs =   28.62m
11> Vertical range = 3.78m (from 3 at 3.51m to 10 at -0.27m)
12> North-South range = 23.95m (from 31 at 23.95m to 2 at 0.00m)
13> East-West range = 30.20m (from 31 at 30.20m to 2 at 0.00m)
14>   27 1-nodes.
15>    1 5-node.
16>    1 6-node.
17>    1 10-node.
18>    1 12-node.
19> 
######################### transcription ########################
 3> 1 : 200.1@Shinlet
 5> 31 : -@Shinlet -- 30 : -@Shinlet
 6> 1 : 200.1@Shinlet
 7> 2 : -@Shinlet
11> 3 : -@Shinlet -- 10 : -@Shinlet
12> 31 : -@Shinlet -- 2 : -@Shinlet
13> 31 : -@Shinlet -- 2 : -@Shinlet
14> 27 : -@Shinlet
15> 1 : 200.1@Shinlet
16> 1 : 200.1@Shinlet
17> 1 : 200.1@Shinlet
18> 1 : 200.1@Shinlet
#################### end of cavern log file ####################
done
calculating basic statistics ... done
processing extended elevation ... done
processing references ... done
selecting export objects ... done
processing projection plan ... done
average distortion: 0.02%
writing Shinlet.pdf ...
####################### metapost log file ########################
This is MetaPost, version 1.209 (kpathsea version 5.1.0) (mem=mpost 2010.01.31)  23 APR 2019 00:13
**data.mp
(./data.mp [4001] [4002] [4003] [4004] [4005] [4006] [4007] [4008] [4009] [4010
] [4011] [4012] [4013]
[1]
[Warning: scrap outline intersects itself in scrap ShinletSP1@Shinlet] [2]
[3] [4] (./mptextmp.mp) [5] )
 
Here is how much of MetaPost's memory you used:
 1044 strings out of 1162
 13221 string characters out of 15838
 59943 words of memory out of 1500000
 1385 symbolic tokens out of 16384
 8i,75n,11p,197b,4f stack positions out of 300i,84n,5000p,200b,15f
 18 string compactions (moved 144775 characters, 11986 strings)
18 output files written: data.1 .. data.4013

#################### end of metapost log file ####################
converting scraps ... done
making map ... done
######################## pdftex log file #########################
This is pdfTeX, Version 3.1415926-1.40.10 (Web2C 2009) (format=pdftex 2010.1.2)  23 APR 2019 00:13
entering extended mode
**data.tex
(./data.tex (./th_enc.tex) (./th_texts.tex) (./th_resources.tex
(c:/Program Files (x86)/Therion/texmf/tex/glyphtounicode.tex))
(./th_fontdef.tex{c:/Program Files (x86)/Therion/texmf/fonts/pdftex.map})
(./th_formdef.tex) (./th_pagedef.tex) (./th_pages.tex)
 53 numeric registers used out of 32768
 [1] ) 
Here is how much of TeX's memory you used:
 250 strings out of 95617
 2539 string characters out of 1171098
 17604 words of memory out of 1504582
 1663 multiletter control sequences out of 15000+50000
 20080 words of font info for 63 fonts, out of 1000000 for 2000
 849 hyphenation exceptions out of 1000
 9i,5n,8p,238b,58s stack positions out of 5000i,500n,10000p,200000b,50000s
<c:/Program Files (x86)/Therion/texmf/fonts/type1/cmss10.pfb><c:/Program 
Files (x86)/Therion/texmf/fonts/type1/cmssi10.pfb>
Output written on data.pdf (1 page, 20196 bytes).
PDF statistics:
 40 PDF objects out of 1000 (max. 8388607)
 0 named destinations out of 1000 (max. 500000)
 79 words of extra memory for PDF output out of 10000 (max. 10000000)


##################### end of pdftex log file #####################
done
writing Shinletth.3d ... done
writing xtherion file ... done
compilation time: 1 sec


###################### scrap distortions #######################
 PROJECTION: plan
 AVERAGE  MAXIMAL  SCRAP
   0.02%    0.11%  ShinletSP1@Shinlet
################### end of scrap distortions ###################
