therion 5.4.1 (2017-04-18)
initialization file: C:\Program Files (x86)\Therion/therion.ini
reading ... done
configuration file: thconfig
reading ... done
reading source files ... done
preprocessing database ... done
scanning centreline tree ... done
searching for centerline loops ... done
calculating station coordinates ... done
processing survey data ... 
####################### cavern log file ########################
 1> Survex 1.2.38
 2> Copyright ¸ 1990-2018 Olly Betts
 3> Survey has no fixed points. Therefore I've fixed 1 at (0,0,0)
 4> 
 5> Survey contains 68 survey stations, joined by 67 legs.
 6> There are 0 loops.
 7> Total length of survey legs =  436.31m ( 436.31m adjusted)
 8> Total plan length of survey legs =  411.88m
 9> Total vertical length of survey legs =   90.55m
10> Vertical range = 9.91m (from 41 at 4.61m to 35 at -5.30m)
11> North-South range = 36.49m (from 55 at 18.53m to 9 at -17.96m)
12> East-West range = 60.97m (from 1 at 0.00m to 41 at -60.97m)
13>   60 1-nodes.
14>    1 3-node.
15>    1 5-node.
16>    2 7-nodes.
17>    2 10-nodes.
18>    1 15-node.
19>    1 17-node.
20> 
######################### transcription ########################
 3> 1 : 301.2.22@Omen-dog-nw
 5> 68 : -@Omen-dog-nw -- 67 : -@Omen-dog-nw
10> 41 : -@Omen-dog-nw -- 35 : -@Omen-dog-nw
11> 55 : -@Omen-dog-nw -- 9 : -@Omen-dog-nw
12> 1 : 301.2.22@Omen-dog-nw -- 41 : -@Omen-dog-nw
13> 60 : -@Omen-dog-nw
14> 1 : 301.2.22@Omen-dog-nw
15> 1 : 301.2.22@Omen-dog-nw
16> 2 : 301.5.0@Omen-dog-nw
17> 2 : 301.5.0@Omen-dog-nw
18> 1 : 301.2.22@Omen-dog-nw
19> 1 : 301.2.22@Omen-dog-nw
#################### end of cavern log file ####################
done
calculating basic statistics ... done
processing extended elevation ... done
processing references ... done
selecting export objects ... done
writing Omen-dog-nw-th.3d ... done
writing xtherion file ... done
compilation time: 0 sec
