therion 5.4.1 (2017-04-18)
initialization file: C:\Program Files (x86)\Therion/therion.ini
reading ... done
configuration file: thconfig
reading ... done
reading source files ... done
preprocessing database ... done
scanning centreline tree ... done
searching for centerline loops ... done
calculating station coordinates ... done
processing survey data ... 
####################### cavern log file ########################
 1> Survex 1.2.38
 2> Copyright ¸ 1990-2018 Olly Betts
 3> Survey has no fixed points. Therefore I've fixed 1 at (0,0,0)
 4> 
 5> Survey contains 82 survey stations, joined by 81 legs.
 6> There are 0 loops.
 7> Total length of survey legs = 1179.01m (1179.01m adjusted)
 8> Total plan length of survey legs = 1173.05m
 9> Total vertical length of survey legs =   70.29m
10> Vertical range = 10.70m (from 32 at 3.30m to 76 at -7.39m)
11> North-South range = 581.07m (from 82 at 524.76m to 17 at -56.31m)
12> East-West range = 751.74m (from 82 at 751.74m to 1 at 0.00m)
13>    3 1-nodes.
14>   78 2-nodes.
15>    1 3-node.
16> 
######################### transcription ########################
 3> 1 : 1.42@mountaineye2
 5> 82 : 2.64@mountaineye2 -- 81 : 2.63@mountaineye2
10> 32 : 2.14@mountaineye2 -- 76 : 2.58@mountaineye2
11> 82 : 2.64@mountaineye2 -- 17 : 1.58@mountaineye2
12> 82 : 2.64@mountaineye2 -- 1 : 1.42@mountaineye2
13> 3 : 1.44@mountaineye2
14> 78 : 2.60@mountaineye2
15> 1 : 1.42@mountaineye2
#################### end of cavern log file ####################
done
calculating basic statistics ... done
processing extended elevation ... done
processing references ... done
selecting export objects ... done
processing projection plan ... done
average distortion: 0.01%
writing mountaineye_th2.pdf ...
####################### metapost log file ########################
This is MetaPost, version 1.209 (kpathsea version 5.1.0) (mem=mpost 2010.01.31)  27 SEP 2019 03:09
**data.mp
(./data.mp [4001] [4002] [4003] [4004] [4005] [4006] [4007] [4008] [4009] [4010
] [4011] [4012] [4013]
[4014] [1]
[Warning: scrap outline intersects itself in scrap ME2_scrapSP1@mountaineye2]
[2] [3] [4] (./mptextmp.mp) (./mptextmp.mp) (./mptextmp.mp) (./mptextmp.mp)
(./mptextmp.mp) (./mptextmp.mp) (./mptextmp.mp) [5] [6] [7] [8] [9] [10] [11]
[12] [13] [14] )
 
Here is how much of MetaPost's memory you used:
 1068 strings out of 1162
 14421 string characters out of 20720
 1495058 words of memory out of 1500000
 1396 symbolic tokens out of 16384
 11i,75n,14p,208b,4f stack positions out of 300i,84n,5000p,250b,15f
 95 string compactions (moved 1167301 characters, 91670 strings)
28 output files written: data.1 .. data.4014

#################### end of metapost log file ####################
converting scraps ... done
making map ... done
######################## pdftex log file #########################
This is pdfTeX, Version 3.1415926-1.40.10 (Web2C 2009) (format=pdftex 2010.1.2)  27 SEP 2019 03:09
entering extended mode
**data.tex
(./data.tex (./th_enc.tex) (./th_texts.tex) (./th_resources.tex
(c:/Program Files (x86)/Therion/texmf/tex/glyphtounicode.tex))
(./th_fontdef.tex{c:/Program Files (x86)/Therion/texmf/fonts/pdftex.map})
(./th_formdef.tex) (./th_pagedef.tex) (./th_pages.tex)
 62 numeric registers used out of 32768
 [1] ) 
Here is how much of TeX's memory you used:
 259 strings out of 95617
 2611 string characters out of 1171098
 3498705 words of memory out of 3500000
 1672 multiletter control sequences out of 15000+50000
 20080 words of font info for 63 fonts, out of 1000000 for 2000
 849 hyphenation exceptions out of 1000
 9i,5n,8p,238b,58s stack positions out of 5000i,500n,10000p,200000b,50000s
<c:/Program Files (x86)/Therion/texmf/fonts/type1/cmss10.pfb><c:/Program 
Files (x86)/Therion/texmf/fonts/type1/cmssi10.pfb>
Output written on data.pdf (1 page, 829767 bytes).
PDF statistics:
 58 PDF objects out of 1000 (max. 8388607)
 0 named destinations out of 1000 (max. 500000)
 133 words of extra memory for PDF output out of 10000 (max. 10000000)


##################### end of pdftex log file #####################
done
writing xtherion file ... 
C:\Program Files (x86)\Therion\therion.exe: warning -- can't open xtherion file for output -- thconfig.xth
compilation time: 9 sec


###################### scrap distortions #######################
 PROJECTION: plan
 AVERAGE  MAXIMAL  SCRAP
   0.01%    1.68%  ME2_scrapSP1@mountaineye2
################### end of scrap distortions ###################
