therion 5.4.1 (2017-04-18)
initialization file: C:\Program Files (x86)\Therion/therion.ini
reading ... done
configuration file: thconfig
reading ... done
reading source files ... done
preprocessing database ... done
scanning centreline tree ... done
searching for centerline loops ... done
calculating station coordinates ... done
processing survey data ... 
####################### cavern log file ########################
 1> Survex 1.2.38
 2> Copyright ¸ 1990-2018 Olly Betts
 3> Survey has no fixed points. Therefore I've fixed 1 at (0,0,0)
 4> 
 5> Survey contains 338 survey stations, joined by 337 legs.
 6> There are 0 loops.
 7> Total length of survey legs =  842.95m ( 842.95m adjusted)
 8> Total plan length of survey legs =  792.86m
 9> Total vertical length of survey legs =  136.39m
10> Vertical range = 9.03m (from 240 at 4.34m to 335 at -4.70m)
11> North-South range = 144.50m (from 333 at 142.63m to 5 at -1.86m)
12> East-West range = 77.48m (from 1 at 0.00m to 298 at -77.48m)
13>  279 1-nodes.
14>    1 4-node.
15>   18 5-nodes.
16>   16 6-nodes.
17>    9 7-nodes.
18>    6 8-nodes.
19>    5 9-nodes.
20>    2 10-nodes.
21>    1 14-node.
22>    1 15-node.
23> 
######################### transcription ########################
 3> 1 : 107.8@ld3
 5> 338 : -@ld3 -- 337 : -@ld3
10> 240 : -@ld3 -- 335 : -@ld3
11> 333 : -@ld3 -- 5 : -@ld3
12> 1 : 107.8@ld3 -- 298 : -@ld3
13> 279 : -@ld3
14> 1 : 107.8@ld3
15> 18 : -@ld3
16> 16 : -@ld3
17> 9 : -@ld3
18> 6 : -@ld3
19> 5 : -@ld3
20> 2 : 112.00@ld3
21> 1 : 107.8@ld3
22> 1 : 107.8@ld3
#################### end of cavern log file ####################
done
calculating basic statistics ... done
processing extended elevation ... done
processing references ... done
selecting export objects ... done
writing ld3-th.3d ... done
processing projection plan ... done
average distortion: 0.01%
writing ld3-plan.pdf ...
####################### metapost log file ########################
This is MetaPost, version 1.209 (kpathsea version 5.1.0) (mem=mpost 2010.01.31)  26 SEP 2019 02:39
**data.mp
(./data.mp [4001] [4002] [4003] [4004] [4005] [4006] [4007] [4008] [4009] [4010
] [4011] [4012] [4013]
[1]
[Warning: scrap outline intersects itself in scrap ld3-SP1@ld3] [2] [3] [4]
(./mptextmp.mp) [5] )
 
Here is how much of MetaPost's memory you used:
 1106 strings out of 1162
 13245 string characters out of 20720
 64889 words of memory out of 1500000
 1385 symbolic tokens out of 16384
 11i,75n,14p,197b,4f stack positions out of 300i,84n,5000p,200b,15f
 91 string compactions (moved 1096167 characters, 86583 strings)
18 output files written: data.1 .. data.4013

#################### end of metapost log file ####################
converting scraps ... done
making map ... done
######################## pdftex log file #########################
This is pdfTeX, Version 3.1415926-1.40.10 (Web2C 2009) (format=pdftex 2010.1.2)  26 SEP 2019 02:39
entering extended mode
**data.tex
(./data.tex (./th_enc.tex) (./th_texts.tex) (./th_resources.tex
(c:/Program Files (x86)/Therion/texmf/tex/glyphtounicode.tex))
(./th_fontdef.tex{c:/Program Files (x86)/Therion/texmf/fonts/pdftex.map})
(./th_formdef.tex) (./th_pagedef.tex) (./th_pages.tex)
 53 numeric registers used out of 32768
 [1] ) 
Here is how much of TeX's memory you used:
 248 strings out of 95617
 2524 string characters out of 1171098
 80899 words of memory out of 1562877
 1663 multiletter control sequences out of 15000+50000
 16503 words of font info for 54 fonts, out of 1000000 for 2000
 849 hyphenation exceptions out of 1000
 6i,5n,6p,238b,36s stack positions out of 5000i,500n,10000p,200000b,50000s
<c:/Program Files (x86)/Therion/texmf/fonts/type1/cmss10.pfb>
Output written on data.pdf (1 page, 62399 bytes).
PDF statistics:
 35 PDF objects out of 1000 (max. 8388607)
 0 named destinations out of 1000 (max. 500000)
 79 words of extra memory for PDF output out of 10000 (max. 10000000)


##################### end of pdftex log file #####################
done
writing xtherion file ... done
compilation time: 2 sec


###################### scrap distortions #######################
 PROJECTION: plan
 AVERAGE  MAXIMAL  SCRAP
   0.01%    1.56%  ld3-SP1@ld3
################### end of scrap distortions ###################
