therion 5.4.1 (2017-04-18)
initialization file: C:\Program Files (x86)\Therion/therion.ini
reading ... done
configuration file: thconfig
reading ... done
reading source files ... done
preprocessing database ... done
scanning centreline tree ... done
searching for centerline loops ... done
calculating station coordinates ... done
processing survey data ... 
####################### cavern log file ########################
 1> Survex 1.2.38
 2> Copyright ¸ 1990-2018 Olly Betts
 3> Survey has no fixed points. Therefore I've fixed 1 at (0,0,0)
 4> 
 5> Survey contains 440 survey stations, joined by 439 legs.
 6> There are 0 loops.
 7> Total length of survey legs = 1470.66m (1470.66m adjusted)
 8> Total plan length of survey legs = 1304.62m
 9> Total vertical length of survey legs =  376.46m
10> Vertical range = 23.65m (from 423 at 11.95m to 198 at -11.70m)
11> North-South range = 93.75m (from 201 at 93.75m to 1 at 0.00m)
12> East-West range = 93.62m (from 427 at 42.77m to 143 at -50.85m)
13>  381 1-nodes.
14>    3 2-nodes.
15>    2 4-nodes.
16>    8 5-nodes.
17>   11 6-nodes.
18>    7 7-nodes.
19>    3 8-nodes.
20>    4 9-nodes.
21>    5 10-nodes.
22>    5 11-nodes.
23>    2 12-nodes.
24>    3 13-nodes.
25>    1 14-node.
26>    1 15-node.
27>    1 16-node.
28>    1 17-node.
29>    1 18-node.
30>    1 20-node.
31> 
######################### transcription ########################
 3> 1 : 6.15@cob-passage-off-salt-peter
 5> 440 : -@cob-passage-off-salt-peter -- 439 : -@cob-passage-off-salt-peter
10> 423 : -@cob-passage-off-salt-peter -- 198 : -@cob-passage-off-salt-peter
11> 201 : -@cob-passage-off-salt-peter -- 1 : 6.15@cob-passage-off-salt-peter
12> 427 : -@cob-passage-off-salt-peter -- 143 : -@cob-passage-off-salt-peter
13> 381 : -@cob-passage-off-salt-peter
14> 3 : -@cob-passage-off-salt-peter
15> 2 : 615.1@cob-passage-off-salt-peter
16> 8 : -@cob-passage-off-salt-peter
17> 11 : -@cob-passage-off-salt-peter
18> 7 : 615.2@cob-passage-off-salt-peter
19> 3 : -@cob-passage-off-salt-peter
20> 4 : -@cob-passage-off-salt-peter
21> 5 : -@cob-passage-off-salt-peter
22> 5 : -@cob-passage-off-salt-peter
23> 2 : 615.1@cob-passage-off-salt-peter
24> 3 : -@cob-passage-off-salt-peter
25> 1 : 6.15@cob-passage-off-salt-peter
26> 1 : 6.15@cob-passage-off-salt-peter
27> 1 : 6.15@cob-passage-off-salt-peter
28> 1 : 6.15@cob-passage-off-salt-peter
29> 1 : 6.15@cob-passage-off-salt-peter
30> 1 : 6.15@cob-passage-off-salt-peter
#################### end of cavern log file ####################
done
calculating basic statistics ... done
processing extended elevation ... done
processing references ... done
selecting export objects ... done
writing cob-passage-off-salt-peter-th.3d ... done
processing projection plan ... done
average distortion: 0.01%
writing cob-passage-off-salt-peter-plan.pdf ...
####################### metapost log file ########################
This is MetaPost, version 1.209 (kpathsea version 5.1.0) (mem=mpost 2010.01.31)  26 SEP 2019 07:20
**data.mp
(./data.mp [4001] [4002] [4003] [4004] [4005] [4006] [4007] [4008] [4009] [4010
] [4011] [4012] [4013]
[1]
[Warning: scrap outline intersects itself in scrap cob-passage-off-salt-peter-S
P1@cob-passage-off-salt-peter] [2] [3] [4] (./mptextmp.mp) [5] )
 
Here is how much of MetaPost's memory you used:
 1105 strings out of 1162
 13360 string characters out of 20720
 115058 words of memory out of 1500000
 1385 symbolic tokens out of 16384
 11i,75n,14p,197b,4f stack positions out of 300i,84n,5000p,200b,15f
 63 string compactions (moved 739899 characters, 58223 strings)
18 output files written: data.1 .. data.4013

#################### end of metapost log file ####################
converting scraps ... done
making map ... done
######################## pdftex log file #########################
This is pdfTeX, Version 3.1415926-1.40.10 (Web2C 2009) (format=pdftex 2010.1.2)  26 SEP 2019 07:20
entering extended mode
**data.tex
(./data.tex (./th_enc.tex) (./th_texts.tex) (./th_resources.tex
(c:/Program Files (x86)/Therion/texmf/tex/glyphtounicode.tex))
(./th_fontdef.tex{c:/Program Files (x86)/Therion/texmf/fonts/pdftex.map})
(./th_formdef.tex) (./th_pagedef.tex) (./th_pages.tex)
 53 numeric registers used out of 32768
 [1] ) 
Here is how much of TeX's memory you used:
 248 strings out of 95617
 2524 string characters out of 1171098
 161196 words of memory out of 1633174
 1663 multiletter control sequences out of 15000+50000
 16503 words of font info for 54 fonts, out of 1000000 for 2000
 849 hyphenation exceptions out of 1000
 6i,5n,6p,280b,36s stack positions out of 5000i,500n,10000p,200000b,50000s
<c:/Program Files (x86)/Therion/texmf/fonts/type1/cmss10.pfb>
Output written on data.pdf (1 page, 87013 bytes).
PDF statistics:
 35 PDF objects out of 1000 (max. 8388607)
 0 named destinations out of 1000 (max. 500000)
 79 words of extra memory for PDF output out of 10000 (max. 10000000)


##################### end of pdftex log file #####################
done
writing xtherion file ... done
compilation time: 2 sec


###################### scrap distortions #######################
 PROJECTION: plan
 AVERAGE  MAXIMAL  SCRAP
   0.01%    0.70%  cob-passage-off-salt-peter-SP1@cob-passage-off-salt-peter
################### end of scrap distortions ###################
