therion 5.4.1 (2017-04-18)
initialization file: C:\Program Files (x86)\Therion/therion.ini
reading ... done
configuration file: thconfig
reading ... done
reading source files ... done
preprocessing database ... done
scanning centreline tree ... done
searching for centerline loops ... done
calculating station coordinates ... done
processing survey data ... 
####################### cavern log file ########################
 1> Survex 1.2.38
 2> Copyright ¸ 1990-2018 Olly Betts
 3> Survey has no fixed points. Therefore I've fixed 1 at (0,0,0)
 4> 
 5> Survey contains 313 survey stations, joined by 312 legs.
 6> There are 0 loops.
 7> Total length of survey legs =  963.22m ( 963.22m adjusted)
 8> Total plan length of survey legs =  802.93m
 9> Total vertical length of survey legs =  303.01m
10> Vertical range = 14.38m (from 283 at 4.57m to 238 at -9.81m)
11> North-South range = 120.88m (from 235 at 115.58m to 14 at -5.30m)
12> East-West range = 82.64m (from 254 at 81.35m to 310 at -1.29m)
13>  267 1-nodes.
14>    2 2-nodes.
15>    1 4-node.
16>    7 5-nodes.
17>    5 6-nodes.
18>    8 7-nodes.
19>    7 8-nodes.
20>    4 9-nodes.
21>    4 10-nodes.
22>    3 11-nodes.
23>    2 12-nodes.
24>    3 13-nodes.
25> 
######################### transcription ########################
 3> 1 : 8.8@mousehouse4
 5> 313 : -@mousehouse4 -- 312 : -@mousehouse4
10> 283 : -@mousehouse4 -- 238 : -@mousehouse4
11> 235 : -@mousehouse4 -- 14 : -@mousehouse4
12> 254 : -@mousehouse4 -- 310 : 21.7@mousehouse4
13> 267 : -@mousehouse4
14> 2 : 20.0@mousehouse4
15> 1 : 8.8@mousehouse4
16> 7 : -@mousehouse4
17> 5 : -@mousehouse4
18> 8 : 20.2@mousehouse4
19> 7 : -@mousehouse4
20> 4 : -@mousehouse4
21> 4 : -@mousehouse4
22> 3 : 20.1@mousehouse4
23> 2 : 20.0@mousehouse4
24> 3 : 20.1@mousehouse4
#################### end of cavern log file ####################
done
calculating basic statistics ... done
processing extended elevation ... done
processing references ... done
selecting export objects ... done
processing projection plan ... done
average distortion: 0.02%
writing mousehouse4.pdf ...
####################### metapost log file ########################
This is MetaPost, version 1.209 (kpathsea version 5.1.0) (mem=mpost 2010.01.31)  25 SEP 2019 19:09
**data.mp
(./data.mp [4001] [4002] [4003] [4004] [4005] [4006] [4007] [4008] [4009] [4010
] [4011] [4012] [4013]
[1]
[Warning: scrap outline intersects itself in scrap mousehouse4SP1@mousehouse4]
[2] [3] [4]
[Warning: scrap outline intersects itself in scrap mousehouse4SP2@mousehouse4]
[5] [6] [7] (./mptextmp.mp) [8] )
 
Here is how much of MetaPost's memory you used:
 1109 strings out of 1162
 13325 string characters out of 15838
 86281 words of memory out of 1500000
 1385 symbolic tokens out of 16384
 11i,75n,14p,197b,4f stack positions out of 300i,84n,5000p,200b,15f
 56 string compactions (moved 641118 characters, 51823 strings)
21 output files written: data.1 .. data.4013

#################### end of metapost log file ####################
converting scraps ... done
making map ... done
######################## pdftex log file #########################
This is pdfTeX, Version 3.1415926-1.40.10 (Web2C 2009) (format=pdftex 2010.1.2)  25 SEP 2019 19:09
entering extended mode
**data.tex
(./data.tex (./th_enc.tex) (./th_texts.tex) (./th_resources.tex
(c:/Program Files (x86)/Therion/texmf/tex/glyphtounicode.tex))
(./th_fontdef.tex{c:/Program Files (x86)/Therion/texmf/fonts/pdftex.map})
(./th_formdef.tex) (./th_pagedef.tex) (./th_pages.tex)
 58 numeric registers used out of 32768
 [1] ) 
Here is how much of TeX's memory you used:
 255 strings out of 95617
 2586 string characters out of 1171098
 120231 words of memory out of 1597209
 1668 multiletter control sequences out of 15000+50000
 20080 words of font info for 63 fonts, out of 1000000 for 2000
 849 hyphenation exceptions out of 1000
 9i,5n,8p,238b,58s stack positions out of 5000i,500n,10000p,200000b,50000s
<c:/Program Files (x86)/Therion/texmf/fonts/type1/cmss10.pfb><c:/Program 
Files (x86)/Therion/texmf/fonts/type1/cmssi10.pfb>
Output written on data.pdf (1 page, 96698 bytes).
PDF statistics:
 49 PDF objects out of 1000 (max. 8388607)
 0 named destinations out of 1000 (max. 500000)
 107 words of extra memory for PDF output out of 10000 (max. 10000000)


##################### end of pdftex log file #####################
done
writing xtherion file ... 
C:\Program Files (x86)\Therion\therion.exe: warning -- can't open xtherion file for output -- thconfig.xth
compilation time: 1 sec


###################### scrap distortions #######################
 PROJECTION: plan
 AVERAGE  MAXIMAL  SCRAP
   0.03%    0.81%  mousehouse4SP2@mousehouse4
   0.01%    0.56%  mousehouse4SP1@mousehouse4
################### end of scrap distortions ###################
