therion 5.4.1 (2017-04-18)
initialization file: C:\Program Files (x86)\Therion/therion.ini
reading ... done
configuration file: thconfig
reading ... done
reading source files ... done
preprocessing database ... done
scanning centreline tree ... done
searching for centerline loops ... done
calculating station coordinates ... done
processing survey data ... 
####################### cavern log file ########################
 1> Survex 1.2.38
 2> Copyright ¸ 1990-2018 Olly Betts
 3> Survey has no fixed points. Therefore I've fixed 1 at (0,0,0)
 4> 
 5> Survey contains 121 survey stations, joined by 120 legs.
 6> There are 0 loops.
 7> Total length of survey legs =  456.73m ( 456.73m adjusted)
 8> Total plan length of survey legs =  415.36m
 9> Total vertical length of survey legs =  100.79m
10> Vertical range = 7.05m (from 20 at 4.20m to 34 at -2.85m)
11> North-South range = 70.84m (from 119 at 40.31m to 44 at -30.52m)
12> East-West range = 79.37m (from 88 at 79.37m to 2 at 0.00m)
13>   99 1-nodes.
14>    2 2-nodes.
15>    4 5-nodes.
16>    5 6-nodes.
17>    8 7-nodes.
18>    1 8-node.
19>    1 11-node.
20>    1 12-node.
21> 
######################### transcription ########################
 3> 1 : 20.37@mousehouse6
 5> 121 : -@mousehouse6 -- 120 : -@mousehouse6
10> 20 : -@mousehouse6 -- 34 : -@mousehouse6
11> 119 : -@mousehouse6 -- 44 : -@mousehouse6
12> 88 : -@mousehouse6 -- 2 : -@mousehouse6
13> 99 : -@mousehouse6
14> 2 : -@mousehouse6
15> 4 : -@mousehouse6
16> 5 : -@mousehouse6
17> 8 : -@mousehouse6
18> 1 : 20.37@mousehouse6
19> 1 : 20.37@mousehouse6
20> 1 : 20.37@mousehouse6
#################### end of cavern log file ####################
done
calculating basic statistics ... done
processing extended elevation ... done
processing references ... done
selecting export objects ... done
processing projection plan ... done
average distortion: 0.02%
writing mousehouse6.pdf ...
####################### metapost log file ########################
This is MetaPost, version 1.209 (kpathsea version 5.1.0) (mem=mpost 2010.01.31)  25 SEP 2019 18:31
**data.mp
(./data.mp [4001] [4002] [4003] [4004] [4005] [4006] [4007] [4008] [4009] [4010
] [4011] [4012] [4013]
[1] [2] [3] [4] (./mptextmp.mp) [5] )
 
Here is how much of MetaPost's memory you used:
 1068 strings out of 1162
 13283 string characters out of 20720
 186401 words of memory out of 1500000
 1385 symbolic tokens out of 16384
 11i,75n,14p,197b,4f stack positions out of 300i,84n,5000p,200b,15f
 34 string compactions (moved 355416 characters, 28485 strings)
18 output files written: data.1 .. data.4013

#################### end of metapost log file ####################
converting scraps ... done
making map ... done
######################## pdftex log file #########################
This is pdfTeX, Version 3.1415926-1.40.10 (Web2C 2009) (format=pdftex 2010.1.2)  25 SEP 2019 18:31
entering extended mode
**data.tex
(./data.tex (./th_enc.tex) (./th_texts.tex) (./th_resources.tex
(c:/Program Files (x86)/Therion/texmf/tex/glyphtounicode.tex))
(./th_fontdef.tex{c:/Program Files (x86)/Therion/texmf/fonts/pdftex.map})
(./th_formdef.tex) (./th_pagedef.tex) (./th_pages.tex)
 54 numeric registers used out of 32768
 [1] ) 
Here is how much of TeX's memory you used:
 251 strings out of 95617
 2543 string characters out of 1171098
 280307 words of memory out of 1748285
 1664 multiletter control sequences out of 15000+50000
 20080 words of font info for 63 fonts, out of 1000000 for 2000
 849 hyphenation exceptions out of 1000
 9i,5n,8p,238b,58s stack positions out of 5000i,500n,10000p,200000b,50000s
<c:/Program Files (x86)/Therion/texmf/fonts/type1/cmss10.pfb><c:/Program 
Files (x86)/Therion/texmf/fonts/type1/cmssi10.pfb>
Output written on data.pdf (1 page, 125088 bytes).
PDF statistics:
 41 PDF objects out of 1000 (max. 8388607)
 0 named destinations out of 1000 (max. 500000)
 83 words of extra memory for PDF output out of 10000 (max. 10000000)


##################### end of pdftex log file #####################
done
writing xtherion file ... 
C:\Program Files (x86)\Therion\therion.exe: warning -- can't open xtherion file for output -- thconfig.xth
compilation time: 1 sec


###################### scrap distortions #######################
 PROJECTION: plan
 AVERAGE  MAXIMAL  SCRAP
   0.02%    0.29%  mousehouse6SP1@mousehouse6
################### end of scrap distortions ###################
