therion 5.4.1 (2017-04-18)
initialization file: C:\Program Files (x86)\Therion/therion.ini
reading ... done
configuration file: thconfig
reading ... done
reading source files ... done
preprocessing database ... done
scanning centreline tree ... done
searching for centerline loops ... done
calculating station coordinates ... done
average loop error: 28.27%
processing survey data ... 
####################### cavern log file ########################
 1> Survex 1.2.38
 2> Copyright ¸ 1990-2018 Olly Betts
 3> Survey has no fixed points. Therefore I've fixed 1 at (0,0,0)
 4> 
 5> Survey contains 284 survey stations, joined by 284 legs.
 6> There is 1 loop.
 7> Total length of survey legs = 1591.04m (1591.65m adjusted)
 8> Total plan length of survey legs = 1504.67m
 9> Total vertical length of survey legs =  329.05m
10> Vertical range = 54.63m (from 247 at 22.72m to 272 at -31.91m)
11> North-South range = 94.16m (from 272 at 72.04m to 98 at -22.11m)
12> East-West range = 181.76m (from 120 at 48.63m to 267 at -133.13m)
13>  253 1-nodes.
14>    2 2-nodes.
15>    2 4-nodes.
16>    2 5-nodes.
17>    2 6-nodes.
18>    1 7-node.
19>    2 8-nodes.
20>    4 9-nodes.
21>    1 10-node.
22>    4 11-nodes.
23>    2 12-nodes.
24>    1 13-node.
25>    2 14-nodes.
26>    2 15-nodes.
27>    1 17-node.
28>    1 18-node.
29>    2 19-nodes.
30> 
######################### transcription ########################
 3> 1 : 3.24@drywank
 5> 284 : -@drywank -- 284 : -@drywank
 6> 1 : 3.24@drywank
10> 247 : -@drywank -- 272 : -@drywank
11> 272 : -@drywank -- 98 : -@drywank
12> 120 : -@drywank -- 267 : -@drywank
13> 253 : -@drywank
14> 2 : 1.10@drywank
15> 2 : 1.10@drywank
16> 2 : 1.10@drywank
17> 2 : 1.10@drywank
18> 1 : 3.24@drywank
19> 2 : 1.10@drywank
20> 4 : -@drywank
21> 1 : 3.24@drywank
22> 4 : -@drywank
23> 2 : 1.10@drywank
24> 1 : 3.24@drywank
25> 2 : 1.10@drywank
26> 2 : 1.10@drywank
27> 1 : 3.24@drywank
28> 1 : 3.24@drywank
29> 2 : 1.10@drywank
#################### end of cavern log file ####################
done
calculating basic statistics ... done
processing extended elevation ... done
processing references ... done
selecting export objects ... done
processing projection plan ... done
average distortion: 0.00%
writing drywank.pdf ...
####################### metapost log file ########################
This is MetaPost, version 1.209 (kpathsea version 5.1.0) (mem=mpost 2010.01.31)  26 SEP 2019 06:02
**data.mp
(./data.mp [4001] [4002] [4003] [4004] [4005] [4006] [4007] [4008] [4009] [4010
] [4011] [4012] [4013]
[1] [2] [3] [4] (./mptextmp.mp) [5] )
 
Here is how much of MetaPost's memory you used:
 1041 strings out of 1162
 13224 string characters out of 20720
 61251 words of memory out of 1500000
 1385 symbolic tokens out of 16384
 8i,75n,11p,197b,4f stack positions out of 300i,84n,5000p,200b,15f
 33 string compactions (moved 341281 characters, 27335 strings)
18 output files written: data.1 .. data.4013

#################### end of metapost log file ####################
converting scraps ... done
making map ... done
######################## pdftex log file #########################
This is pdfTeX, Version 3.1415926-1.40.10 (Web2C 2009) (format=pdftex 2010.1.2)  26 SEP 2019 06:02
entering extended mode
**data.tex
(./data.tex (./th_enc.tex) (./th_texts.tex) (./th_resources.tex
(c:/Program Files (x86)/Therion/texmf/tex/glyphtounicode.tex))
(./th_fontdef.tex{c:/Program Files (x86)/Therion/texmf/fonts/pdftex.map})
(./th_formdef.tex) (./th_pagedef.tex) (./th_pages.tex)
 53 numeric registers used out of 32768
 [1] ) 
Here is how much of TeX's memory you used:
 250 strings out of 95617
 2539 string characters out of 1171098
 44385 words of memory out of 1528363
 1663 multiletter control sequences out of 15000+50000
 20080 words of font info for 63 fonts, out of 1000000 for 2000
 849 hyphenation exceptions out of 1000
 9i,5n,8p,238b,58s stack positions out of 5000i,500n,10000p,200000b,50000s
<c:/Program Files (x86)/Therion/texmf/fonts/type1/cmss10.pfb><c:/Program 
Files (x86)/Therion/texmf/fonts/type1/cmssi10.pfb>
Output written on data.pdf (1 page, 33300 bytes).
PDF statistics:
 40 PDF objects out of 1000 (max. 8388607)
 0 named destinations out of 1000 (max. 500000)
 79 words of extra memory for PDF output out of 10000 (max. 10000000)


##################### end of pdftex log file #####################
done
writing drywankth.3d ... done
writing xtherion file ... 
C:\Program Files (x86)\Therion\therion.exe: warning -- can't open xtherion file for output -- thconfig.xth
compilation time: 2 sec


######################### loop errors ##########################
REL-ERR ABS-ERR TOTAL-L STS X-ERROR Y-ERROR Z-ERROR STATIONS
 28.27%   33.2m  117.5m  15   26.7m   19.2m    4.3m [1.13@drywank - 1.38 - 1.31 - 1.30 - 1.29 - 1.28 - 1.22 - 1.21 - 1.20 - 1.19 - 1.18 - 1.17 - 1.16 - 1.15 - 1.14 - 1.13]
##################### end of loop errors #######################


###################### scrap distortions #######################
 PROJECTION: plan
 AVERAGE  MAXIMAL  SCRAP
   0.00%    0.00%  drywankSP1@drywank
################### end of scrap distortions ###################
