therion 5.4.3 (2019-02-01)
initialization file: C:\Program Files (x86)\Therion/therion.ini
reading ... done
configuration file: thconfig
reading ... done
reading source files ... done
preprocessing database ... done
scanning centreline tree ... done
searching for centerline loops ... done
calculating station coordinates ... done
processing survey data ... 
####################### cavern log file ########################
 1> Survex 1.2.30
 2> Copyright ¸ 1990-2016 Olly Betts
 3> Survey has no control points. Therefore I've fixed 1 at (0,0,0)
 4> 
 5> Survey contains 466 survey stations, joined by 465 shots.
 6> There are 0 loops.
 7> Total length of survey shots = 1852.24m (1852.24m adjusted)
 8> Total plan length of survey shots = 1728.43m
 9> Total vertical length of survey shots =  399.44m
10> Vertical range = 26.68m (from 456 at 22.80m to 101 at -3.87m)
11> North-South range = 99.13m (from 88 at 42.21m to 461 at -56.92m)
12> East-West range = 193.19m (from 317 at 193.19m to 1 at 0.00m)
13>  412 1-nodes.
14>    1 2-node.
15>    1 4-node.
16>    3 6-nodes.
17>    5 7-nodes.
18>    8 8-nodes.
19>    7 9-nodes.
20>   12 10-nodes.
21>    6 11-nodes.
22>    4 12-nodes.
23>    1 13-node.
24>    5 14-nodes.
25>    1 15-node.
26> 
######################### transcription ########################
 3> 1 : 0@LD2
 5> 466 : .@LD2 -- 465 : .@LD2
10> 456 : .@LD2 -- 101 : .@LD2
11> 88 : .@LD2 -- 461 : .@LD2
12> 317 : .@LD2 -- 1 : 0@LD2
13> 412 : .@LD2
14> 1 : 0@LD2
15> 1 : 0@LD2
16> 3 : .@LD2
17> 5 : .@LD2
18> 8 : .@LD2
19> 7 : .@LD2
20> 12 : .@LD2
21> 6 : .@LD2
22> 4 : .@LD2
23> 1 : 0@LD2
24> 5 : .@LD2
25> 1 : 0@LD2
#################### end of cavern log file ####################
done
calculating basic statistics ... done
processing extended elevation ... done
processing references ... done
selecting export objects ... done
processing projection plan ... done
average distortion: 0.02%
writing LD2CJ+DP.pdf ...
####################### metapost log file ########################
This is MetaPost, version 1.209 (kpathsea version 5.1.0) (mem=mpost 2010.01.31)  20 APR 2019 15:02
**data.mp
(./data.mp
{randomseed:=42}
 [4001] [4002] [4003] [4004] [4005] [4006] [4007] [4008] [4009] [4010] [4011] [
4012] [4013]
[1] [2] [3] [4] [5]
[Warning: scrap outline intersects itself in scrap LD2-cjsketch2p@LD2] [6]
[7] [8] [9] (./mptextmp.mp) [10] )
 
Here is how much of MetaPost's memory you used:
 1165 strings out of 1638
 13721 string characters out of 20720
 108587 words of memory out of 1500000
 1400 symbolic tokens out of 16384
 9i,75n,16p,510b,5f stack positions out of 300i,84n,5000p,608b,15f
 373 string compactions (moved 4933002 characters, 395814 strings)
23 output files written: data.1 .. data.4013

#################### end of metapost log file ####################
converting scraps ... done
making map ... done
######################## pdftex log file #########################
This is pdfTeX, Version 3.1415926-1.40.10 (Web2C 2009) (format=pdftex 2010.1.2)  20 APR 2019 15:02
entering extended mode
**data.tex
(./data.tex (./th_enc.tex) (./th_texts.tex) (./th_resources.tex
(c:/Program Files (x86)/Therion/texmf/tex/glyphtounicode.tex))
(./th_fontdef.tex{c:/Program Files (x86)/Therion/texmf/fonts/pdftex.map})
(./th_formdef.tex) (./th_pagedef.tex) (./th_pages.tex)
 59 numeric registers used out of 32768
 [1] ) 
Here is how much of TeX's memory you used:
 256 strings out of 95617
 2604 string characters out of 1171098
 133611 words of memory out of 1609589
 1669 multiletter control sequences out of 15000+50000
 20080 words of font info for 63 fonts, out of 1000000 for 2000
 849 hyphenation exceptions out of 1000
 9i,5n,8p,238b,58s stack positions out of 5000i,500n,10000p,200000b,50000s
<c:/Program Files (x86)/Therion/texmf/fonts/type1/cmss10.pfb><c:/Program 
Files (x86)/Therion/texmf/fonts/type1/cmssi10.pfb>
Output written on data.pdf (1 page, 156496 bytes).
PDF statistics:
 54 PDF objects out of 1000 (max. 8388607)
 0 named destinations out of 1000 (max. 500000)
 121 words of extra memory for PDF output out of 10000 (max. 10000000)


##################### end of pdftex log file #####################
done
writing xtherion file ... done
compilation time: 3 sec


###################### scrap distortions #######################
 PROJECTION: plan
 AVERAGE  MAXIMAL  SCRAP
   0.02%    0.50%  LD2-cjsketch2p@LD2
   0.03%    0.47%  LD2-cjsketchp@LD2
################### end of scrap distortions ###################
