therion 5.4.1 (2017-04-18)
initialization file: C:\Program Files (x86)\Therion/therion.ini
reading ... done
configuration file: thconfig
reading ... done
reading source files ... done
preprocessing database ... done
scanning centreline tree ... done
searching for centerline loops ... done
calculating station coordinates ... done
processing survey data ... 
####################### cavern log file ########################
 1> Survex 1.2.38
 2> Copyright ¸ 1990-2018 Olly Betts
 3> Survey has no fixed points. Therefore I've fixed 1 at (0,0,0)
 4> 
 5> Survey contains 29 survey stations, joined by 28 legs.
 6> There are 0 loops.
 7> Total length of survey legs =  226.98m ( 226.98m adjusted)
 8> Total plan length of survey legs =  201.75m
 9> Total vertical length of survey legs =   71.83m
10> Vertical range = 22.04m (from 28 at 22.04m to 2 at 0.00m)
11> North-South range = 22.57m (from 10 at 12.35m to 20 at -10.22m)
12> East-West range = 67.77m (from 2 at 0.00m to 25 at -67.77m)
13>   24 1-nodes.
14>    1 2-node.
15>    2 6-nodes.
16>    1 7-node.
17>    1 11-node.
18> 
######################### transcription ########################
 3> 1 : 8.7@endofem
 5> 29 : -@endofem -- 28 : -@endofem
10> 28 : -@endofem -- 2 : 801.0@endofem
11> 10 : -@endofem -- 20 : -@endofem
12> 2 : 801.0@endofem -- 25 : -@endofem
13> 24 : -@endofem
14> 1 : 8.7@endofem
15> 2 : 801.0@endofem
16> 1 : 8.7@endofem
17> 1 : 8.7@endofem
#################### end of cavern log file ####################
done
calculating basic statistics ... done
processing extended elevation ... done
processing references ... done
selecting export objects ... done
processing projection plan ... done
average distortion: 0.01%
writing endofem.pdf ...
####################### metapost log file ########################
This is MetaPost, version 1.209 (kpathsea version 5.1.0) (mem=mpost 2010.01.31)  26 SEP 2019 05:47
**data.mp
(./data.mp [4001] [4002] [4003] [4004] [4005] [4006] [4007] [4008] [4009] [4010
] [4011] [4012] [4013]
[1] [2] [3] [4] (./mptextmp.mp) [5] )
 
Here is how much of MetaPost's memory you used:
 1049 strings out of 1162
 13264 string characters out of 15838
 241943 words of memory out of 1500000
 1385 symbolic tokens out of 16384
 11i,75n,14p,197b,4f stack positions out of 300i,84n,5000p,200b,15f
 19 string compactions (moved 158183 characters, 13022 strings)
18 output files written: data.1 .. data.4013

#################### end of metapost log file ####################
converting scraps ... done
making map ... done
######################## pdftex log file #########################
This is pdfTeX, Version 3.1415926-1.40.10 (Web2C 2009) (format=pdftex 2010.1.2)  26 SEP 2019 05:47
entering extended mode
**data.tex
(./data.tex (./th_enc.tex) (./th_texts.tex) (./th_resources.tex
(c:/Program Files (x86)/Therion/texmf/tex/glyphtounicode.tex))
(./th_fontdef.tex{c:/Program Files (x86)/Therion/texmf/fonts/pdftex.map})
(./th_formdef.tex) (./th_pagedef.tex) (./th_pages.tex)
 53 numeric registers used out of 32768
 [1] ) 
Here is how much of TeX's memory you used:
 250 strings out of 95617
 2539 string characters out of 1171098
 261373 words of memory out of 1721351
 1663 multiletter control sequences out of 15000+50000
 20080 words of font info for 63 fonts, out of 1000000 for 2000
 849 hyphenation exceptions out of 1000
 9i,5n,8p,238b,58s stack positions out of 5000i,500n,10000p,200000b,50000s
<c:/Program Files (x86)/Therion/texmf/fonts/type1/cmss10.pfb><c:/Program 
Files (x86)/Therion/texmf/fonts/type1/cmssi10.pfb>
Output written on data.pdf (1 page, 94002 bytes).
PDF statistics:
 40 PDF objects out of 1000 (max. 8388607)
 0 named destinations out of 1000 (max. 500000)
 79 words of extra memory for PDF output out of 10000 (max. 10000000)


##################### end of pdftex log file #####################
done
writing endofemth.3d ... done
writing xtherion file ... 
C:\Program Files (x86)\Therion\therion.exe: warning -- can't open xtherion file for output -- thconfig.xth
compilation time: 2 sec


###################### scrap distortions #######################
 PROJECTION: plan
 AVERAGE  MAXIMAL  SCRAP
   0.01%    0.05%  endofemSP1@endofem
################### end of scrap distortions ###################
