therion 5.4.1 (2017-04-18)
initialization file: C:\Program Files (x86)\Therion/therion.ini
reading ... done
configuration file: thconfig
reading ... done
reading source files ... done
preprocessing database ... done
scanning centreline tree ... done
searching for centerline loops ... done
calculating station coordinates ... done
processing survey data ... 
####################### cavern log file ########################
 1> Survex 1.2.34
 2> Copyright ¸ 1990-2017 Olly Betts
 3> Survey has no control points. Therefore I've fixed 1 at (0,0,0)
 4> 
 5> Survey contains 61 survey stations, joined by 60 shots.
 6> There are 0 loops.
 7> Total length of survey shots = 1222.70m (1222.70m adjusted)
 8> Total plan length of survey shots = 1219.47m
 9> Total vertical length of survey shots =   56.10m
10> Vertical range = 11.59m (from 29 at 9.77m to 2 at -1.82m)
11> North-South range = 980.14m (from 1 at 0.00m to 61 at -980.14m)
12> East-West range = 400.03m (from 1 at 0.00m to 61 at -400.03m)
13>    2 1-nodes.
14>   59 2-nodes.
15> 
######################### transcription ########################
 3> 1 : 1.58@mountaineye5
 5> 61 : 1.118@mountaineye5 -- 60 : 1.117@mountaineye5
10> 29 : 1.86@mountaineye5 -- 2 : 1.59@mountaineye5
11> 1 : 1.58@mountaineye5 -- 61 : 1.118@mountaineye5
12> 1 : 1.58@mountaineye5 -- 61 : 1.118@mountaineye5
13> 2 : 1.59@mountaineye5
14> 59 : 1.116@mountaineye5
#################### end of cavern log file ####################
done
calculating basic statistics ... done
processing extended elevation ... done
processing references ... done
selecting export objects ... done
processing projection plan ... done
average distortion: 0.07%
writing mountaineye_th5.pdf ...
####################### metapost log file ########################
This is MetaPost, version 1.209 (kpathsea version 5.1.0) (mem=mpost 2010.01.31)  23 AUG 2018 16:07
**data.mp
(./data.mp [4001] [4002] [4003] [4004] [4005] [4006] [4007] [4008] [4009] [4010
] [4011] [4012] [4013]
[4014]
[Error: area borders l82-6499--6099 and l136-6127--6463 don't intersect in scra
p ME5_scrapSP2@mountaineye5 (file mountaineye5.th2 [6425])] [1] [2] [3]
[Error: area borders l722-14154-12866 and l718-14128-12849 don't intersect in s
crap ME5_scrapSP1@mountaineye5 (file mountaineye5.th2 [5050])]
[Error: area borders l655-14061-14354 and l654-13991-14333 don't intersect in s
crap ME5_scrapSP1@mountaineye5 (file mountaineye5.th2 [4014])]
[Error: area borders l670-14023-14372 and l669-13966-14326 don't intersect in s
crap ME5_scrapSP1@mountaineye5 (file mountaineye5.th2 [4014])]
[Error: area borders l688-14177-13543 and l710-14239-13466 don't intersect in s
crap ME5_scrapSP1@mountaineye5 (file mountaineye5.th2 [3935])] [4] [5] [6]
[7] (./mptextmp.mp) (./mptextmp.mp) (./mptextmp.mp) (./mptextmp.mp)
(./mptextmp.mp) (./mptextmp.mp) (./mptextmp.mp) [8] [9] [10] [11] [12] [13]
[14] [15] [16] [17] )
 
Here is how much of MetaPost's memory you used:
 1137 strings out of 1162
 14529 string characters out of 20720
 1320271 words of memory out of 1500000
 1396 symbolic tokens out of 16384
 11i,75n,14p,208b,4f stack positions out of 300i,84n,5000p,250b,15f
 96 string compactions (moved 1193057 characters, 94503 strings)
31 output files written: data.1 .. data.4014

#################### end of metapost log file ####################
converting scraps ... done
making map ... done
######################## pdftex log file #########################
This is pdfTeX, Version 3.1415926-1.40.10 (Web2C 2009) (format=pdftex 2010.1.2)  23 AUG 2018 16:07
entering extended mode
**data.tex
(./data.tex (./th_enc.tex) (./th_texts.tex) (./th_resources.tex
(c:/Program Files (x86)/Therion/texmf/tex/glyphtounicode.tex))
(./th_fontdef.tex{c:/Program Files (x86)/Therion/texmf/fonts/pdftex.map})
(./th_formdef.tex) (./th_pagedef.tex
Overfull \hbox (171.79181pt too wide) detected at line 12
 []|

\hbox(643.40375+0.0)x398.33818
.\glue 0.0 plus 1.0fil
.\pdfrefxform(643.40375+0.0)x570.12999
.\rule(*+*)x5.0

) (./th_pages.tex)
 66 numeric registers used out of 32768
 [1] ) 
Here is how much of TeX's memory you used:
 263 strings out of 95617
 2654 string characters out of 1171098
 3195382 words of memory out of 3500000
 1676 multiletter control sequences out of 15000+50000
 20080 words of font info for 63 fonts, out of 1000000 for 2000
 849 hyphenation exceptions out of 1000
 9i,5n,8p,238b,58s stack positions out of 5000i,500n,10000p,200000b,50000s
<c:/Program Files (x86)/Therion/texmf/fonts/type1/cmss10.pfb><c:/Program 
Files (x86)/Therion/texmf/fonts/type1/cmssi10.pfb>
Output written on data.pdf (1 page, 939090 bytes).
PDF statistics:
 66 PDF objects out of 1000 (max. 8388607)
 0 named destinations out of 1000 (max. 500000)
 157 words of extra memory for PDF output out of 10000 (max. 10000000)


##################### end of pdftex log file #####################
done
writing xtherion file ... done
compilation time: 10 sec


###################### scrap distortions #######################
 PROJECTION: plan
 AVERAGE  MAXIMAL  SCRAP
   0.07%    1.86%  ME5_scrapSP1@mountaineye5
   0.09%    0.78%  ME5_scrapSP2@mountaineye5
################### end of scrap distortions ###################
