therion 5.4.1 (2017-04-18)
initialization file: C:\Program Files (x86)\Therion/therion.ini
reading ... done
configuration file: thconfig
reading ... done
reading source files ... done
preprocessing database ... done
scanning centreline tree ... done
searching for centerline loops ... done
calculating station coordinates ... done
processing survey data ... 
####################### cavern log file ########################
 1> Survex 1.2.34
 2> Copyright ¸ 1990-2017 Olly Betts
 3> Survey has no control points. Therefore I've fixed 1 at (0,0,0)
 4> 
 5> Survey contains 4 survey stations, joined by 3 shots.
 6> There are 0 loops.
 7> Total length of survey shots =   35.48m (  35.48m adjusted)
 8> Total plan length of survey shots =   35.40m
 9> Total vertical length of survey shots =    1.76m
10> Vertical range = 1.07m (from 3 at 0.31m to 4 at -0.76m)
11> North-South range = 24.11m (from 1 at 0.00m to 4 at -24.11m)
12> East-West range = 10.90m (from 2 at 5.01m to 3 at -5.89m)
13>    2 1-nodes.
14>    2 2-nodes.
15> 
######################### transcription ########################
 3> 1 : 205.1@mountaineye21
 5> 4 : 205.4@mountaineye21 -- 3 : 205.3@mountaineye21
10> 3 : 205.3@mountaineye21 -- 4 : 205.4@mountaineye21
11> 1 : 205.1@mountaineye21 -- 4 : 205.4@mountaineye21
12> 2 : 205.2@mountaineye21 -- 3 : 205.3@mountaineye21
13> 2 : 205.2@mountaineye21
14> 2 : 205.2@mountaineye21
#################### end of cavern log file ####################
done
calculating basic statistics ... done
processing extended elevation ... done
processing references ... done
selecting export objects ... done
processing projection plan ... done
average distortion: 0.02%
writing mountaineye_th21.pdf ...
####################### metapost log file ########################
This is MetaPost, version 1.209 (kpathsea version 5.1.0) (mem=mpost 2010.01.31)  22 AUG 2018 14:57
**data.mp
(./data.mp [4001] [4002] [4003] [4004] [4005] [4006] [4007] [4008] [4009] [4010
] [4011] [4012] [4013]
[Error: area borders l6-268-251 and l15-458-1265 don't intersect in scrap ME21_
scrapSP1@mountaineye21 (file mountaineye21.th2 [34])] [1] [2] [3] [4] [5]
(./mptextmp.mp) [6] )
 
Here is how much of MetaPost's memory you used:
 1070 strings out of 1162
 13468 string characters out of 15838
 72387 words of memory out of 1500000
 1387 symbolic tokens out of 16384
 11i,75n,16p,197b,5f stack positions out of 300i,84n,5000p,200b,15f
 21 string compactions (moved 184972 characters, 15182 strings)
19 output files written: data.1 .. data.4013

#################### end of metapost log file ####################
converting scraps ... done
making map ... done
######################## pdftex log file #########################
This is pdfTeX, Version 3.1415926-1.40.10 (Web2C 2009) (format=pdftex 2010.1.2)  22 AUG 2018 14:57
entering extended mode
**data.tex
(./data.tex (./th_enc.tex) (./th_texts.tex) (./th_resources.tex
(c:/Program Files (x86)/Therion/texmf/tex/glyphtounicode.tex))
(./th_fontdef.tex{c:/Program Files (x86)/Therion/texmf/fonts/pdftex.map})
(./th_formdef.tex) (./th_pagedef.tex) (./th_pages.tex)
 56 numeric registers used out of 32768
 [1] ) 
Here is how much of TeX's memory you used:
 253 strings out of 95617
 2558 string characters out of 1171098
 47929 words of memory out of 1530907
 1666 multiletter control sequences out of 15000+50000
 20080 words of font info for 63 fonts, out of 1000000 for 2000
 849 hyphenation exceptions out of 1000
 9i,5n,8p,238b,58s stack positions out of 5000i,500n,10000p,200000b,50000s
<c:/Program Files (x86)/Therion/texmf/fonts/type1/cmss10.pfb><c:/Program 
Files (x86)/Therion/texmf/fonts/type1/cmssi10.pfb>
Output written on data.pdf (1 page, 28277 bytes).
PDF statistics:
 44 PDF objects out of 1000 (max. 8388607)
 0 named destinations out of 1000 (max. 500000)
 93 words of extra memory for PDF output out of 10000 (max. 10000000)


##################### end of pdftex log file #####################
done
writing xtherion file ... done
compilation time: 1 sec


###################### scrap distortions #######################
 PROJECTION: plan
 AVERAGE  MAXIMAL  SCRAP
   0.02%    0.14%  ME21_scrapSP1@mountaineye21
################### end of scrap distortions ###################
