therion 5.4.1 (2017-04-18)
initialization file: C:\Program Files (x86)\Therion/therion.ini
reading ... done
configuration file: thconfig
reading ... done
reading source files ... done
preprocessing database ... done
scanning centreline tree ... done
searching for centerline loops ... done
calculating station coordinates ... done
processing survey data ... 
####################### cavern log file ########################
 1> Survex 1.2.38
 2> Copyright ¸ 1990-2018 Olly Betts
 3> Survey has no fixed points. Therefore I've fixed 1 at (0,0,0)
 4> 
 5> Survey contains 39 survey stations, joined by 38 legs.
 6> There are 0 loops.
 7> Total length of survey legs =  270.04m ( 270.04m adjusted)
 8> Total plan length of survey legs =  252.20m
 9> Total vertical length of survey legs =   63.29m
10> Vertical range = 20.23m (from 27 at 20.23m to 1 at 0.00m)
11> North-South range = 13.97m (from 36 at 10.61m to 3 at -3.36m)
12> East-West range = 62.44m (from 37 at 62.44m to 1 at 0.00m)
13>   34 1-nodes.
14>    2 7-nodes.
15>    1 8-node.
16>    2 10-nodes.
17> 
######################### transcription ########################
 3> 1 : 301.2.22@Omen-dog
 5> 39 : -@Omen-dog -- 38 : -@Omen-dog
10> 27 : -@Omen-dog -- 1 : 301.2.22@Omen-dog
11> 36 : -@Omen-dog -- 3 : -@Omen-dog
12> 37 : -@Omen-dog -- 1 : 301.2.22@Omen-dog
13> 34 : -@Omen-dog
14> 2 : 301.3.1@Omen-dog
15> 1 : 301.2.22@Omen-dog
16> 2 : 301.3.1@Omen-dog
#################### end of cavern log file ####################
done
calculating basic statistics ... done
processing extended elevation ... done
processing references ... done
selecting export objects ... done
writing Omen-dog-th.3d ... done
processing projection plan ... done
average distortion: 0.02%
writing Omen-dog-plan.pdf ...
####################### metapost log file ########################
This is MetaPost, version 1.209 (kpathsea version 5.1.0) (mem=mpost 2010.01.31)  25 SEP 2019 16:27
**data.mp
(./data.mp [4001] [4002] [4003] [4004] [4005] [4006] [4007] [4008] [4009] [4010
] [4011] [4012] [4013]
[1] [2] [3] [4] (./mptextmp.mp) [5] )
 
Here is how much of MetaPost's memory you used:
 1046 strings out of 1162
 13210 string characters out of 15838
 59974 words of memory out of 1500000
 1385 symbolic tokens out of 16384
 8i,75n,11p,197b,4f stack positions out of 300i,84n,5000p,200b,15f
 21 string compactions (moved 178566 characters, 14693 strings)
18 output files written: data.1 .. data.4013

#################### end of metapost log file ####################
converting scraps ... done
making map ... done
######################## pdftex log file #########################
This is pdfTeX, Version 3.1415926-1.40.10 (Web2C 2009) (format=pdftex 2010.1.2)  25 SEP 2019 16:27
entering extended mode
**data.tex
(./data.tex (./th_enc.tex) (./th_texts.tex) (./th_resources.tex
(c:/Program Files (x86)/Therion/texmf/tex/glyphtounicode.tex))
(./th_fontdef.tex{c:/Program Files (x86)/Therion/texmf/fonts/pdftex.map})
(./th_formdef.tex) (./th_pagedef.tex) (./th_pages.tex)
 53 numeric registers used out of 32768
 [1] ) 
Here is how much of TeX's memory you used:
 248 strings out of 95617
 2524 string characters out of 1171098
 19842 words of memory out of 1506820
 1663 multiletter control sequences out of 15000+50000
 16503 words of font info for 54 fonts, out of 1000000 for 2000
 849 hyphenation exceptions out of 1000
 6i,5n,6p,238b,36s stack positions out of 5000i,500n,10000p,200000b,50000s
<c:/Program Files (x86)/Therion/texmf/fonts/type1/cmss10.pfb>
Output written on data.pdf (1 page, 14243 bytes).
PDF statistics:
 35 PDF objects out of 1000 (max. 8388607)
 0 named destinations out of 1000 (max. 500000)
 79 words of extra memory for PDF output out of 10000 (max. 10000000)


##################### end of pdftex log file #####################
done
writing xtherion file ... 
C:\Program Files (x86)\Therion\therion.exe: warning -- can't open xtherion file for output -- thconfig.xth
compilation time: 1 sec


###################### scrap distortions #######################
 PROJECTION: plan
 AVERAGE  MAXIMAL  SCRAP
   0.02%    0.20%  scrap9@Omen-dog
################### end of scrap distortions ###################
