therion 5.4.1 (2017-04-18)
initialization file: C:\Program Files (x86)\Therion/therion.ini
reading ... done
configuration file: thconfig
reading ... done
reading source files ... done
preprocessing database ... done
scanning centreline tree ... done
searching for centerline loops ... done
calculating station coordinates ... done
processing survey data ... 
####################### cavern log file ########################
 1> Survex 1.2.38
 2> Copyright ¸ 1990-2018 Olly Betts
 3> Survey has no fixed points. Therefore I've fixed 1 at (0,0,0)
 4> 
 5> Survey contains 187 survey stations, joined by 186 legs.
 6> There are 0 loops.
 7> Total length of survey legs =  727.02m ( 727.02m adjusted)
 8> Total plan length of survey legs =  640.33m
 9> Total vertical length of survey legs =  203.57m
10> Vertical range = 79.93m (from 130 at 5.00m to 183 at -74.93m)
11> North-South range = 89.84m (from 183 at 68.59m to 19 at -21.25m)
12> East-West range = 95.79m (from 183 at 88.98m to 9 at -6.81m)
13>  156 1-nodes.
14>    1 3-node.
15>   12 5-nodes.
16>    1 6-node.
17>    5 7-nodes.
18>    4 8-nodes.
19>    5 9-nodes.
20>    2 11-nodes.
21>    1 13-node.
22> 
######################### transcription ########################
 3> 1 : 9.904@Empire-kessel-run
 5> 187 : 904.32@Empire-kessel-run -- 186 : -@Empire-kessel-run
10> 130 : -@Empire-kessel-run -- 183 : -@Empire-kessel-run
11> 183 : -@Empire-kessel-run -- 19 : -@Empire-kessel-run
12> 183 : -@Empire-kessel-run -- 9 : -@Empire-kessel-run
13> 156 : -@Empire-kessel-run
14> 1 : 9.904@Empire-kessel-run
15> 12 : 904.2@Empire-kessel-run
16> 1 : 9.904@Empire-kessel-run
17> 5 : -@Empire-kessel-run
18> 4 : 904.1@Empire-kessel-run
19> 5 : -@Empire-kessel-run
20> 2 : -@Empire-kessel-run
21> 1 : 9.904@Empire-kessel-run
#################### end of cavern log file ####################
done
calculating basic statistics ... done
processing extended elevation ... done
processing references ... done
selecting export objects ... done
writing Empire-kessel-run-th.3d ... done
processing projection plan ... done
average distortion: 0.00%
writing Empire-kessel-run-plan.pdf ...
####################### metapost log file ########################
This is MetaPost, version 1.209 (kpathsea version 5.1.0) (mem=mpost 2010.01.31)  22 APR 2019 19:45
**data.mp
(./data.mp [4001] [4002] [4003] [4004] [4005] [4006] [4007] [4008] [4009] [4010
] [4011] [4012] [4013]
[1] [2] [3] [4] (./mptextmp.mp) [5] )
 
Here is how much of MetaPost's memory you used:
 1043 strings out of 1162
 13230 string characters out of 20720
 61006 words of memory out of 1500000
 1385 symbolic tokens out of 16384
 8i,75n,11p,197b,4f stack positions out of 300i,84n,5000p,200b,15f
 37 string compactions (moved 387816 characters, 31062 strings)
18 output files written: data.1 .. data.4013

#################### end of metapost log file ####################
converting scraps ... done
making map ... done
######################## pdftex log file #########################
This is pdfTeX, Version 3.1415926-1.40.10 (Web2C 2009) (format=pdftex 2010.1.2)  22 APR 2019 19:45
entering extended mode
**data.tex
(./data.tex (./th_enc.tex) (./th_texts.tex) (./th_resources.tex
(c:/Program Files (x86)/Therion/texmf/tex/glyphtounicode.tex))
(./th_fontdef.tex{c:/Program Files (x86)/Therion/texmf/fonts/pdftex.map})
(./th_formdef.tex) (./th_pagedef.tex) (./th_pages.tex)
 53 numeric registers used out of 32768
 [1] ) 
Here is how much of TeX's memory you used:
 248 strings out of 95617
 2524 string characters out of 1171098
 28388 words of memory out of 1514366
 1663 multiletter control sequences out of 15000+50000
 16503 words of font info for 54 fonts, out of 1000000 for 2000
 849 hyphenation exceptions out of 1000
 6i,5n,6p,238b,36s stack positions out of 5000i,500n,10000p,200000b,50000s
<c:/Program Files (x86)/Therion/texmf/fonts/type1/cmss10.pfb>
Output written on data.pdf (1 page, 23568 bytes).
PDF statistics:
 35 PDF objects out of 1000 (max. 8388607)
 0 named destinations out of 1000 (max. 500000)
 79 words of extra memory for PDF output out of 10000 (max. 10000000)


##################### end of pdftex log file #####################
done
writing xtherion file ... done
compilation time: 2 sec


###################### scrap distortions #######################
 PROJECTION: plan
 AVERAGE  MAXIMAL  SCRAP
   0.00%    0.00%  scrap7@Empire-kessel-run
################### end of scrap distortions ###################
