therion 5.4.1 (2017-04-18)
initialization file: C:\Program Files (x86)\Therion/therion.ini
reading ... done
configuration file: thconfig
reading ... done
reading source files ... done
preprocessing database ... done
scanning centreline tree ... done
searching for centerline loops ... done
calculating station coordinates ... done
processing survey data ... 
####################### cavern log file ########################
 1> Survex 1.2.38
 2> Copyright ¸ 1990-2018 Olly Betts
 3> Survey has no fixed points. Therefore I've fixed 1 at (0,0,0)
 4> 
 5> Survey contains 240 survey stations, joined by 239 legs.
 6> There is 1 loop.
 7> Survey has 2 connected components.
 8> Total length of survey legs = 1773.62m (1773.62m adjusted)
 9> Total plan length of survey legs = 1642.69m
10> Total vertical length of survey legs =  412.84m
11> Vertical range = 26.38m (from 193 at 16.63m to 44 at -9.74m)
12> North-South range = 49.99m (from 1 at 0.00m to 18 at -49.99m)
13> East-West range = 170.17m (from 108 at 31.75m to 200 at -138.42m)
14>  213 1-nodes.
15>    1 2-node.
16>    2 5-nodes.
17>    2 6-nodes.
18>    2 7-nodes.
19>    3 8-nodes.
20>    4 9-nodes.
21>    4 10-nodes.
22>    2 11-nodes.
23>    1 12-node.
24>    2 13-nodes.
25>    1 14-node.
26>    1 15-node.
27>    1 18-node.
28>    1 20-node.
29> 
######################### transcription ########################
 3> 1 : 301.2@Stream-large-south
 5> 240 : -@Stream-large-south -- 239 : -@Stream-large-south
 6> 1 : 301.2@Stream-large-south
 7> 2 : -@Stream-large-south
11> 193 : -@Stream-large-south -- 44 : -@Stream-large-south
12> 1 : 301.2@Stream-large-south -- 18 : -@Stream-large-south
13> 108 : 69@Stream-large-south -- 200 : -@Stream-large-south
14> 213 : -@Stream-large-south
15> 1 : 301.2@Stream-large-south
16> 2 : -@Stream-large-south
17> 2 : -@Stream-large-south
18> 2 : -@Stream-large-south
19> 3 : -@Stream-large-south
20> 4 : -@Stream-large-south
21> 4 : -@Stream-large-south
22> 2 : -@Stream-large-south
23> 1 : 301.2@Stream-large-south
24> 2 : -@Stream-large-south
25> 1 : 301.2@Stream-large-south
26> 1 : 301.2@Stream-large-south
27> 1 : 301.2@Stream-large-south
28> 1 : 301.2@Stream-large-south
#################### end of cavern log file ####################
done
calculating basic statistics ... done
processing extended elevation ... done
processing references ... done
selecting export objects ... done
writing Stream-large-south-th.3d ... done
processing projection plan ... done
average distortion: 0.01%
writing Stream-large-south-plan.pdf ...
####################### metapost log file ########################
This is MetaPost, version 1.209 (kpathsea version 5.1.0) (mem=mpost 2010.01.31)  17 APR 2019 21:02
**data.mp
(./data.mp [4001] [4002] [4003] [4004] [4005] [4006] [4007] [4008] [4009] [4010
] [4011] [4012] [4013]
[1]
[Warning: scrap outline intersects itself in scrap scrap1@Stream-large-south]
[2] [3] [4] (./mptextmp.mp) [5] )
 
Here is how much of MetaPost's memory you used:
 1066 strings out of 1162
 13233 string characters out of 20720
 61941 words of memory out of 1500000
 1385 symbolic tokens out of 16384
 8i,75n,11p,197b,4f stack positions out of 300i,84n,5000p,200b,15f
 38 string compactions (moved 401358 characters, 32115 strings)
18 output files written: data.1 .. data.4013

#################### end of metapost log file ####################
converting scraps ... done
making map ... done
######################## pdftex log file #########################
This is pdfTeX, Version 3.1415926-1.40.10 (Web2C 2009) (format=pdftex 2010.1.2)  17 APR 2019 21:02
entering extended mode
**data.tex
(./data.tex (./th_enc.tex) (./th_texts.tex) (./th_resources.tex
(c:/Program Files (x86)/Therion/texmf/tex/glyphtounicode.tex))
(./th_fontdef.tex{c:/Program Files (x86)/Therion/texmf/fonts/pdftex.map})
(./th_formdef.tex) (./th_pagedef.tex) (./th_pages.tex)
 53 numeric registers used out of 32768
 [1] ) 
Here is how much of TeX's memory you used:
 248 strings out of 95617
 2524 string characters out of 1171098
 39101 words of memory out of 1524079
 1663 multiletter control sequences out of 15000+50000
 16503 words of font info for 54 fonts, out of 1000000 for 2000
 849 hyphenation exceptions out of 1000
 6i,5n,6p,238b,36s stack positions out of 5000i,500n,10000p,200000b,50000s
<c:/Program Files (x86)/Therion/texmf/fonts/type1/cmss10.pfb>
Output written on data.pdf (1 page, 27980 bytes).
PDF statistics:
 35 PDF objects out of 1000 (max. 8388607)
 0 named destinations out of 1000 (max. 500000)
 79 words of extra memory for PDF output out of 10000 (max. 10000000)


##################### end of pdftex log file #####################
done
writing xtherion file ... done
compilation time: 1 sec


###################### scrap distortions #######################
 PROJECTION: plan
 AVERAGE  MAXIMAL  SCRAP
   0.01%    0.25%  scrap1@Stream-large-south
################### end of scrap distortions ###################
