therion 5.4.3 (2019-02-01)
initialization file: C:\Program Files (x86)\Therion/therion.ini
reading ... done
configuration file: thconfig
reading ... done
reading source files ... done
preprocessing database ... done
scanning centreline tree ... done
searching for centerline loops ... done
calculating station coordinates ... done
processing survey data ... 
####################### cavern log file ########################
 1> Survex 1.2.30
 2> Copyright ¸ 1990-2016 Olly Betts
 3> Survey has no control points. Therefore I've fixed 1 at (0,0,0)
 4> 
 5> Survey contains 239 survey stations, joined by 238 shots.
 6> There are 0 loops.
 7> Total length of survey shots =  818.06m ( 818.06m adjusted)
 8> Total plan length of survey shots =  760.12m
 9> Total vertical length of survey shots =  155.94m
10> Vertical range = 9.25m (from 210 at 9.25m to 1 at 0.00m)
11> North-South range = 145.24m (from 235 at 145.24m to 1 at 0.00m)
12> East-West range = 77.68m (from 210 at 75.18m to 23 at -2.50m)
13>  208 1-nodes.
14>    3 6-nodes.
15>    4 7-nodes.
16>    7 8-nodes.
17>    7 9-nodes.
18>    7 10-nodes.
19>    3 11-nodes.
20> 
######################### transcription ########################
 3> 1 : 0@hyperborium_cave_north_from_main_bh
 5> 239 : .@hyperborium_cave_north_from_main_bh -- 238 : .@hyperborium_cave_north_from_main_bh
10> 210 : .@hyperborium_cave_north_from_main_bh -- 1 : 0@hyperborium_cave_north_from_main_bh
11> 235 : .@hyperborium_cave_north_from_main_bh -- 1 : 0@hyperborium_cave_north_from_main_bh
12> 210 : .@hyperborium_cave_north_from_main_bh -- 23 : .@hyperborium_cave_north_from_main_bh
13> 208 : .@hyperborium_cave_north_from_main_bh
14> 3 : .@hyperborium_cave_north_from_main_bh
15> 4 : .@hyperborium_cave_north_from_main_bh
16> 7 : .@hyperborium_cave_north_from_main_bh
17> 7 : .@hyperborium_cave_north_from_main_bh
18> 7 : .@hyperborium_cave_north_from_main_bh
19> 3 : .@hyperborium_cave_north_from_main_bh
#################### end of cavern log file ####################
done
calculating basic statistics ... done
processing extended elevation ... done
processing references ... done
selecting export objects ... done
processing projection plan ... done
average distortion: 0.02%
writing Pete and Fleurs Most Recent Big Day Out.pdf ...
####################### metapost log file ########################
This is MetaPost, version 1.209 (kpathsea version 5.1.0) (mem=mpost 2010.01.31)  24 APR 2019 04:44
**data.mp
(./data.mp
{randomseed:=42}
 [4001] [4002] [4003] [4004] [4005] [4006] [4007] [4008] [4009] [4010] [4011] [
4012] [4013]
[1]
[Warning: scrap outline intersects itself in scrap scrap220@hyperborium_cave_no
rth_from_main_bh] [2] [3] [4] [5] (./mptextmp.mp) [6] )
 
Here is how much of MetaPost's memory you used:
 1135 strings out of 1162
 13801 string characters out of 20720
 146118 words of memory out of 1500000
 1398 symbolic tokens out of 16384
 11i,75n,16p,343b,5f stack positions out of 300i,84n,5000p,390b,15f
 151 string compactions (moved 1951262 characters, 153758 strings)
19 output files written: data.1 .. data.4013

#################### end of metapost log file ####################
converting scraps ... done
making map ... done
######################## pdftex log file #########################
This is pdfTeX, Version 3.1415926-1.40.10 (Web2C 2009) (format=pdftex 2010.1.2)  24 APR 2019 04:44
entering extended mode
**data.tex
(./data.tex (./th_enc.tex) (./th_texts.tex) (./th_resources.tex
(c:/Program Files (x86)/Therion/texmf/tex/glyphtounicode.tex))
(./th_fontdef.tex{c:/Program Files (x86)/Therion/texmf/fonts/pdftex.map})
(./th_formdef.tex) (./th_pagedef.tex
Overfull \hbox (2.2434pt too wide) in paragraph at lines 12--12
[]\thfb Pete And Fleurs Most Re-cent Big Day|

\hbox(18.05556+5.05556)x398.33818, glue set - 1.0
.\hbox(0.0+0.0)x0.0
.\thfb P
.\kern-0.72224
.\thfb e
.\thfb t
.etc.

) (./th_pages.tex)
 54 numeric registers used out of 32768
 [1] ) 
Here is how much of TeX's memory you used:
 251 strings out of 95617
 2550 string characters out of 1171098
 192779 words of memory out of 1658757
 1664 multiletter control sequences out of 15000+50000
 20080 words of font info for 63 fonts, out of 1000000 for 2000
 849 hyphenation exceptions out of 1000
 9i,5n,8p,347b,58s stack positions out of 5000i,500n,10000p,200000b,50000s
<c:/Program Files (x86)/Therion/texmf/fonts/type1/cmss10.pfb><c:/Program 
Files (x86)/Therion/texmf/fonts/type1/cmssi10.pfb>
Output written on data.pdf (1 page, 108432 bytes).
PDF statistics:
 42 PDF objects out of 1000 (max. 8388607)
 0 named destinations out of 1000 (max. 500000)
 85 words of extra memory for PDF output out of 10000 (max. 10000000)


##################### end of pdftex log file #####################
done
writing xtherion file ... done
compilation time: 3 sec


###################### scrap distortions #######################
 PROJECTION: plan
 AVERAGE  MAXIMAL  SCRAP
   0.02%    0.61%  scrap220@hyperborium_cave_north_from_main_bh
################### end of scrap distortions ###################
