therion 5.4.1 (2017-04-18)
initialization file: C:\Program Files (x86)\Therion/therion.ini
reading ... done
configuration file: thconfig
reading ... done
reading source files ... done
preprocessing database ... done
scanning centreline tree ... done
searching for centerline loops ... done
calculating station coordinates ... done
processing survey data ... 
####################### cavern log file ########################
 1> Survex 1.2.38
 2> Copyright ¸ 1990-2018 Olly Betts
 3> Survey has no fixed points. Therefore I've fixed 1 at (0,0,0)
 4> 
 5> Survey contains 110 survey stations, joined by 109 legs.
 6> There are 0 loops.
 7> Total length of survey legs =  327.67m ( 327.67m adjusted)
 8> Total plan length of survey legs =  268.04m
 9> Total vertical length of survey legs =  133.71m
10> Vertical range = 18.82m (from 91 at 18.31m to 10 at -0.51m)
11> North-South range = 18.50m (from 96 at 6.41m to 93 at -12.09m)
12> East-West range = 12.40m (from 87 at 4.44m to 93 at -7.96m)
13>  100 1-nodes.
14>    1 2-node.
15>    1 4-node.
16>    2 5-nodes.
17>    1 6-node.
18>    1 13-node.
19>    1 15-node.
20>    1 18-node.
21>    2 25-nodes.
22> 
######################### transcription ########################
 3> 1 : 934.6@BoulderChokeAdrianAlice
 5> 110 : -@BoulderChokeAdrianAlice -- 109 : -@BoulderChokeAdrianAlice
10> 91 : -@BoulderChokeAdrianAlice -- 10 : -@BoulderChokeAdrianAlice
11> 96 : -@BoulderChokeAdrianAlice -- 93 : -@BoulderChokeAdrianAlice
12> 87 : -@BoulderChokeAdrianAlice -- 93 : -@BoulderChokeAdrianAlice
13> 100 : -@BoulderChokeAdrianAlice
14> 1 : 934.6@BoulderChokeAdrianAlice
15> 1 : 934.6@BoulderChokeAdrianAlice
16> 2 : 934.6.1@BoulderChokeAdrianAlice
17> 1 : 934.6@BoulderChokeAdrianAlice
18> 1 : 934.6@BoulderChokeAdrianAlice
19> 1 : 934.6@BoulderChokeAdrianAlice
20> 1 : 934.6@BoulderChokeAdrianAlice
21> 2 : 934.6.1@BoulderChokeAdrianAlice
#################### end of cavern log file ####################
done
calculating basic statistics ... done
processing extended elevation ... done
processing references ... done
selecting export objects ... done
writing BoulderChokeAdrianAlice-th.3d ... done
processing projection plan ... done
average distortion: 0.08%
writing BoulderChokeAdrianAlice-plan.pdf ...
####################### metapost log file ########################
This is MetaPost, version 1.209 (kpathsea version 5.1.0) (mem=mpost 2010.01.31)  26 SEP 2019 07:39
**data.mp
(./data.mp [4001] [4002] [4003] [4004] [4005] [4006] [4007] [4008] [4009] [4010
] [4011] [4012] [4013]
[1] [2] [3] [4] (./mptextmp.mp) [5] )
 
Here is how much of MetaPost's memory you used:
 1053 strings out of 1162
 13339 string characters out of 15838
 60169 words of memory out of 1500000
 1385 symbolic tokens out of 16384
 11i,75n,14p,197b,4f stack positions out of 300i,84n,5000p,200b,15f
 22 string compactions (moved 192303 characters, 15735 strings)
18 output files written: data.1 .. data.4013

#################### end of metapost log file ####################
converting scraps ... done
making map ... done
######################## pdftex log file #########################
This is pdfTeX, Version 3.1415926-1.40.10 (Web2C 2009) (format=pdftex 2010.1.2)  26 SEP 2019 07:39
entering extended mode
**data.tex
(./data.tex (./th_enc.tex) (./th_texts.tex) (./th_resources.tex
(c:/Program Files (x86)/Therion/texmf/tex/glyphtounicode.tex))
(./th_fontdef.tex{c:/Program Files (x86)/Therion/texmf/fonts/pdftex.map})
(./th_formdef.tex) (./th_pagedef.tex) (./th_pages.tex)
 53 numeric registers used out of 32768
 [1] ) 
Here is how much of TeX's memory you used:
 248 strings out of 95617
 2524 string characters out of 1171098
 26324 words of memory out of 1512302
 1663 multiletter control sequences out of 15000+50000
 16503 words of font info for 54 fonts, out of 1000000 for 2000
 849 hyphenation exceptions out of 1000
 6i,5n,6p,256b,36s stack positions out of 5000i,500n,10000p,200000b,50000s
<c:/Program Files (x86)/Therion/texmf/fonts/type1/cmss10.pfb>
Output written on data.pdf (1 page, 17193 bytes).
PDF statistics:
 35 PDF objects out of 1000 (max. 8388607)
 0 named destinations out of 1000 (max. 500000)
 79 words of extra memory for PDF output out of 10000 (max. 10000000)


##################### end of pdftex log file #####################
done
writing xtherion file ... done
compilation time: 1 sec


###################### scrap distortions #######################
 PROJECTION: plan
 AVERAGE  MAXIMAL  SCRAP
   0.08%    1.14%  BoulderChokeAdrianAlice-SP1@BoulderChokeAdrianAlice
################### end of scrap distortions ###################
