therion 5.4.1 (2017-04-18)
initialization file: C:\Program Files (x86)\Therion/therion.ini
reading ... done
configuration file: thconfig
reading ... done
reading source files ... done
preprocessing database ... done
scanning centreline tree ... done
searching for centerline loops ... done
calculating station coordinates ... done
processing survey data ... 
####################### cavern log file ########################
 1> Survex 1.2.38
 2> Copyright ¸ 1990-2018 Olly Betts
 3> Survey has no fixed points. Therefore I've fixed 1 at (0,0,0)
 4> 
 5> Survey contains 136 survey stations, joined by 135 legs.
 6> There are 0 loops.
 7> Total length of survey legs =  433.53m ( 433.54m adjusted)
 8> Total plan length of survey legs =  345.69m
 9> Total vertical length of survey legs =  151.96m
10> Vertical range = 16.35m (from 130 at 10.24m to 107 at -6.11m)
11> North-South range = 33.84m (from 109 at 33.84m to 2 at 0.00m)
12> East-West range = 75.66m (from 136 at 75.66m to 2 at 0.00m)
13>  122 1-nodes.
14>    1 2-node.
15>    2 6-nodes.
16>    2 9-nodes.
17>    3 10-nodes.
18>    1 11-node.
19>    1 12-node.
20>    2 15-nodes.
21>    1 16-node.
22>    1 17-node.
23> 
######################### transcription ########################
 3> 1 : 1.0@sloppyseconds
 5> 136 : 274.14@sloppyseconds -- 135 : -@sloppyseconds
10> 130 : -@sloppyseconds -- 107 : -@sloppyseconds
11> 109 : -@sloppyseconds -- 2 : 274.0@sloppyseconds
12> 136 : 274.14@sloppyseconds -- 2 : 274.0@sloppyseconds
13> 122 : -@sloppyseconds
14> 1 : 1.0@sloppyseconds
15> 2 : 274.0@sloppyseconds
16> 2 : 274.0@sloppyseconds
17> 3 : 274.1@sloppyseconds
18> 1 : 1.0@sloppyseconds
19> 1 : 1.0@sloppyseconds
20> 2 : 274.0@sloppyseconds
21> 1 : 1.0@sloppyseconds
22> 1 : 1.0@sloppyseconds
#################### end of cavern log file ####################
done
calculating basic statistics ... done
processing extended elevation ... done
processing references ... done
selecting export objects ... done
processing projection plan ... done
average distortion: 0.09%
writing sloppyseconds.pdf ...
####################### metapost log file ########################
This is MetaPost, version 1.209 (kpathsea version 5.1.0) (mem=mpost 2010.01.31)  23 APR 2019 00:25
**data.mp
(./data.mp [4001] [4002] [4003] [4004] [4005] [4006] [4007] [4008] [4009] [4010
] [4011] [4012] [4013]
[1] [2] [3] [4] (./mptextmp.mp) [5] )
 
Here is how much of MetaPost's memory you used:
 1055 strings out of 1162
 13256 string characters out of 20720
 60412 words of memory out of 1500000
 1385 symbolic tokens out of 16384
 8i,75n,11p,197b,4f stack positions out of 300i,84n,5000p,200b,15f
 25 string compactions (moved 231179 characters, 18795 strings)
18 output files written: data.1 .. data.4013

#################### end of metapost log file ####################
converting scraps ... done
making map ... done
######################## pdftex log file #########################
This is pdfTeX, Version 3.1415926-1.40.10 (Web2C 2009) (format=pdftex 2010.1.2)  23 APR 2019 00:25
entering extended mode
**data.tex
(./data.tex (./th_enc.tex) (./th_texts.tex) (./th_resources.tex
(c:/Program Files (x86)/Therion/texmf/tex/glyphtounicode.tex))
(./th_fontdef.tex{c:/Program Files (x86)/Therion/texmf/fonts/pdftex.map})
(./th_formdef.tex) (./th_pagedef.tex) (./th_pages.tex)
 53 numeric registers used out of 32768
 [1] ) 
Here is how much of TeX's memory you used:
 250 strings out of 95617
 2539 string characters out of 1171098
 26818 words of memory out of 1512796
 1663 multiletter control sequences out of 15000+50000
 20080 words of font info for 63 fonts, out of 1000000 for 2000
 849 hyphenation exceptions out of 1000
 9i,5n,8p,238b,58s stack positions out of 5000i,500n,10000p,200000b,50000s
<c:/Program Files (x86)/Therion/texmf/fonts/type1/cmss10.pfb><c:/Program 
Files (x86)/Therion/texmf/fonts/type1/cmssi10.pfb>
Output written on data.pdf (1 page, 26462 bytes).
PDF statistics:
 40 PDF objects out of 1000 (max. 8388607)
 0 named destinations out of 1000 (max. 500000)
 79 words of extra memory for PDF output out of 10000 (max. 10000000)


##################### end of pdftex log file #####################
done
writing sloppysecondsth.3d ... done
writing xtherion file ... done
compilation time: 1 sec


###################### scrap distortions #######################
 PROJECTION: plan
 AVERAGE  MAXIMAL  SCRAP
   0.09%    2.19%  sloppysecondsSP1@sloppyseconds
################### end of scrap distortions ###################
