therion 5.4.1 (2017-04-18)
initialization file: C:\Program Files (x86)\Therion/therion.ini
reading ... done
configuration file: thconfig
reading ... done
reading source files ... done
preprocessing database ... done
scanning centreline tree ... done
searching for centerline loops ... done
calculating station coordinates ... done
processing survey data ... 
####################### cavern log file ########################
 1> Survex 1.2.34
 2> Copyright ¸ 1990-2017 Olly Betts
 3> Survey has no control points. Therefore I've fixed 1 at (0,0,0)
 4> 
 5> Survey contains 425 survey stations, joined by 424 shots.
 6> There is 1 loop.
 7> Survey has 2 connected components.
 8> Total length of survey shots = 2455.30m (2455.30m adjusted)
 9> Total plan length of survey shots = 2213.38m
10> Total vertical length of survey shots =  567.51m
11> Vertical range = 32.68m (from 16 at 1.22m to 171 at -31.46m)
12> North-South range = 171.97m (from 85 at 37.92m to 400 at -134.04m)
13> East-West range = 225.49m (from 6 at 2.93m to 157 at -222.56m)
14>  371 1-nodes.
15>    3 2-nodes.
16>    9 6-nodes.
17>    6 7-nodes.
18>   10 8-nodes.
19>    8 9-nodes.
20>    6 10-nodes.
21>    5 11-nodes.
22>    1 12-node.
23>    2 13-nodes.
24>    1 14-node.
25>    2 17-nodes.
26>    1 22-node.
27> 
######################### transcription ########################
 3> 1 : 6.0@cob
 5> 425 : 6.51@cob -- 424 : -@cob
 6> 1 : 6.0@cob
 7> 2 : -@cob
11> 16 : -@cob -- 171 : -@cob
12> 85 : -@cob -- 400 : -@cob
13> 6 : -@cob -- 157 : -@cob
14> 371 : -@cob
15> 3 : -@cob
16> 9 : -@cob
17> 6 : -@cob
18> 10 : -@cob
19> 8 : -@cob
20> 6 : -@cob
21> 5 : -@cob
22> 1 : 6.0@cob
23> 2 : -@cob
24> 1 : 6.0@cob
25> 2 : -@cob
26> 1 : 6.0@cob
#################### end of cavern log file ####################
done
calculating basic statistics ... done
processing extended elevation ... done
processing references ... done
selecting export objects ... done
processing projection plan ... done
average distortion: 0.01%
writing cob.pdf ...
####################### metapost log file ########################
This is MetaPost, version 1.209 (kpathsea version 5.1.0) (mem=mpost 2010.01.31)  20 SEP 2018 09:54
**data.mp
(./data.mp [4001] [4002] [4003] [4004] [4005] [4006] [4007] [4008] [4009] [4010
] [4011] [4012] [4013]
[1] [2] (./mptextmp.mp) [3] )
 
Here is how much of MetaPost's memory you used:
 1091 strings out of 1162
 13169 string characters out of 15838
 59943 words of memory out of 1500000
 1385 symbolic tokens out of 16384
 8i,75n,11p,201b,4f stack positions out of 300i,84n,5000p,200b,15f
 15 string compactions (moved 108822 characters, 9174 strings)
16 output files written: data.1 .. data.4013

#################### end of metapost log file ####################
converting scraps ... done
making map ... done
######################## pdftex log file #########################
This is pdfTeX, Version 3.1415926-1.40.10 (Web2C 2009) (format=pdftex 2010.1.2)  20 SEP 2018 09:54
entering extended mode
**data.tex
(./data.tex (./th_enc.tex) (./th_texts.tex) (./th_resources.tex
(c:/Program Files (x86)/Therion/texmf/tex/glyphtounicode.tex))
(./th_fontdef.tex{c:/Program Files (x86)/Therion/texmf/fonts/pdftex.map})
(./th_formdef.tex) (./th_pagedef.tex) (./th_pages.tex)
 50 numeric registers used out of 32768
 [1] ) 
Here is how much of TeX's memory you used:
 247 strings out of 95617
 2507 string characters out of 1171098
 45202 words of memory out of 1529180
 1660 multiletter control sequences out of 15000+50000
 20080 words of font info for 63 fonts, out of 1000000 for 2000
 849 hyphenation exceptions out of 1000
 9i,5n,8p,238b,58s stack positions out of 5000i,500n,10000p,200000b,50000s
<c:/Program Files (x86)/Therion/texmf/fonts/type1/cmss10.pfb><c:/Program 
Files (x86)/Therion/texmf/fonts/type1/cmssi10.pfb>
Output written on data.pdf (1 page, 21473 bytes).
PDF statistics:
 34 PDF objects out of 1000 (max. 8388607)
 0 named destinations out of 1000 (max. 500000)
 61 words of extra memory for PDF output out of 10000 (max. 10000000)


##################### end of pdftex log file #####################
done
writing cob.svg ...
####################### metapost log file ########################
This is MetaPost, version 1.209 (kpathsea version 5.1.0) (mem=mpost 2010.01.31)  20 SEP 2018 09:54
**data.mp
(./data.mp [4001] [4002] [4003] [4004] [4005] [4006] [4007] [4008] [4009] [4010
] [4011] [4012] [4013]
[1] [2] (./mptextmp.mp) [3] )
 
Here is how much of MetaPost's memory you used:
 1091 strings out of 1162
 13169 string characters out of 15838
 59943 words of memory out of 1500000
 1385 symbolic tokens out of 16384
 8i,75n,11p,201b,4f stack positions out of 300i,84n,5000p,200b,15f
 16 string compactions (moved 118568 characters, 9971 strings)
16 output files written: data.1 .. data.4013

#################### end of metapost log file ####################
converting scraps* ... done
making svg map ... done
done
writing cobth.3d ... done
writing xtherion file ... done
compilation time: 1 sec


###################### scrap distortions #######################
 PROJECTION: plan
 AVERAGE  MAXIMAL  SCRAP
   0.01%    0.48%  cobSP1@cob
################### end of scrap distortions ###################
