therion 5.4.1 (2017-04-18)
initialization file: C:\Program Files (x86)\Therion/therion.ini
reading ... done
configuration file: thconfig
reading ... done
reading source files ... done
preprocessing database ... done
scanning centreline tree ... done
searching for centerline loops ... done
calculating station coordinates ... done
processing survey data ... 
####################### cavern log file ########################
 1> Survex 1.2.38
 2> Copyright ¸ 1990-2018 Olly Betts
 3> Survey has no fixed points. Therefore I've fixed 1 at (0,0,0)
 4> 
 5> Survey contains 537 survey stations, joined by 536 legs.
 6> There are 0 loops.
 7> Total length of survey legs = 3982.90m (3982.90m adjusted)
 8> Total plan length of survey legs = 3605.84m
 9> Total vertical length of survey legs =  997.29m
10> Vertical range = 60.34m (from 14 at 8.91m to 338 at -51.43m)
11> North-South range = 348.87m (from 164 at 92.47m to 485 at -256.41m)
12> East-West range = 455.85m (from 2 at 0.00m to 537 at -455.85m)
13>  451 1-nodes.
14>    2 2-nodes.
15>   21 5-nodes.
16>   24 6-nodes.
17>   11 7-nodes.
18>   11 8-nodes.
19>    5 9-nodes.
20>    2 10-nodes.
21>    3 11-nodes.
22>    1 12-node.
23>    1 13-node.
24>    2 15-nodes.
25>    1 16-node.
26>    2 17-nodes.
27> 
######################### transcription ########################
 3> 1 : 6.12@connection
 5> 537 : 3.110@connection -- 536 : -@connection
10> 14 : -@connection -- 338 : -@connection
11> 164 : -@connection -- 485 : -@connection
12> 2 : -@connection -- 537 : 3.110@connection
13> 451 : 8.19@connection
14> 2 : -@connection
15> 21 : -@connection
16> 24 : -@connection
17> 11 : -@connection
18> 11 : -@connection
19> 5 : -@connection
20> 2 : -@connection
21> 3 : 7.1@connection
22> 1 : 6.12@connection
23> 1 : 6.12@connection
24> 2 : -@connection
25> 1 : 6.12@connection
26> 2 : -@connection
#################### end of cavern log file ####################
done
calculating basic statistics ... done
processing extended elevation ... done
processing references ... done
selecting export objects ... done
writing connection.3d ... done
writing connection.lox ...
processing projection plan ... done
average distortion: 0.02%
..... done
writing connection.svg ...
####################### metapost log file ########################
This is MetaPost, version 1.209 (kpathsea version 5.1.0) (mem=mpost 2010.01.31)  22 APR 2019 23:52
**data.mp
(./data.mp [4001] [4002] [4003] [4004] [4005] [4006] [4007] [4008] [4009] [4010
] [4011] [4012] [4013]
[1] [2] [3] [4] [5] [6] [7] [8] [9] [10] [11] [12] [13] [14] [15] [16] [17]
[18] [19] [20] (./mptextmp.mp) [21] )
 
Here is how much of MetaPost's memory you used:
 1251 strings out of 1638
 14786 string characters out of 26823
 165754 words of memory out of 1500000
 1389 symbolic tokens out of 16384
 9i,75n,16p,336b,5f stack positions out of 300i,84n,5000p,390b,15f
 311 string compactions (moved 4106705 characters, 343327 strings)
34 output files written: data.1 .. data.4013

#################### end of metapost log file ####################
converting scraps* ... done
making svg map ... done
done
writing connection.pdf ...
####################### metapost log file ########################
This is MetaPost, version 1.209 (kpathsea version 5.1.0) (mem=mpost 2010.01.31)  22 APR 2019 23:52
**data.mp
(./data.mp [4001] [4002] [4003] [4004] [4005] [4006] [4007] [4008] [4009] [4010
] [4011] [4012] [4013]
[1] [2] [3] [4] [5] [6] [7] [8] [9] [10] [11] [12] [13] [14] [15] [16] [17]
[18] [19] [20] (./mptextmp.mp) [21] )
 
Here is how much of MetaPost's memory you used:
 1251 strings out of 1638
 14786 string characters out of 26823
 165754 words of memory out of 1500000
 1389 symbolic tokens out of 16384
 9i,75n,16p,336b,5f stack positions out of 300i,84n,5000p,390b,15f
 311 string compactions (moved 4106705 characters, 343327 strings)
34 output files written: data.1 .. data.4013

#################### end of metapost log file ####################
converting scraps ... done
making map ... done
######################## pdftex log file #########################
This is pdfTeX, Version 3.1415926-1.40.10 (Web2C 2009) (format=pdftex 2010.1.2)  22 APR 2019 23:52
entering extended mode
**data.tex
(./data.tex (./th_enc.tex) (./th_texts.tex) (./th_resources.tex
(c:/Program Files (x86)/Therion/texmf/tex/glyphtounicode.tex))
(./th_fontdef.tex{c:/Program Files (x86)/Therion/texmf/fonts/pdftex.map})
(./th_formdef.tex) (./th_pagedef.tex) (./th_pages.tex)
 74 numeric registers used out of 32768
 [1] ) 
Here is how much of TeX's memory you used:
 271 strings out of 95617
 2759 string characters out of 1171098
 296565 words of memory out of 1752543
 1684 multiletter control sequences out of 15000+50000
 20080 words of font info for 63 fonts, out of 1000000 for 2000
 849 hyphenation exceptions out of 1000
 9i,5n,8p,238b,58s stack positions out of 5000i,500n,10000p,200000b,50000s
<c:/Program Files (x86)/Therion/texmf/fonts/type1/cmss10.pfb><c:/Program 
Files (x86)/Therion/texmf/fonts/type1/cmssi10.pfb>
Output written on data.pdf (1 page, 197732 bytes).
PDF statistics:
 81 PDF objects out of 1000 (max. 8388607)
 0 named destinations out of 1000 (max. 500000)
 203 words of extra memory for PDF output out of 10000 (max. 10000000)


##################### end of pdftex log file #####################
done
writing xtherion file ... done
compilation time: 10 sec


###################### scrap distortions #######################
 PROJECTION: plan
 AVERAGE  MAXIMAL  SCRAP
   0.05%   10.84%  bellywalls@connection
   0.04%    1.13%  Highlinewalls@connection
   0.01%    0.31%  ancientwalls@connection
   0.01%    0.10%  fossiltrunkwalls@connection
   0.01%    0.10%  superwalls@connection
################### end of scrap distortions ###################
