therion 5.4.1 (2017-04-18)
initialization file: C:\Program Files (x86)\Therion/therion.ini
reading ... done
configuration file: thconfig
reading ... done
reading source files ... done
preprocessing database ... done
scanning centreline tree ... done
searching for centerline loops ... done
calculating station coordinates ... done
processing survey data ... 
####################### cavern log file ########################
 1> Survex 1.2.38
 2> Copyright ¸ 1990-2018 Olly Betts
 3> Survey has no fixed points. Therefore I've fixed 1 at (0,0,0)
 4> 
 5> Survey contains 142 survey stations, joined by 141 legs.
 6> There is 1 loop.
 7> Survey has 2 connected components.
 8> Total length of survey legs = 1029.82m (1029.82m adjusted)
 9> Total plan length of survey legs = 1002.75m
10> Total vertical length of survey legs =  125.21m
11> Vertical range = 11.51m (from 5 at 4.43m to 58 at -7.08m)
12> North-South range = 156.05m (from 132 at 152.34m to 4 at -3.71m)
13> East-West range = 135.23m (from 142 at 127.16m to 3 at -8.07m)
14>  128 1-nodes.
15>    2 2-nodes.
16>    1 4-node.
17>    1 5-node.
18>    2 6-nodes.
19>    1 10-node.
20>    1 11-node.
21>    1 13-node.
22>    1 15-node.
23>    1 16-node.
24>    2 19-nodes.
25>    1 26-node.
26> 
######################### transcription ########################
 3> 1 : 520.0@milly1
 5> 142 : 520.14@milly1 -- 141 : 520.13@milly1
 6> 1 : 520.0@milly1
 7> 2 : -@milly1
11> 5 : -@milly1 -- 58 : -@milly1
12> 132 : -@milly1 -- 4 : -@milly1
13> 142 : 520.14@milly1 -- 3 : -@milly1
14> 128 : -@milly1
15> 2 : -@milly1
16> 1 : 520.0@milly1
17> 1 : 520.0@milly1
18> 2 : -@milly1
19> 1 : 520.0@milly1
20> 1 : 520.0@milly1
21> 1 : 520.0@milly1
22> 1 : 520.0@milly1
23> 1 : 520.0@milly1
24> 2 : -@milly1
25> 1 : 520.0@milly1
#################### end of cavern log file ####################
done
calculating basic statistics ... done
processing extended elevation ... done
processing references ... done
selecting export objects ... done
processing projection plan ... done
average distortion: 0.01%
writing milly1.pdf ...
####################### metapost log file ########################
This is MetaPost, version 1.209 (kpathsea version 5.1.0) (mem=mpost 2010.01.31)  26 SEP 2019 19:49
**data.mp
(./data.mp [4001] [4002] [4003] [4004] [4005] [4006] [4007] [4008] [4009] [4010
] [4011] [4012] [4013]
[1]
[Warning: scrap outline intersects itself in scrap milly1SP1@milly1] [2] [3]
[4] (./mptextmp.mp) [5] )
 
Here is how much of MetaPost's memory you used:
 1060 strings out of 1162
 13270 string characters out of 20720
 385793 words of memory out of 1500000
 1385 symbolic tokens out of 16384
 11i,75n,14p,197b,4f stack positions out of 300i,84n,5000p,200b,15f
 29 string compactions (moved 284037 characters, 22988 strings)
18 output files written: data.1 .. data.4013

#################### end of metapost log file ####################
converting scraps ... done
making map ... done
######################## pdftex log file #########################
This is pdfTeX, Version 3.1415926-1.40.10 (Web2C 2009) (format=pdftex 2010.1.2)  26 SEP 2019 19:49
entering extended mode
**data.tex
(./data.tex (./th_enc.tex) (./th_texts.tex) (./th_resources.tex
(c:/Program Files (x86)/Therion/texmf/tex/glyphtounicode.tex))
(./th_fontdef.tex{c:/Program Files (x86)/Therion/texmf/fonts/pdftex.map})
(./th_formdef.tex) (./th_pagedef.tex) (./th_pages.tex)
 54 numeric registers used out of 32768
 [1] ) 
Here is how much of TeX's memory you used:
 251 strings out of 95617
 2543 string characters out of 1171098
 602646 words of memory out of 2051624
 1664 multiletter control sequences out of 15000+50000
 20080 words of font info for 63 fonts, out of 1000000 for 2000
 849 hyphenation exceptions out of 1000
 9i,5n,8p,238b,58s stack positions out of 5000i,500n,10000p,200000b,50000s
<c:/Program Files (x86)/Therion/texmf/fonts/type1/cmss10.pfb><c:/Program 
Files (x86)/Therion/texmf/fonts/type1/cmssi10.pfb>
Output written on data.pdf (1 page, 227028 bytes).
PDF statistics:
 41 PDF objects out of 1000 (max. 8388607)
 0 named destinations out of 1000 (max. 500000)
 83 words of extra memory for PDF output out of 10000 (max. 10000000)


##################### end of pdftex log file #####################
done
writing milly1th.3d ... done
writing xtherion file ... done
compilation time: 4 sec


###################### scrap distortions #######################
 PROJECTION: plan
 AVERAGE  MAXIMAL  SCRAP
   0.01%    0.48%  milly1SP1@milly1
################### end of scrap distortions ###################
